16:29:07 **** Incremental Build of configuration Debug for project tp3_windows ****
Info: Internal Builder is used for build
gcc "-LC:\\Users\\Yeller\\Desktop\\UTN\\eclipse_tp3_v3 SEGURO\\tp3_windows" -o tp3_windows.exe Controller.o Employee.o Input.o main.o parser.o -lLinkedList 
gcc: error: Input.o: No such file or directory
16:30:05 **** Incremental Build of configuration Debug for project tp3_windows ****
Info: Internal Builder is used for build
gcc "-LC:\\Users\\Yeller\\Desktop\\UTN\\eclipse_tp3_v3 SEGURO\\tp3_windows" -o tp3_windows.exe Controller.o Employee.o Input.o main.o parser.o -lLinkedList 
gcc: error: Input.o: No such file or directory
16:30:05 **** Incremental Build of configuration Debug for project tp3_windows ****
Info: Internal Builder is used for build
gcc "-LC:\\Users\\Yeller\\Desktop\\UTN\\eclipse_tp3_v3 SEGURO\\tp3_windows" -o tp3_windows.exe Controller.o Employee.o Input.o main.o parser.o -lLinkedList 
gcc: error: Input.o: No such file or directory
16:30:34 **** Incremental Build of configuration Debug for project tp3_windows ****
Info: Internal Builder is used for build
gcc "-LC:\\Users\\Yeller\\Desktop\\UTN\\eclipse_tp3_v3 SEGURO\\tp3_windows" -o tp3_windows.exe Controller.o Employee.o Input.o main.o parser.o -lLinkedList 
gcc: error: Input.o: No such file or directory
16:31:47 **** Incremental Build of configuration Debug for project tp3_windows ****
Info: Internal Builder is used for build
gcc "-LC:\\Users\\Yeller\\Desktop\\UTN\\eclipse_tp3_v3 SEGURO\\tp3_windows" -o tp3_windows.exe Controller.o Employee.o Input.o main.o parser.o -lLinkedList 
gcc: error: Input.o: No such file or directory
16:32:11 **** Incremental Build of configuration Debug for project tp3_windows ****
Info: Internal Builder is used for build
gcc -O0 -g3 -Wall -c -fmessage-length=0 -o main.o "..\\main.c" 
gcc "-LC:\\Users\\Yeller\\Desktop\\UTN\\eclipse_tp3_v3 SEGURO\\tp3_windows" -o tp3_windows.exe Controller.o Employee.o Input.o main.o parser.o -lLinkedList 
gcc: error: Input.o: No such file or directory
16:32:11 **** Incremental Build of configuration Debug for project tp3_windows ****
Info: Internal Builder is used for build
gcc "-LC:\\Users\\Yeller\\Desktop\\UTN\\eclipse_tp3_v3 SEGURO\\tp3_windows" -o tp3_windows.exe Controller.o Employee.o Input.o main.o parser.o -lLinkedList 
gcc: error: Input.o: No such file or directory
16:32:48 **** Incremental Build of configuration Debug for project tp3_windows ****
Info: Internal Builder is used for build
gcc -O0 -g3 -Wall -c -fmessage-length=0 -o main.o "..\\main.c" 
gcc -O0 -g3 -Wall -c -fmessage-length=0 -o Controller.o "..\\Controller.c" 
gcc "-LC:\\Users\\Yeller\\Desktop\\UTN\\eclipse_tp3_v3 SEGURO\\tp3_windows" -o tp3_windows.exe Controller.o Employee.o Input.o main.o parser.o -lLinkedList 
gcc: error: Input.o: No such file or directory
16:32:50 **** Incremental Build of configuration Debug for project tp3_windows ****
Info: Internal Builder is used for build
gcc "-LC:\\Users\\Yeller\\Desktop\\UTN\\eclipse_tp3_v3 SEGURO\\tp3_windows" -o tp3_windows.exe Controller.o Employee.o Input.o main.o parser.o -lLinkedList 
gcc: error: Input.o: No such file or directory
16:33:43 **** Incremental Build of configuration Debug for project tp3_windows ****
Info: Internal Builder is used for build
gcc -O0 -g3 -Wall -c -fmessage-length=0 -o Controller.o "..\\Controller.c" 
gcc "-LC:\\Users\\Yeller\\Desktop\\UTN\\eclipse_tp3_v3 SEGURO\\tp3_windows" -o tp3_windows.exe Controller.o Employee.o Input.o main.o parser.o -lLinkedList 
gcc: error: Input.o: No such file or directory
16:33:45 **** Incremental Build of configuration Debug for project tp3_windows ****
Info: Internal Builder is used for build
gcc "-LC:\\Users\\Yeller\\Desktop\\UTN\\eclipse_tp3_v3 SEGURO\\tp3_windows" -o tp3_windows.exe Controller.o Employee.o Input.o main.o parser.o -lLinkedList 
gcc: error: Input.o: No such file or directory
16:33:46 **** Incremental Build of configuration Debug for project tp3_windows ****
Info: Internal Builder is used for build
gcc "-LC:\\Users\\Yeller\\Desktop\\UTN\\eclipse_tp3_v3 SEGURO\\tp3_windows" -o tp3_windows.exe Controller.o Employee.o Input.o main.o parser.o -lLinkedList 
gcc: error: Input.o: No such file or directory
16:34:38 **** Incremental Build of configuration Debug for project tp3_windows ****
Info: Internal Builder is used for build
gcc "-LC:\\Users\\Yeller\\Desktop\\UTN\\eclipse_tp3_v3 SEGURO\\tp3_windows" -o tp3_windows.exe Controller.o Employee.o Input.o main.o parser.o -lLinkedList 
gcc: error: Input.o: No such file or directory
16:34:39 **** Incremental Build of configuration Debug for project tp3_windows ****
Info: Internal Builder is used for build
gcc "-LC:\\Users\\Yeller\\Desktop\\UTN\\eclipse_tp3_v3 SEGURO\\tp3_windows" -o tp3_windows.exe Controller.o Employee.o Input.o main.o parser.o -lLinkedList 
gcc: error: Input.o: No such file or directory
16:34:56 **** Incremental Build of configuration Debug for project tp3_windows ****
Info: Internal Builder is used for build
gcc -O0 -g3 -Wall -c -fmessage-length=0 -o main.o "..\\main.c" 
..\main.c:6:10: fatal error: Input.h: No such file or directory
    6 | #include "Input.h"
      |          ^~~~~~~~~
compilation terminated.
16:35:06 **** Incremental Build of configuration Debug for project tp3_windows ****
Info: Internal Builder is used for build
gcc -O0 -g3 -Wall -c -fmessage-length=0 -o main.o "..\\main.c" 
..\main.c:6:10: fatal error: Input.h: No such file or directory
    6 | #include "Input.h"
      |          ^~~~~~~~~
compilation terminated.
16:35:14 **** Incremental Build of configuration Debug for project tp3_windows ****
Info: Internal Builder is used for build
gcc -O0 -g3 -Wall -c -fmessage-length=0 -o main.o "..\\main.c" 
gcc -O0 -g3 -Wall -c -fmessage-length=0 -o Controller.o "..\\Controller.c" 
gcc "-LC:\\Users\\Yeller\\Desktop\\UTN\\eclipse_tp3_v3 SEGURO\\tp3_windows" -o tp3_windows.exe Controller.o Employee.o main.o parser.o -lLinkedList 
Info: Nothing to build for tp3_windows
16:35:39 **** Incremental Build of configuration Debug for project tp3_windows ****
Info: Internal Builder is used for build
gcc -O0 -g3 -Wall -c -fmessage-length=0 -o Controller.o "..\\Controller.c" 
gcc "-LC:\\Users\\Yeller\\Desktop\\UTN\\eclipse_tp3_v3 SEGURO\\tp3_windows" -o tp3_windows.exe Controller.o Employee.o main.o parser.o -lLinkedList 
c:/mingw/bin/../lib/gcc/mingw32/9.2.0/../../../../mingw32/bin/ld.exe: cannot open output file tp3_windows.exe: Permission denied
collect2.exe: error: ld returned 1 exit status
16:35:41 **** Incremental Build of configuration Debug for project tp3_windows ****
Info: Internal Builder is used for build
gcc "-LC:\\Users\\Yeller\\Desktop\\UTN\\eclipse_tp3_v3 SEGURO\\tp3_windows" -o tp3_windows.exe Controller.o Employee.o main.o parser.o -lLinkedList 
Info: Nothing to build for tp3_windows
16:39:17 **** Incremental Build of configuration Debug for project tp3_windows ****
Info: Internal Builder is used for build
gcc -O0 -g3 -Wall -c -fmessage-length=0 -o Input.o "..\\Input.c" 
..\Input.c: In function 'ObtenerString':
..\Input.c:33:7: warning: implicit declaration of function 'LaCadenaEsString' [-Wimplicit-function-declaration]
   33 |    if(LaCadenaEsString(auxiliarString) == -1){
      |       ^~~~~~~~~~~~~~~~
..\Input.c: In function 'ObtenerEntero':
..\Input.c:68:16: warning: implicit declaration of function 'CastearAEntero' [-Wimplicit-function-declaration]
   68 |    respuesta = CastearAEntero(&auxiliarInt);
      |                ^~~~~~~~~~~~~~
..\Input.c: In function 'CastearAEntero':
..\Input.c:105:5: warning: implicit declaration of function 'LaCadenaEsNumerica'; did you mean 'LaCadenaEsString'? [-Wimplicit-function-declaration]
  105 |  if(LaCadenaEsNumerica(auxiliarIngresado)){
      |     ^~~~~~~~~~~~~~~~~~
      |     LaCadenaEsString
..\Input.c: In function 'ObtenerFlotante':
..\Input.c:140:16: warning: implicit declaration of function 'CastearAFlotante' [-Wimplicit-function-declaration]
  140 |    respuesta = CastearAFlotante(&auxiliarFloat);
      |                ^~~~~~~~~~~~~~~~
..\Input.c: In function 'CastearAFlotante':
..\Input.c:157:5: warning: implicit declaration of function 'LaCadenaEsFlotante' [-Wimplicit-function-declaration]
  157 |  if(LaCadenaEsFlotante(auxiliarIngresado)){
      |     ^~~~~~~~~~~~~~~~~~
gcc "-LC:\\Users\\Yeller\\Desktop\\UTN\\eclipse_tp3_v3 SEGURO\\tp3_windows" -o tp3_windows.exe Controller.o Employee.o Input.o main.o parser.o -lLinkedList 
16:40:26 **** Incremental Build of configuration Debug for project tp3_windows ****
Info: Internal Builder is used for build
gcc -O0 -g3 -Wall -c -fmessage-length=0 -o Input.o "..\\Input.c" 
gcc "-LC:\\Users\\Yeller\\Desktop\\UTN\\eclipse_tp3_v3 SEGURO\\tp3_windows" -o tp3_windows.exe Controller.o Employee.o Input.o main.o parser.o -lLinkedList 
16:40:48 **** Incremental Build of configuration Debug for project tp3_windows ****
Info: Internal Builder is used for build
gcc -O0 -g3 -Wall -c -fmessage-length=0 -o Controller.o "..\\Controller.c" 
..\Controller.c: In function 'controller_addEmployee':
..\Controller.c:107:2: warning: implicit declaration of function 'ObtenerString' [-Wimplicit-function-declaration]
  107 |  ObtenerString("Ingrese el nombre","Error", nombre, sizeof(nombre));
      |  ^~~~~~~~~~~~~
..\Controller.c:108:2: warning: implicit declaration of function 'ObtenerEntero' [-Wimplicit-function-declaration]
  108 |  ObtenerEntero(&sueldo,"Ingrese el sueldo");
      |  ^~~~~~~~~~~~~
gcc "-LC:\\Users\\Yeller\\Desktop\\UTN\\eclipse_tp3_v3 SEGURO\\tp3_windows" -o tp3_windows.exe Controller.o Employee.o Input.o main.o parser.o -lLinkedList 
16:41:01 **** Incremental Build of configuration Debug for project tp3_windows ****
Info: Internal Builder is used for build
gcc -O0 -g3 -Wall -c -fmessage-length=0 -o Controller.o "..\\Controller.c" 
gcc -O0 -g3 -Wall -c -fmessage-length=0 -o main.o "..\\main.c" 
gcc "-LC:\\Users\\Yeller\\Desktop\\UTN\\eclipse_tp3_v3 SEGURO\\tp3_windows" -o tp3_windows.exe Controller.o Employee.o Input.o main.o parser.o -lLinkedList 
Info: Nothing to build for tp3_windows
16:41:32 **** Incremental Build of configuration Debug for project tp3_windows ****
Info: Internal Builder is used for build
gcc -O0 -g3 -Wall -c -fmessage-length=0 -o main.o "..\\main.c" 
gcc "-LC:\\Users\\Yeller\\Desktop\\UTN\\eclipse_tp3_v3 SEGURO\\tp3_windows" -o tp3_windows.exe Controller.o Employee.o Input.o main.o parser.o -lLinkedList 
c:/mingw/bin/../lib/gcc/mingw32/9.2.0/../../../../mingw32/bin/ld.exe: cannot open output file tp3_windows.exe: Permission denied
collect2.exe: error: ld returned 1 exit status
16:41:33 **** Incremental Build of configuration Debug for project tp3_windows ****
Info: Internal Builder is used for build
gcc "-LC:\\Users\\Yeller\\Desktop\\UTN\\eclipse_tp3_v3 SEGURO\\tp3_windows" -o tp3_windows.exe Controller.o Employee.o Input.o main.o parser.o -lLinkedList 
16:44:55 **** Incremental Build of configuration Debug for project tp3_windows ****
Info: Internal Builder is used for build
gcc -O0 -g3 -Wall -c -fmessage-length=0 -o Controller.o "..\\Controller.c" 
gcc "-LC:\\Users\\Yeller\\Desktop\\UTN\\eclipse_tp3_v3 SEGURO\\tp3_windows" -o tp3_windows.exe Controller.o Employee.o Input.o main.o parser.o -lLinkedList 
Info: Nothing to build for tp3_windows
16:47:22 **** Incremental Build of configuration Debug for project tp3_windows ****
Info: Internal Builder is used for build
gcc -O0 -g3 -Wall -c -fmessage-length=0 -o Controller.o "..\\Controller.c" 
gcc "-LC:\\Users\\Yeller\\Desktop\\UTN\\eclipse_tp3_v3 SEGURO\\tp3_windows" -o tp3_windows.exe Controller.o Employee.o Input.o main.o parser.o -lLinkedList 
c:/mingw/bin/../lib/gcc/mingw32/9.2.0/../../../../mingw32/bin/ld.exe: cannot open output file tp3_windows.exe: Permission denied
collect2.exe: error: ld returned 1 exit status
16:47:23 **** Incremental Build of configuration Debug for project tp3_windows ****
Info: Internal Builder is used for build
gcc "-LC:\\Users\\Yeller\\Desktop\\UTN\\eclipse_tp3_v3 SEGURO\\tp3_windows" -o tp3_windows.exe Controller.o Employee.o Input.o main.o parser.o -lLinkedList 
16:49:37 **** Incremental Build of configuration Debug for project tp3_windows ****
Info: Internal Builder is used for build
gcc -O0 -g3 -Wall -c -fmessage-length=0 -o Employee.o "..\\Employee.c" 
..\Employee.c: In function 'employee_setNombre':
..\Employee.c:73:52: error: expected identifier before '*' token
   73 |        strncpy(this->nombre , *nombre,sizeof(this->*nombre));
      |                                                    ^
..\Employee.c:73:31: warning: passing argument 2 of 'strncpy' makes pointer from integer without a cast [-Wint-conversion]
   73 |        strncpy(this->nombre , *nombre,sizeof(this->*nombre));
      |                               ^~~~~~~
      |                               |
      |                               char
In file included from ..\Employee.c:2:
c:\mingw\include\string.h:86:40: note: expected 'const char *' but argument is of type 'char'
   86 | _CRTIMP __cdecl __MINGW_NOTHROW  char *strncpy (char *, const char *, size_t);
      |                                        ^~~~~~~
16:53:23 **** Incremental Build of configuration Debug for project tp3_windows ****
Info: Internal Builder is used for build
gcc -O0 -g3 -Wall -c -fmessage-length=0 -o Employee.o "..\\Employee.c" 
gcc "-LC:\\Users\\Yeller\\Desktop\\UTN\\eclipse_tp3_v3 SEGURO\\tp3_windows" -o tp3_windows.exe Controller.o Employee.o Input.o main.o parser.o -lLinkedList 
c:/mingw/bin/../lib/gcc/mingw32/9.2.0/../../../../mingw32/bin/ld.exe: cannot open output file tp3_windows.exe: Permission denied
collect2.exe: error: ld returned 1 exit status
16:56:34 **** Incremental Build of configuration Debug for project tp3_windows ****
Info: Internal Builder is used for build
gcc -O0 -g3 -Wall -c -fmessage-length=0 -o Employee.o "..\\Employee.c" 
gcc "-LC:\\Users\\Yeller\\Desktop\\UTN\\eclipse_tp3_v3 SEGURO\\tp3_windows" -o tp3_windows.exe Controller.o Employee.o Input.o main.o parser.o -lLinkedList 
Info: Nothing to build for tp3_windows
16:57:51 **** Incremental Build of configuration Debug for project tp3_windows ****
Info: Internal Builder is used for build
gcc -O0 -g3 -Wall -c -fmessage-length=0 -o Controller.o "..\\Controller.c" 
gcc "-LC:\\Users\\Yeller\\Desktop\\UTN\\eclipse_tp3_v3 SEGURO\\tp3_windows" -o tp3_windows.exe Controller.o Employee.o Input.o main.o parser.o -lLinkedList 
c:/mingw/bin/../lib/gcc/mingw32/9.2.0/../../../../mingw32/bin/ld.exe: cannot open output file tp3_windows.exe: Permission denied
collect2.exe: error: ld returned 1 exit status
16:57:51 **** Incremental Build of configuration Debug for project tp3_windows ****
Info: Internal Builder is used for build
gcc "-LC:\\Users\\Yeller\\Desktop\\UTN\\eclipse_tp3_v3 SEGURO\\tp3_windows" -o tp3_windows.exe Controller.o Employee.o Input.o main.o parser.o -lLinkedList 
16:58:17 **** Incremental Build of configuration Debug for project tp3_windows ****
Info: Internal Builder is used for build
gcc -O0 -g3 -Wall -c -fmessage-length=0 -o Controller.o "..\\Controller.c" 
gcc "-LC:\\Users\\Yeller\\Desktop\\UTN\\eclipse_tp3_v3 SEGURO\\tp3_windows" -o tp3_windows.exe Controller.o Employee.o Input.o main.o parser.o -lLinkedList 
c:/mingw/bin/../lib/gcc/mingw32/9.2.0/../../../../mingw32/bin/ld.exe: cannot open output file tp3_windows.exe: Permission denied
collect2.exe: error: ld returned 1 exit status
16:58:17 **** Incremental Build of configuration Debug for project tp3_windows ****
Info: Internal Builder is used for build
gcc "-LC:\\Users\\Yeller\\Desktop\\UTN\\eclipse_tp3_v3 SEGURO\\tp3_windows" -o tp3_windows.exe Controller.o Employee.o Input.o main.o parser.o -lLinkedList 
16:58:36 **** Incremental Build of configuration Debug for project tp3_windows ****
Info: Internal Builder is used for build
gcc -O0 -g3 -Wall -c -fmessage-length=0 -o Controller.o "..\\Controller.c" 
gcc "-LC:\\Users\\Yeller\\Desktop\\UTN\\eclipse_tp3_v3 SEGURO\\tp3_windows" -o tp3_windows.exe Controller.o Employee.o Input.o main.o parser.o -lLinkedList 
c:/mingw/bin/../lib/gcc/mingw32/9.2.0/../../../../mingw32/bin/ld.exe: cannot open output file tp3_windows.exe: Permission denied
collect2.exe: error: ld returned 1 exit status
16:58:37 **** Incremental Build of configuration Debug for project tp3_windows ****
Info: Internal Builder is used for build
gcc "-LC:\\Users\\Yeller\\Desktop\\UTN\\eclipse_tp3_v3 SEGURO\\tp3_windows" -o tp3_windows.exe Controller.o Employee.o Input.o main.o parser.o -lLinkedList 
17:00:00 **** Incremental Build of configuration Debug for project tp3_windows ****
Info: Internal Builder is used for build
gcc -O0 -g3 -Wall -c -fmessage-length=0 -o Controller.o "..\\Controller.c" 
gcc "-LC:\\Users\\Yeller\\Desktop\\UTN\\eclipse_tp3_v3 SEGURO\\tp3_windows" -o tp3_windows.exe Controller.o Employee.o Input.o main.o parser.o -lLinkedList 
c:/mingw/bin/../lib/gcc/mingw32/9.2.0/../../../../mingw32/bin/ld.exe: cannot open output file tp3_windows.exe: Permission denied
collect2.exe: error: ld returned 1 exit status
17:00:01 **** Incremental Build of configuration Debug for project tp3_windows ****
Info: Internal Builder is used for build
gcc "-LC:\\Users\\Yeller\\Desktop\\UTN\\eclipse_tp3_v3 SEGURO\\tp3_windows" -o tp3_windows.exe Controller.o Employee.o Input.o main.o parser.o -lLinkedList 
17:03:47 **** Incremental Build of configuration Debug for project tp3_windows ****
Info: Internal Builder is used for build
gcc -O0 -g3 -Wall -c -fmessage-length=0 -o Controller.o "..\\Controller.c" 
gcc "-LC:\\Users\\Yeller\\Desktop\\UTN\\eclipse_tp3_v3 SEGURO\\tp3_windows" -o tp3_windows.exe Controller.o Employee.o Input.o main.o parser.o -lLinkedList 
Info: Nothing to build for tp3_windows
17:04:23 **** Incremental Build of configuration Debug for project tp3_windows ****
Info: Internal Builder is used for build
gcc -O0 -g3 -Wall -c -fmessage-length=0 -o Controller.o "..\\Controller.c" 
gcc "-LC:\\Users\\Yeller\\Desktop\\UTN\\eclipse_tp3_v3 SEGURO\\tp3_windows" -o tp3_windows.exe Controller.o Employee.o Input.o main.o parser.o -lLinkedList 
c:/mingw/bin/../lib/gcc/mingw32/9.2.0/../../../../mingw32/bin/ld.exe: cannot open output file tp3_windows.exe: Permission denied
collect2.exe: error: ld returned 1 exit status
17:04:24 **** Incremental Build of configuration Debug for project tp3_windows ****
Info: Internal Builder is used for build
gcc "-LC:\\Users\\Yeller\\Desktop\\UTN\\eclipse_tp3_v3 SEGURO\\tp3_windows" -o tp3_windows.exe Controller.o Employee.o Input.o main.o parser.o -lLinkedList 
17:04:40 **** Incremental Build of configuration Debug for project tp3_windows ****
Info: Internal Builder is used for build
gcc -O0 -g3 -Wall -c -fmessage-length=0 -o Controller.o "..\\Controller.c" 
gcc "-LC:\\Users\\Yeller\\Desktop\\UTN\\eclipse_tp3_v3 SEGURO\\tp3_windows" -o tp3_windows.exe Controller.o Employee.o Input.o main.o parser.o -lLinkedList 
c:/mingw/bin/../lib/gcc/mingw32/9.2.0/../../../../mingw32/bin/ld.exe: cannot open output file tp3_windows.exe: Permission denied
collect2.exe: error: ld returned 1 exit status
17:04:40 **** Incremental Build of configuration Debug for project tp3_windows ****
Info: Internal Builder is used for build
gcc "-LC:\\Users\\Yeller\\Desktop\\UTN\\eclipse_tp3_v3 SEGURO\\tp3_windows" -o tp3_windows.exe Controller.o Employee.o Input.o main.o parser.o -lLinkedList 
17:05:12 **** Incremental Build of configuration Debug for project tp3_windows ****
Info: Internal Builder is used for build
gcc -O0 -g3 -Wall -c -fmessage-length=0 -o Controller.o "..\\Controller.c" 
gcc "-LC:\\Users\\Yeller\\Desktop\\UTN\\eclipse_tp3_v3 SEGURO\\tp3_windows" -o tp3_windows.exe Controller.o Employee.o Input.o main.o parser.o -lLinkedList 
c:/mingw/bin/../lib/gcc/mingw32/9.2.0/../../../../mingw32/bin/ld.exe: cannot open output file tp3_windows.exe: Permission denied
collect2.exe: error: ld returned 1 exit status
17:05:12 **** Incremental Build of configuration Debug for project tp3_windows ****
Info: Internal Builder is used for build
gcc "-LC:\\Users\\Yeller\\Desktop\\UTN\\eclipse_tp3_v3 SEGURO\\tp3_windows" -o tp3_windows.exe Controller.o Employee.o Input.o main.o parser.o -lLinkedList 
17:05:44 **** Incremental Build of configuration Debug for project tp3_windows ****
Info: Internal Builder is used for build
gcc -O0 -g3 -Wall -c -fmessage-length=0 -o Controller.o "..\\Controller.c" 
gcc "-LC:\\Users\\Yeller\\Desktop\\UTN\\eclipse_tp3_v3 SEGURO\\tp3_windows" -o tp3_windows.exe Controller.o Employee.o Input.o main.o parser.o -lLinkedList 
c:/mingw/bin/../lib/gcc/mingw32/9.2.0/../../../../mingw32/bin/ld.exe: cannot open output file tp3_windows.exe: Permission denied
collect2.exe: error: ld returned 1 exit status
17:05:45 **** Incremental Build of configuration Debug for project tp3_windows ****
Info: Internal Builder is used for build
gcc "-LC:\\Users\\Yeller\\Desktop\\UTN\\eclipse_tp3_v3 SEGURO\\tp3_windows" -o tp3_windows.exe Controller.o Employee.o Input.o main.o parser.o -lLinkedList 
17:06:18 **** Incremental Build of configuration Debug for project tp3_windows ****
Info: Internal Builder is used for build
gcc -O0 -g3 -Wall -c -fmessage-length=0 -o Controller.o "..\\Controller.c" 
gcc "-LC:\\Users\\Yeller\\Desktop\\UTN\\eclipse_tp3_v3 SEGURO\\tp3_windows" -o tp3_windows.exe Controller.o Employee.o Input.o main.o parser.o -lLinkedList 
c:/mingw/bin/../lib/gcc/mingw32/9.2.0/../../../../mingw32/bin/ld.exe: cannot open output file tp3_windows.exe: Permission denied
collect2.exe: error: ld returned 1 exit status
17:06:19 **** Incremental Build of configuration Debug for project tp3_windows ****
Info: Internal Builder is used for build
gcc "-LC:\\Users\\Yeller\\Desktop\\UTN\\eclipse_tp3_v3 SEGURO\\tp3_windows" -o tp3_windows.exe Controller.o Employee.o Input.o main.o parser.o -lLinkedList 
17:06:57 **** Incremental Build of configuration Debug for project tp3_windows ****
Info: Internal Builder is used for build
gcc -O0 -g3 -Wall -c -fmessage-length=0 -o Controller.o "..\\Controller.c" 
gcc "-LC:\\Users\\Yeller\\Desktop\\UTN\\eclipse_tp3_v3 SEGURO\\tp3_windows" -o tp3_windows.exe Controller.o Employee.o Input.o main.o parser.o -lLinkedList 
c:/mingw/bin/../lib/gcc/mingw32/9.2.0/../../../../mingw32/bin/ld.exe: cannot open output file tp3_windows.exe: Permission denied
collect2.exe: error: ld returned 1 exit status
17:06:57 **** Incremental Build of configuration Debug for project tp3_windows ****
Info: Internal Builder is used for build
gcc "-LC:\\Users\\Yeller\\Desktop\\UTN\\eclipse_tp3_v3 SEGURO\\tp3_windows" -o tp3_windows.exe Controller.o Employee.o Input.o main.o parser.o -lLinkedList 
17:07:16 **** Incremental Build of configuration Debug for project tp3_windows ****
Info: Internal Builder is used for build
gcc -O0 -g3 -Wall -c -fmessage-length=0 -o Controller.o "..\\Controller.c" 
gcc "-LC:\\Users\\Yeller\\Desktop\\UTN\\eclipse_tp3_v3 SEGURO\\tp3_windows" -o tp3_windows.exe Controller.o Employee.o Input.o main.o parser.o -lLinkedList 
c:/mingw/bin/../lib/gcc/mingw32/9.2.0/../../../../mingw32/bin/ld.exe: cannot open output file tp3_windows.exe: Permission denied
collect2.exe: error: ld returned 1 exit status
17:07:17 **** Incremental Build of configuration Debug for project tp3_windows ****
Info: Internal Builder is used for build
gcc "-LC:\\Users\\Yeller\\Desktop\\UTN\\eclipse_tp3_v3 SEGURO\\tp3_windows" -o tp3_windows.exe Controller.o Employee.o Input.o main.o parser.o -lLinkedList 
17:07:50 **** Incremental Build of configuration Debug for project tp3_windows ****
Info: Internal Builder is used for build
gcc -O0 -g3 -Wall -c -fmessage-length=0 -o Controller.o "..\\Controller.c" 
gcc "-LC:\\Users\\Yeller\\Desktop\\UTN\\eclipse_tp3_v3 SEGURO\\tp3_windows" -o tp3_windows.exe Controller.o Employee.o Input.o main.o parser.o -lLinkedList 
c:/mingw/bin/../lib/gcc/mingw32/9.2.0/../../../../mingw32/bin/ld.exe: cannot open output file tp3_windows.exe: Permission denied
collect2.exe: error: ld returned 1 exit status
17:07:50 **** Incremental Build of configuration Debug for project tp3_windows ****
Info: Internal Builder is used for build
gcc "-LC:\\Users\\Yeller\\Desktop\\UTN\\eclipse_tp3_v3 SEGURO\\tp3_windows" -o tp3_windows.exe Controller.o Employee.o Input.o main.o parser.o -lLinkedList 
17:08:13 **** Incremental Build of configuration Debug for project tp3_windows ****
Info: Internal Builder is used for build
gcc -O0 -g3 -Wall -c -fmessage-length=0 -o Controller.o "..\\Controller.c" 
gcc "-LC:\\Users\\Yeller\\Desktop\\UTN\\eclipse_tp3_v3 SEGURO\\tp3_windows" -o tp3_windows.exe Controller.o Employee.o Input.o main.o parser.o -lLinkedList 
c:/mingw/bin/../lib/gcc/mingw32/9.2.0/../../../../mingw32/bin/ld.exe: cannot open output file tp3_windows.exe: Permission denied
collect2.exe: error: ld returned 1 exit status
17:08:13 **** Incremental Build of configuration Debug for project tp3_windows ****
Info: Internal Builder is used for build
gcc "-LC:\\Users\\Yeller\\Desktop\\UTN\\eclipse_tp3_v3 SEGURO\\tp3_windows" -o tp3_windows.exe Controller.o Employee.o Input.o main.o parser.o -lLinkedList 
17:08:33 **** Incremental Build of configuration Debug for project tp3_windows ****
Info: Internal Builder is used for build
gcc -O0 -g3 -Wall -c -fmessage-length=0 -o Controller.o "..\\Controller.c" 
gcc "-LC:\\Users\\Yeller\\Desktop\\UTN\\eclipse_tp3_v3 SEGURO\\tp3_windows" -o tp3_windows.exe Controller.o Employee.o Input.o main.o parser.o -lLinkedList 
c:/mingw/bin/../lib/gcc/mingw32/9.2.0/../../../../mingw32/bin/ld.exe: cannot open output file tp3_windows.exe: Permission denied
collect2.exe: error: ld returned 1 exit status
17:08:34 **** Incremental Build of configuration Debug for project tp3_windows ****
Info: Internal Builder is used for build
gcc "-LC:\\Users\\Yeller\\Desktop\\UTN\\eclipse_tp3_v3 SEGURO\\tp3_windows" -o tp3_windows.exe Controller.o Employee.o Input.o main.o parser.o -lLinkedList 
17:08:45 **** Incremental Build of configuration Debug for project tp3_windows ****
Info: Internal Builder is used for build
gcc -O0 -g3 -Wall -c -fmessage-length=0 -o Controller.o "..\\Controller.c" 
gcc "-LC:\\Users\\Yeller\\Desktop\\UTN\\eclipse_tp3_v3 SEGURO\\tp3_windows" -o tp3_windows.exe Controller.o Employee.o Input.o main.o parser.o -lLinkedList 
c:/mingw/bin/../lib/gcc/mingw32/9.2.0/../../../../mingw32/bin/ld.exe: cannot open output file tp3_windows.exe: Permission denied
collect2.exe: error: ld returned 1 exit status
17:08:46 **** Incremental Build of configuration Debug for project tp3_windows ****
Info: Internal Builder is used for build
gcc "-LC:\\Users\\Yeller\\Desktop\\UTN\\eclipse_tp3_v3 SEGURO\\tp3_windows" -o tp3_windows.exe Controller.o Employee.o Input.o main.o parser.o -lLinkedList 
Info: Nothing to build for tp3_windows
17:11:05 **** Incremental Build of configuration Debug for project tp3_windows ****
Info: Internal Builder is used for build
gcc -O0 -g3 -Wall -c -fmessage-length=0 -o Controller.o "..\\Controller.c" 
gcc "-LC:\\Users\\Yeller\\Desktop\\UTN\\eclipse_tp3_v3 SEGURO\\tp3_windows" -o tp3_windows.exe Controller.o Employee.o Input.o main.o parser.o -lLinkedList 
c:/mingw/bin/../lib/gcc/mingw32/9.2.0/../../../../mingw32/bin/ld.exe: cannot open output file tp3_windows.exe: Permission denied
collect2.exe: error: ld returned 1 exit status
17:11:06 **** Incremental Build of configuration Debug for project tp3_windows ****
Info: Internal Builder is used for build
gcc "-LC:\\Users\\Yeller\\Desktop\\UTN\\eclipse_tp3_v3 SEGURO\\tp3_windows" -o tp3_windows.exe Controller.o Employee.o Input.o main.o parser.o -lLinkedList 
17:18:42 **** Incremental Build of configuration Debug for project tp3_windows ****
Info: Internal Builder is used for build
gcc -O0 -g3 -Wall -c -fmessage-length=0 -o Controller.o "..\\Controller.c" 
..\Controller.c: In function 'controller_nextID':
..\Controller.c:56:9: warning: unused variable 'i' [-Wunused-variable]
   56 |     int i;
      |         ^
..\Controller.c: In function 'controller_editEmployee':
..\Controller.c:131:18: warning: passing argument 1 of 'employee_getId' from incompatible pointer type [-Wincompatible-pointer-types]
  131 |   employee_getId(pArrayListEmployee, id);
      |                  ^~~~~~~~~~~~~~~~~~
      |                  |
      |                  LinkedList * {aka struct LinkedList *}
In file included from ..\Controller.c:4:
..\Employee.h:16:30: note: expected 'Employee *' {aka 'struct <anonymous> *'} but argument is of type 'LinkedList *' {aka 'struct LinkedList *'}
   16 | int employee_getId(Employee* this,int* id);
      |                    ~~~~~~~~~~^~~~
..\Controller.c:131:38: warning: passing argument 2 of 'employee_getId' makes pointer from integer without a cast [-Wint-conversion]
  131 |   employee_getId(pArrayListEmployee, id);
      |                                      ^~
      |                                      |
      |                                      int
In file included from ..\Controller.c:4:
..\Employee.h:16:40: note: expected 'int *' but argument is of type 'int'
   16 | int employee_getId(Employee* this,int* id);
      |                                   ~~~~~^~
gcc "-LC:\\Users\\Yeller\\Desktop\\UTN\\eclipse_tp3_v3 SEGURO\\tp3_windows" -o tp3_windows.exe Controller.o Employee.o Input.o main.o parser.o -lLinkedList 
c:/mingw/bin/../lib/gcc/mingw32/9.2.0/../../../../mingw32/bin/ld.exe: cannot open output file tp3_windows.exe: Permission denied
collect2.exe: error: ld returned 1 exit status
17:18:51 **** Incremental Build of configuration Debug for project tp3_windows ****
Info: Internal Builder is used for build
gcc -O0 -g3 -Wall -c -fmessage-length=0 -o Controller.o "..\\Controller.c" 
..\Controller.c: In function 'controller_nextID':
..\Controller.c:56:9: warning: unused variable 'i' [-Wunused-variable]
   56 |     int i;
      |         ^
..\Controller.c: In function 'controller_editEmployee':
..\Controller.c:131:38: error: invalid type argument of unary '*' (have 'int')
  131 |   employee_getId(pArrayListEmployee, *id);
      |                                      ^~~
..\Controller.c:131:18: warning: passing argument 1 of 'employee_getId' from incompatible pointer type [-Wincompatible-pointer-types]
  131 |   employee_getId(pArrayListEmployee, *id);
      |                  ^~~~~~~~~~~~~~~~~~
      |                  |
      |                  LinkedList * {aka struct LinkedList *}
In file included from ..\Controller.c:4:
..\Employee.h:16:30: note: expected 'Employee *' {aka 'struct <anonymous> *'} but argument is of type 'LinkedList *' {aka 'struct LinkedList *'}
   16 | int employee_getId(Employee* this,int* id);
      |                    ~~~~~~~~~~^~~~
17:18:53 **** Incremental Build of configuration Debug for project tp3_windows ****
Info: Internal Builder is used for build
gcc -O0 -g3 -Wall -c -fmessage-length=0 -o Controller.o "..\\Controller.c" 
..\Controller.c: In function 'controller_nextID':
..\Controller.c:56:9: warning: unused variable 'i' [-Wunused-variable]
   56 |     int i;
      |         ^
..\Controller.c: In function 'controller_editEmployee':
..\Controller.c:131:38: error: invalid type argument of unary '*' (have 'int')
  131 |   employee_getId(pArrayListEmployee, *id);
      |                                      ^~~
..\Controller.c:131:18: warning: passing argument 1 of 'employee_getId' from incompatible pointer type [-Wincompatible-pointer-types]
  131 |   employee_getId(pArrayListEmployee, *id);
      |                  ^~~~~~~~~~~~~~~~~~
      |                  |
      |                  LinkedList * {aka struct LinkedList *}
In file included from ..\Controller.c:4:
..\Employee.h:16:30: note: expected 'Employee *' {aka 'struct <anonymous> *'} but argument is of type 'LinkedList *' {aka 'struct LinkedList *'}
   16 | int employee_getId(Employee* this,int* id);
      |                    ~~~~~~~~~~^~~~
17:18:57 **** Incremental Build of configuration Debug for project tp3_windows ****
Info: Internal Builder is used for build
gcc -O0 -g3 -Wall -c -fmessage-length=0 -o Controller.o "..\\Controller.c" 
..\Controller.c: In function 'controller_nextID':
..\Controller.c:56:9: warning: unused variable 'i' [-Wunused-variable]
   56 |     int i;
      |         ^
..\Controller.c: In function 'controller_editEmployee':
..\Controller.c:131:18: error: incompatible type for argument 1 of 'employee_getId'
  131 |   employee_getId(*pArrayListEmployee, id);
      |                  ^~~~~~~~~~~~~~~~~~~
      |                  |
      |                  LinkedList {aka struct LinkedList}
In file included from ..\Controller.c:4:
..\Employee.h:16:30: note: expected 'Employee *' {aka 'struct <anonymous> *'} but argument is of type 'LinkedList' {aka 'struct LinkedList'}
   16 | int employee_getId(Employee* this,int* id);
      |                    ~~~~~~~~~~^~~~
..\Controller.c:131:39: warning: passing argument 2 of 'employee_getId' makes pointer from integer without a cast [-Wint-conversion]
  131 |   employee_getId(*pArrayListEmployee, id);
      |                                       ^~
      |                                       |
      |                                       int
In file included from ..\Controller.c:4:
..\Employee.h:16:40: note: expected 'int *' but argument is of type 'int'
   16 | int employee_getId(Employee* this,int* id);
      |                                   ~~~~~^~
17:19:01 **** Incremental Build of configuration Debug for project tp3_windows ****
Info: Internal Builder is used for build
gcc -O0 -g3 -Wall -c -fmessage-length=0 -o Controller.o "..\\Controller.c" 
..\Controller.c: In function 'controller_nextID':
..\Controller.c:56:9: warning: unused variable 'i' [-Wunused-variable]
   56 |     int i;
      |         ^
..\Controller.c: In function 'controller_editEmployee':
..\Controller.c:131:39: error: invalid type argument of unary '*' (have 'int')
  131 |   employee_getId(*pArrayListEmployee, *id);
      |                                       ^~~
..\Controller.c:131:18: error: incompatible type for argument 1 of 'employee_getId'
  131 |   employee_getId(*pArrayListEmployee, *id);
      |                  ^~~~~~~~~~~~~~~~~~~
      |                  |
      |                  LinkedList {aka struct LinkedList}
In file included from ..\Controller.c:4:
..\Employee.h:16:30: note: expected 'Employee *' {aka 'struct <anonymous> *'} but argument is of type 'LinkedList' {aka 'struct LinkedList'}
   16 | int employee_getId(Employee* this,int* id);
      |                    ~~~~~~~~~~^~~~
17:19:21 **** Incremental Build of configuration Debug for project tp3_windows ****
Info: Internal Builder is used for build
gcc -O0 -g3 -Wall -c -fmessage-length=0 -o Controller.o "..\\Controller.c" 
..\Controller.c: In function 'controller_nextID':
..\Controller.c:56:9: warning: unused variable 'i' [-Wunused-variable]
   56 |     int i;
      |         ^
..\Controller.c: In function 'controller_editEmployee':
..\Controller.c:133:18: warning: passing argument 1 of 'employee_getId' from incompatible pointer type [-Wincompatible-pointer-types]
  133 |   employee_getId(pArrayListEmployee, &auxId);
      |                  ^~~~~~~~~~~~~~~~~~
      |                  |
      |                  LinkedList * {aka struct LinkedList *}
In file included from ..\Controller.c:4:
..\Employee.h:16:30: note: expected 'Employee *' {aka 'struct <anonymous> *'} but argument is of type 'LinkedList *' {aka 'struct LinkedList *'}
   16 | int employee_getId(Employee* this,int* id);
      |                    ~~~~~~~~~~^~~~
gcc "-LC:\\Users\\Yeller\\Desktop\\UTN\\eclipse_tp3_v3 SEGURO\\tp3_windows" -o tp3_windows.exe Controller.o Employee.o Input.o main.o parser.o -lLinkedList 
c:/mingw/bin/../lib/gcc/mingw32/9.2.0/../../../../mingw32/bin/ld.exe: cannot open output file tp3_windows.exe: Permission denied
collect2.exe: error: ld returned 1 exit status
17:19:43 **** Incremental Build of configuration Debug for project tp3_windows ****
Info: Internal Builder is used for build
gcc -O0 -g3 -Wall -c -fmessage-length=0 -o Controller.o "..\\Controller.c" 
..\Controller.c: In function 'controller_nextID':
..\Controller.c:56:9: warning: unused variable 'i' [-Wunused-variable]
   56 |     int i;
      |         ^
..\Controller.c: In function 'controller_editEmployee':
..\Controller.c:133:39: error: 'Id' undeclared (first use in this function); did you mean 'id'?
  133 |   employee_getId(pArrayListEmployee, &Id);
      |                                       ^~
      |                                       id
..\Controller.c:133:39: note: each undeclared identifier is reported only once for each function it appears in
..\Controller.c:133:18: warning: passing argument 1 of 'employee_getId' from incompatible pointer type [-Wincompatible-pointer-types]
  133 |   employee_getId(pArrayListEmployee, &Id);
      |                  ^~~~~~~~~~~~~~~~~~
      |                  |
      |                  LinkedList * {aka struct LinkedList *}
In file included from ..\Controller.c:4:
..\Employee.h:16:30: note: expected 'Employee *' {aka 'struct <anonymous> *'} but argument is of type 'LinkedList *' {aka 'struct LinkedList *'}
   16 | int employee_getId(Employee* this,int* id);
      |                    ~~~~~~~~~~^~~~
..\Controller.c:128:6: warning: unused variable 'auxId' [-Wunused-variable]
  128 |  int auxId;
      |      ^~~~~
17:19:47 **** Incremental Build of configuration Debug for project tp3_windows ****
Info: Internal Builder is used for build
gcc -O0 -g3 -Wall -c -fmessage-length=0 -o Controller.o "..\\Controller.c" 
..\Controller.c: In function 'controller_nextID':
..\Controller.c:56:9: warning: unused variable 'i' [-Wunused-variable]
   56 |     int i;
      |         ^
..\Controller.c: In function 'controller_editEmployee':
..\Controller.c:133:18: warning: passing argument 1 of 'employee_getId' from incompatible pointer type [-Wincompatible-pointer-types]
  133 |   employee_getId(pArrayListEmployee, &auxId);
      |                  ^~~~~~~~~~~~~~~~~~
      |                  |
      |                  LinkedList * {aka struct LinkedList *}
In file included from ..\Controller.c:4:
..\Employee.h:16:30: note: expected 'Employee *' {aka 'struct <anonymous> *'} but argument is of type 'LinkedList *' {aka 'struct LinkedList *'}
   16 | int employee_getId(Employee* this,int* id);
      |                    ~~~~~~~~~~^~~~
gcc "-LC:\\Users\\Yeller\\Desktop\\UTN\\eclipse_tp3_v3 SEGURO\\tp3_windows" -o tp3_windows.exe Controller.o Employee.o Input.o main.o parser.o -lLinkedList 
c:/mingw/bin/../lib/gcc/mingw32/9.2.0/../../../../mingw32/bin/ld.exe: cannot open output file tp3_windows.exe: Permission denied
collect2.exe: error: ld returned 1 exit status
17:20:19 **** Incremental Build of configuration Debug for project tp3_windows ****
Info: Internal Builder is used for build
gcc -O0 -g3 -Wall -c -fmessage-length=0 -o Controller.o "..\\Controller.c" 
..\Controller.c: In function 'controller_nextID':
..\Controller.c:56:9: warning: unused variable 'i' [-Wunused-variable]
   56 |     int i;
      |         ^
..\Controller.c: In function 'controller_editEmployee':
..\Controller.c:133:3: warning: 'empleado' may be used uninitialized in this function [-Wmaybe-uninitialized]
  133 |   employee_getId(empleado, &auxId);
      |   ^~~~~~~~~~~~~~~~~~~~~~~~~~~~~~~~
gcc "-LC:\\Users\\Yeller\\Desktop\\UTN\\eclipse_tp3_v3 SEGURO\\tp3_windows" -o tp3_windows.exe Controller.o Employee.o Input.o main.o parser.o -lLinkedList 
c:/mingw/bin/../lib/gcc/mingw32/9.2.0/../../../../mingw32/bin/ld.exe: cannot open output file tp3_windows.exe: Permission denied
collect2.exe: error: ld returned 1 exit status
17:22:28 **** Incremental Build of configuration Debug for project tp3_windows ****
Info: Internal Builder is used for build
gcc -O0 -g3 -Wall -c -fmessage-length=0 -o Controller.o "..\\Controller.c" 
..\Controller.c: In function 'controller_nextID':
..\Controller.c:56:9: warning: unused variable 'i' [-Wunused-variable]
   56 |     int i;
      |         ^
..\Controller.c: In function 'controller_editEmployee':
..\Controller.c:225:1: error: expected declaration or statement at end of input
  225 | }
      | ^
..\Controller.c:225:1: warning: control reaches end of non-void function [-Wreturn-type]
  225 | }
      | ^
At top level:
..\Controller.c:222:5: warning: 'controller_saveAsBinary' defined but not used [-Wunused-function]
  222 | int controller_saveAsBinary(char* path , LinkedList* pArrayListEmployee)
      |     ^~~~~~~~~~~~~~~~~~~~~~~
..\Controller.c:210:5: warning: 'controller_saveAsText' defined but not used [-Wunused-function]
  210 | int controller_saveAsText(char* path , LinkedList* pArrayListEmployee)
      |     ^~~~~~~~~~~~~~~~~~~~~
..\Controller.c:198:5: warning: 'controller_sortEmployee' defined but not used [-Wunused-function]
  198 | int controller_sortEmployee(LinkedList* pArrayListEmployee)
      |     ^~~~~~~~~~~~~~~~~~~~~~~
..\Controller.c:160:5: warning: 'controller_ListEmployee' defined but not used [-Wunused-function]
  160 | int controller_ListEmployee(LinkedList* pArrayListEmployee)
      |     ^~~~~~~~~~~~~~~~~~~~~~~
..\Controller.c:148:5: warning: 'controller_removeEmployee' defined but not used [-Wunused-function]
  148 | int controller_removeEmployee(LinkedList* pArrayListEmployee)
      |     ^~~~~~~~~~~~~~~~~~~~~~~~~
17:22:44 **** Incremental Build of configuration Debug for project tp3_windows ****
Info: Internal Builder is used for build
gcc -O0 -g3 -Wall -c -fmessage-length=0 -o Controller.o "..\\Controller.c" 
..\Controller.c: In function 'controller_nextID':
..\Controller.c:56:9: warning: unused variable 'i' [-Wunused-variable]
   56 |     int i;
      |         ^
..\Controller.c: In function 'controller_editEmployee':
..\Controller.c:140:1: warning: control reaches end of non-void function [-Wreturn-type]
  140 | }
      | ^
gcc "-LC:\\Users\\Yeller\\Desktop\\UTN\\eclipse_tp3_v3 SEGURO\\tp3_windows" -o tp3_windows.exe Controller.o Employee.o Input.o main.o parser.o -lLinkedList 
17:23:29 **** Incremental Build of configuration Debug for project tp3_windows ****
Info: Internal Builder is used for build
gcc -O0 -g3 -Wall -c -fmessage-length=0 -o Controller.o "..\\Controller.c" 
..\Controller.c: In function 'controller_nextID':
..\Controller.c:56:9: warning: unused variable 'i' [-Wunused-variable]
   56 |     int i;
      |         ^
gcc "-LC:\\Users\\Yeller\\Desktop\\UTN\\eclipse_tp3_v3 SEGURO\\tp3_windows" -o tp3_windows.exe Controller.o Employee.o Input.o main.o parser.o -lLinkedList 
Info: Nothing to build for tp3_windows
17:35:31 **** Incremental Build of configuration Debug for project tp3_windows ****
Info: Internal Builder is used for build
gcc -O0 -g3 -Wall -c -fmessage-length=0 -o Controller.o "..\\Controller.c" 
..\Controller.c: In function 'controller_nextID':
..\Controller.c:56:9: warning: unused variable 'i' [-Wunused-variable]
   56 |     int i;
      |         ^
..\Controller.c: In function 'controller_addEmployee':
..\Controller.c:107:4: warning: implicit declaration of function 'stringToUpper' [-Wimplicit-function-declaration]
  107 |    stringToUpper(nombre);
      |    ^~~~~~~~~~~~~
..\Controller.c: At top level:
..\Controller.c:183:5: error: redefinition of 'controller_editEmployee'
  183 | int controller_editEmployee(LinkedList* pArrayListEmployee)
      |     ^~~~~~~~~~~~~~~~~~~~~~~
..\Controller.c:125:5: note: previous definition of 'controller_editEmployee' was here
  125 | int controller_editEmployee(LinkedList* pArrayListEmployee){
      |     ^~~~~~~~~~~~~~~~~~~~~~~
..\Controller.c: In function 'controller_editEmployee':
..\Controller.c:207:15: warning: implicit declaration of function 'esNumerico' [-Wimplicit-function-declaration]
  207 |         while(esNumerico(idChar)==0)
      |               ^~~~~~~~~~
..\Controller.c:246:27: warning: implicit declaration of function 'esSoloLetras' [-Wimplicit-function-declaration]
  246 |                     while(esSoloLetras(nombreChar)==0)
      |                           ^~~~~~~~~~~~
17:35:52 **** Incremental Build of configuration Debug for project tp3_windows ****
Info: Internal Builder is used for build
gcc -O0 -g3 -Wall -c -fmessage-length=0 -o Controller.o "..\\Controller.c" 
..\Controller.c: In function 'controller_nextID':
..\Controller.c:56:9: warning: unused variable 'i' [-Wunused-variable]
   56 |     int i;
      |         ^
..\Controller.c: In function 'controller_addEmployee':
..\Controller.c:107:4: warning: implicit declaration of function 'stringToUpper' [-Wimplicit-function-declaration]
  107 |    stringToUpper(nombre);
      |    ^~~~~~~~~~~~~
gcc "-LC:\\Users\\Yeller\\Desktop\\UTN\\eclipse_tp3_v3 SEGURO\\tp3_windows" -o tp3_windows.exe Controller.o Employee.o Input.o main.o parser.o -lLinkedList 
c:/mingw/bin/../lib/gcc/mingw32/9.2.0/../../../../mingw32/bin/ld.exe: Controller.o: in function `controller_addEmployee':
C:\Users\Yeller\Desktop\UTN\eclipse_tp3_v3 SEGURO\tp3_windows\Debug/../Controller.c:107: undefined reference to `stringToUpper'
c:/mingw/bin/../lib/gcc/mingw32/9.2.0/../../../../mingw32/bin/ld.exe: Controller.o: in function `controller_editEmployee':
C:\Users\Yeller\Desktop\UTN\eclipse_tp3_v3 SEGURO\tp3_windows\Debug/../Controller.c:154: undefined reference to `stringToUpper'
collect2.exe: error: ld returned 1 exit status
17:36:09 **** Incremental Build of configuration Debug for project tp3_windows ****
Info: Internal Builder is used for build
gcc -O0 -g3 -Wall -c -fmessage-length=0 -o Controller.o "..\\Controller.c" 
..\Controller.c: In function 'controller_nextID':
..\Controller.c:57:9: warning: unused variable 'i' [-Wunused-variable]
   57 |     int i;
      |         ^
..\Controller.c: In function 'controller_addEmployee':
..\Controller.c:108:4: warning: implicit declaration of function 'stringToUpper' [-Wimplicit-function-declaration]
  108 |    stringToUpper(nombre);
      |    ^~~~~~~~~~~~~
gcc "-LC:\\Users\\Yeller\\Desktop\\UTN\\eclipse_tp3_v3 SEGURO\\tp3_windows" -o tp3_windows.exe Controller.o Employee.o Input.o main.o parser.o -lLinkedList 
c:/mingw/bin/../lib/gcc/mingw32/9.2.0/../../../../mingw32/bin/ld.exe: Controller.o: in function `controller_addEmployee':
C:\Users\Yeller\Desktop\UTN\eclipse_tp3_v3 SEGURO\tp3_windows\Debug/../Controller.c:108: undefined reference to `stringToUpper'
c:/mingw/bin/../lib/gcc/mingw32/9.2.0/../../../../mingw32/bin/ld.exe: Controller.o: in function `controller_editEmployee':
C:\Users\Yeller\Desktop\UTN\eclipse_tp3_v3 SEGURO\tp3_windows\Debug/../Controller.c:155: undefined reference to `stringToUpper'
collect2.exe: error: ld returned 1 exit status
17:36:24 **** Incremental Build of configuration Debug for project tp3_windows ****
Info: Internal Builder is used for build
gcc -O0 -g3 -Wall -c -fmessage-length=0 -o Controller.o "..\\Controller.c" 
..\Controller.c: In function 'controller_addEmployee':
..\Controller.c:107:4: warning: implicit declaration of function 'stringToUpper' [-Wimplicit-function-declaration]
  107 |    stringToUpper(nombre);
      |    ^~~~~~~~~~~~~
gcc "-LC:\\Users\\Yeller\\Desktop\\UTN\\eclipse_tp3_v3 SEGURO\\tp3_windows" -o tp3_windows.exe Controller.o Employee.o Input.o main.o parser.o -lLinkedList 
c:/mingw/bin/../lib/gcc/mingw32/9.2.0/../../../../mingw32/bin/ld.exe: Controller.o: in function `controller_addEmployee':
C:\Users\Yeller\Desktop\UTN\eclipse_tp3_v3 SEGURO\tp3_windows\Debug/../Controller.c:107: undefined reference to `stringToUpper'
c:/mingw/bin/../lib/gcc/mingw32/9.2.0/../../../../mingw32/bin/ld.exe: Controller.o: in function `controller_editEmployee':
C:\Users\Yeller\Desktop\UTN\eclipse_tp3_v3 SEGURO\tp3_windows\Debug/../Controller.c:154: undefined reference to `stringToUpper'
collect2.exe: error: ld returned 1 exit status
17:39:08 **** Incremental Build of configuration Debug for project tp3_windows ****
Info: Internal Builder is used for build
gcc -O0 -g3 -Wall -c -fmessage-length=0 -o Controller.o "..\\Controller.c" 
gcc "-LC:\\Users\\Yeller\\Desktop\\UTN\\eclipse_tp3_v3 SEGURO\\tp3_windows" -o tp3_windows.exe Controller.o Employee.o Input.o main.o parser.o -lLinkedList 
Info: Nothing to build for tp3_windows
17:42:53 **** Incremental Build of configuration Debug for project tp3_windows ****
Info: Internal Builder is used for build
gcc -O0 -g3 -Wall -c -fmessage-length=0 -o main.o "..\\main.c" 
..\main.c: In function 'main':
..\main.c:39:13: warning: unused variable 'validarSave' [-Wunused-variable]
   39 |         int validarSave;
      |             ^~~~~~~~~~~
..\main.c:38:13: warning: unused variable 'validarSort' [-Wunused-variable]
   38 |         int validarSort;
      |             ^~~~~~~~~~~
..\main.c:37:13: warning: unused variable 'validarList' [-Wunused-variable]
   37 |         int validarList;
      |             ^~~~~~~~~~~
..\main.c:36:13: warning: unused variable 'validarRemove' [-Wunused-variable]
   36 |         int validarRemove;
      |             ^~~~~~~~~~~~~
..\main.c:35:13: warning: unused variable 'validarEdit' [-Wunused-variable]
   35 |         int validarEdit;
      |             ^~~~~~~~~~~
..\main.c:34:13: warning: unused variable 'validarAdd' [-Wunused-variable]
   34 |         int validarAdd;
      |             ^~~~~~~~~~
gcc "-LC:\\Users\\Yeller\\Desktop\\UTN\\eclipse_tp3_v3 SEGURO\\tp3_windows" -o tp3_windows.exe Controller.o Employee.o Input.o main.o parser.o -lLinkedList 
c:/mingw/bin/../lib/gcc/mingw32/9.2.0/../../../../mingw32/bin/ld.exe: cannot open output file tp3_windows.exe: Permission denied
collect2.exe: error: ld returned 1 exit status
17:46:46 **** Incremental Build of configuration Debug for project tp3_windows ****
Info: Internal Builder is used for build
gcc -O0 -g3 -Wall -c -fmessage-length=0 -o main.o "..\\main.c" 
..\main.c: In function 'main':
..\main.c:114:28: warning: unknown escape sequence: '\I'
  114 |                     printf("\ID no encontrado.\n\n");
      |                            ^~~~~~~~~~~~~~~~~~~~~~~~
..\main.c:33:13: warning: unused variable 'validarController' [-Wunused-variable]
   33 |         int validarController;
      |             ^~~~~~~~~~~~~~~~~
gcc "-LC:\\Users\\Yeller\\Desktop\\UTN\\eclipse_tp3_v3 SEGURO\\tp3_windows" -o tp3_windows.exe Controller.o Employee.o Input.o main.o parser.o -lLinkedList 
c:/mingw/bin/../lib/gcc/mingw32/9.2.0/../../../../mingw32/bin/ld.exe: cannot open output file tp3_windows.exe: Permission denied
collect2.exe: error: ld returned 1 exit status
17:49:50 **** Incremental Build of configuration Debug for project tp3_windows ****
Info: Internal Builder is used for build
gcc -O0 -g3 -Wall -c -fmessage-length=0 -o Controller.o "..\\Controller.c" 
gcc -O0 -g3 -Wall -c -fmessage-length=0 -o Employee.o "..\\Employee.c" 
..\Employee.c: In function 'employee_setNombre':
..\Employee.c:73:23: warning: implicit declaration of function 'toupper' [-Wimplicit-function-declaration]
   73 |     this->nombre[0] = toupper(this->nombre[0]);
      |                       ^~~~~~~
gcc -O0 -g3 -Wall -c -fmessage-length=0 -o main.o "..\\main.c" 
..\main.c: In function 'main':
..\main.c:114:28: warning: unknown escape sequence: '\I'
  114 |                     printf("\ID no encontrado.\n\n");
      |                            ^~~~~~~~~~~~~~~~~~~~~~~~
..\main.c:33:13: warning: unused variable 'validarController' [-Wunused-variable]
   33 |         int validarController;
      |             ^~~~~~~~~~~~~~~~~
gcc "-LC:\\Users\\Yeller\\Desktop\\UTN\\eclipse_tp3_v3 SEGURO\\tp3_windows" -o tp3_windows.exe Controller.o Employee.o Input.o main.o parser.o -lLinkedList 
c:/mingw/bin/../lib/gcc/mingw32/9.2.0/../../../../mingw32/bin/ld.exe: cannot open output file tp3_windows.exe: Permission denied
collect2.exe: error: ld returned 1 exit status
17:50:12 **** Incremental Build of configuration Debug for project tp3_windows ****
Info: Internal Builder is used for build
gcc -O0 -g3 -Wall -c -fmessage-length=0 -o main.o "..\\main.c" 
..\main.c: In function 'main':
..\main.c:33:13: warning: unused variable 'validarController' [-Wunused-variable]
   33 |         int validarController;
      |             ^~~~~~~~~~~~~~~~~
gcc "-LC:\\Users\\Yeller\\Desktop\\UTN\\eclipse_tp3_v3 SEGURO\\tp3_windows" -o tp3_windows.exe Controller.o Employee.o Input.o main.o parser.o -lLinkedList 
c:/mingw/bin/../lib/gcc/mingw32/9.2.0/../../../../mingw32/bin/ld.exe: cannot open output file tp3_windows.exe: Permission denied
collect2.exe: error: ld returned 1 exit status
17:50:16 **** Incremental Build of configuration Debug for project tp3_windows ****
Info: Internal Builder is used for build
gcc -O0 -g3 -Wall -c -fmessage-length=0 -o main.o "..\\main.c" 
gcc "-LC:\\Users\\Yeller\\Desktop\\UTN\\eclipse_tp3_v3 SEGURO\\tp3_windows" -o tp3_windows.exe Controller.o Employee.o Input.o main.o parser.o -lLinkedList 
c:/mingw/bin/../lib/gcc/mingw32/9.2.0/../../../../mingw32/bin/ld.exe: cannot open output file tp3_windows.exe: Permission denied
collect2.exe: error: ld returned 1 exit status
17:50:19 **** Incremental Build of configuration Debug for project tp3_windows ****
Info: Internal Builder is used for build
gcc "-LC:\\Users\\Yeller\\Desktop\\UTN\\eclipse_tp3_v3 SEGURO\\tp3_windows" -o tp3_windows.exe Controller.o Employee.o Input.o main.o parser.o -lLinkedList 
c:/mingw/bin/../lib/gcc/mingw32/9.2.0/../../../../mingw32/bin/ld.exe: cannot open output file tp3_windows.exe: Permission denied
collect2.exe: error: ld returned 1 exit status
17:50:20 **** Incremental Build of configuration Debug for project tp3_windows ****
Info: Internal Builder is used for build
gcc "-LC:\\Users\\Yeller\\Desktop\\UTN\\eclipse_tp3_v3 SEGURO\\tp3_windows" -o tp3_windows.exe Controller.o Employee.o Input.o main.o parser.o -lLinkedList 
c:/mingw/bin/../lib/gcc/mingw32/9.2.0/../../../../mingw32/bin/ld.exe: cannot open output file tp3_windows.exe: Permission denied
collect2.exe: error: ld returned 1 exit status
17:50:21 **** Incremental Build of configuration Debug for project tp3_windows ****
Info: Internal Builder is used for build
gcc "-LC:\\Users\\Yeller\\Desktop\\UTN\\eclipse_tp3_v3 SEGURO\\tp3_windows" -o tp3_windows.exe Controller.o Employee.o Input.o main.o parser.o -lLinkedList 
c:/mingw/bin/../lib/gcc/mingw32/9.2.0/../../../../mingw32/bin/ld.exe: cannot open output file tp3_windows.exe: Permission denied
collect2.exe: error: ld returned 1 exit status
17:50:21 **** Incremental Build of configuration Debug for project tp3_windows ****
Info: Internal Builder is used for build
gcc "-LC:\\Users\\Yeller\\Desktop\\UTN\\eclipse_tp3_v3 SEGURO\\tp3_windows" -o tp3_windows.exe Controller.o Employee.o Input.o main.o parser.o -lLinkedList 
c:/mingw/bin/../lib/gcc/mingw32/9.2.0/../../../../mingw32/bin/ld.exe: cannot open output file tp3_windows.exe: Permission denied
collect2.exe: error: ld returned 1 exit status
17:50:23 **** Incremental Build of configuration Debug for project tp3_windows ****
Info: Internal Builder is used for build
gcc "-LC:\\Users\\Yeller\\Desktop\\UTN\\eclipse_tp3_v3 SEGURO\\tp3_windows" -o tp3_windows.exe Controller.o Employee.o Input.o main.o parser.o -lLinkedList 
17:51:10 **** Incremental Build of configuration Debug for project tp3_windows ****
Info: Internal Builder is used for build
gcc -O0 -g3 -Wall -c -fmessage-length=0 -o Employee.o "..\\Employee.c" 
..\Employee.c: In function 'employee_setNombre':
..\Employee.c:75:26: warning: implicit declaration of function 'toupper' [-Wimplicit-function-declaration]
   75 |        this->nombre[0] = toupper(this->nombre[0]);
      |                          ^~~~~~~
gcc "-LC:\\Users\\Yeller\\Desktop\\UTN\\eclipse_tp3_v3 SEGURO\\tp3_windows" -o tp3_windows.exe Controller.o Employee.o Input.o main.o parser.o -lLinkedList 
c:/mingw/bin/../lib/gcc/mingw32/9.2.0/../../../../mingw32/bin/ld.exe: cannot open output file tp3_windows.exe: Permission denied
collect2.exe: error: ld returned 1 exit status
17:51:22 **** Incremental Build of configuration Debug for project tp3_windows ****
Info: Internal Builder is used for build
gcc "-LC:\\Users\\Yeller\\Desktop\\UTN\\eclipse_tp3_v3 SEGURO\\tp3_windows" -o tp3_windows.exe Controller.o Employee.o Input.o main.o parser.o -lLinkedList 
c:/mingw/bin/../lib/gcc/mingw32/9.2.0/../../../../mingw32/bin/ld.exe: cannot open output file tp3_windows.exe: Permission denied
collect2.exe: error: ld returned 1 exit status
17:51:30 **** Incremental Build of configuration Debug for project tp3_windows ****
Info: Internal Builder is used for build
gcc "-LC:\\Users\\Yeller\\Desktop\\UTN\\eclipse_tp3_v3 SEGURO\\tp3_windows" -o tp3_windows.exe Controller.o Employee.o Input.o main.o parser.o -lLinkedList 
c:/mingw/bin/../lib/gcc/mingw32/9.2.0/../../../../mingw32/bin/ld.exe: cannot open output file tp3_windows.exe: Permission denied
collect2.exe: error: ld returned 1 exit status
17:51:31 **** Incremental Build of configuration Debug for project tp3_windows ****
Info: Internal Builder is used for build
gcc "-LC:\\Users\\Yeller\\Desktop\\UTN\\eclipse_tp3_v3 SEGURO\\tp3_windows" -o tp3_windows.exe Controller.o Employee.o Input.o main.o parser.o -lLinkedList 
18:17:33 **** Incremental Build of configuration Debug for project tp3_windows ****
Info: Internal Builder is used for build
gcc -O0 -g3 -Wall -c -fmessage-length=0 -o Controller.o "..\\Controller.c" 
..\Controller.c: In function 'controller_removeEmployee':
..\Controller.c:296:1: error: expected declaration or statement at end of input
  296 | }
      | ^
..\Controller.c:296:1: error: expected declaration or statement at end of input
..\Controller.c:296:1: error: expected declaration or statement at end of input
..\Controller.c:198:6: warning: unused variable 'horasTrabajadas' [-Wunused-variable]
  198 |  int horasTrabajadas;
      |      ^~~~~~~~~~~~~~~
..\Controller.c:197:6: warning: unused variable 'sueldo' [-Wunused-variable]
  197 |  int sueldo;
      |      ^~~~~~
..\Controller.c:196:7: warning: unused variable 'nombre' [-Wunused-variable]
  196 |  char nombre[100];
      |       ^~~~~~
..\Controller.c:296:1: warning: control reaches end of non-void function [-Wreturn-type]
  296 | }
      | ^
At top level:
..\Controller.c:293:5: warning: 'controller_saveAsBinary' defined but not used [-Wunused-function]
  293 | int controller_saveAsBinary(char* path , LinkedList* pArrayListEmployee)
      |     ^~~~~~~~~~~~~~~~~~~~~~~
..\Controller.c:281:5: warning: 'controller_saveAsText' defined but not used [-Wunused-function]
  281 | int controller_saveAsText(char* path , LinkedList* pArrayListEmployee)
      |     ^~~~~~~~~~~~~~~~~~~~~
..\Controller.c:269:5: warning: 'controller_sortEmployee' defined but not used [-Wunused-function]
  269 | int controller_sortEmployee(LinkedList* pArrayListEmployee)
      |     ^~~~~~~~~~~~~~~~~~~~~~~
..\Controller.c:231:5: warning: 'controller_ListEmployee' defined but not used [-Wunused-function]
  231 | int controller_ListEmployee(LinkedList* pArrayListEmployee)
      |     ^~~~~~~~~~~~~~~~~~~~~~~
18:26:27 **** Incremental Build of configuration Debug for project tp3_windows ****
Info: Internal Builder is used for build
gcc -O0 -g3 -Wall -c -fmessage-length=0 -o Controller.o "..\\Controller.c" 
gcc "-LC:\\Users\\Yeller\\Desktop\\UTN\\eclipse_tp3_v3 SEGURO\\tp3_windows" -o tp3_windows.exe Controller.o Employee.o Input.o main.o parser.o -lLinkedList 
Info: Nothing to build for tp3_windows
Info: Nothing to build for tp3_windows
18:28:28 **** Incremental Build of configuration Debug for project tp3_windows ****
Info: Internal Builder is used for build
gcc -O0 -g3 -Wall -c -fmessage-length=0 -o main.o "..\\main.c" 
gcc "-LC:\\Users\\Yeller\\Desktop\\UTN\\eclipse_tp3_v3 SEGURO\\tp3_windows" -o tp3_windows.exe Controller.o Employee.o Input.o main.o parser.o -lLinkedList 
c:/mingw/bin/../lib/gcc/mingw32/9.2.0/../../../../mingw32/bin/ld.exe: cannot open output file tp3_windows.exe: Permission denied
collect2.exe: error: ld returned 1 exit status
18:28:29 **** Incremental Build of configuration Debug for project tp3_windows ****
Info: Internal Builder is used for build
gcc "-LC:\\Users\\Yeller\\Desktop\\UTN\\eclipse_tp3_v3 SEGURO\\tp3_windows" -o tp3_windows.exe Controller.o Employee.o Input.o main.o parser.o -lLinkedList 
18:29:26 **** Incremental Build of configuration Debug for project tp3_windows ****
Info: Internal Builder is used for build
gcc -O0 -g3 -Wall -c -fmessage-length=0 -o Controller.o "..\\Controller.c" 
gcc "-LC:\\Users\\Yeller\\Desktop\\UTN\\eclipse_tp3_v3 SEGURO\\tp3_windows" -o tp3_windows.exe Controller.o Employee.o Input.o main.o parser.o -lLinkedList 
c:/mingw/bin/../lib/gcc/mingw32/9.2.0/../../../../mingw32/bin/ld.exe: cannot open output file tp3_windows.exe: Permission denied
collect2.exe: error: ld returned 1 exit status
18:29:27 **** Incremental Build of configuration Debug for project tp3_windows ****
Info: Internal Builder is used for build
gcc "-LC:\\Users\\Yeller\\Desktop\\UTN\\eclipse_tp3_v3 SEGURO\\tp3_windows" -o tp3_windows.exe Controller.o Employee.o Input.o main.o parser.o -lLinkedList 
Info: Nothing to build for tp3_windows
Info: Nothing to build for tp3_windows
22:32:15 **** Incremental Build of configuration Debug for project tp3_windows ****
Info: Internal Builder is used for build
gcc -O0 -g3 -Wall -c -fmessage-length=0 -o main.o "..\\main.c" 
gcc -O0 -g3 -Wall -c -fmessage-length=0 -o Controller.o "..\\Controller.c" 
gcc "-LC:\\Users\\Yeller\\Desktop\\UTN\\eclipse_tp3_v3 SEGURO\\tp3_windows" -o tp3_windows.exe Controller.o Employee.o Input.o main.o parser.o -lLinkedList 
22:38:57 **** Incremental Build of configuration Debug for project tp3_windows ****
Info: Internal Builder is used for build
gcc -O0 -g3 -Wall -c -fmessage-length=0 -o Employee.o "..\\Employee.c" 
..\Employee.c: In function 'employee_setNombre':
..\Employee.c:76:26: warning: implicit declaration of function 'toupper' [-Wimplicit-function-declaration]
   76 |        this->nombre[0] = toupper(this->nombre[0]);
      |                          ^~~~~~~
gcc -O0 -g3 -Wall -c -fmessage-length=0 -o parser.o "..\\parser.c" 
gcc "-LC:\\Users\\Yeller\\Desktop\\UTN\\eclipse_tp3_v3 SEGURO\\tp3_windows" -o tp3_windows.exe Controller.o Employee.o Input.o main.o parser.o -lLinkedList 
22:40:17 **** Incremental Build of configuration Debug for project tp3_windows ****
Info: Internal Builder is used for build
gcc -O0 -g3 -Wall -c -fmessage-length=0 -o Employee.o "..\\Employee.c" 
gcc "-LC:\\Users\\Yeller\\Desktop\\UTN\\eclipse_tp3_v3 SEGURO\\tp3_windows" -o tp3_windows.exe Controller.o Employee.o Input.o main.o parser.o -lLinkedList 
Info: Nothing to build for tp3_windows
Info: Nothing to build for tp3_windows
Info: Nothing to build for tp3_windows
22:48:55 **** Incremental Build of configuration Debug for project tp3_windows ****
Info: Internal Builder is used for build
gcc -O0 -g3 -Wall -c -fmessage-length=0 -o Controller.o "..\\Controller.c" 
gcc "-LC:\\Users\\Yeller\\Desktop\\UTN\\eclipse_tp3_v3 SEGURO\\tp3_windows" -o tp3_windows.exe Controller.o Employee.o Input.o main.o parser.o -lLinkedList 
16:00:38 **** Incremental Build of configuration Debug for project tp3_windows ****
Info: Internal Builder is used for build
gcc -O0 -g3 -Wall -c -fmessage-length=0 -o main.o "..\\main.c" 
..\main.c: In function 'main':
..\main.c:51:45: warning: unknown escape sequence: '\O'
   51 |             ObtenerEnteroEntreRango(&option,"\Opcion: ",1,10)
      |                                             ^~~~~~~~~~~
..\main.c:51:62: error: expected ';' before 'switch'
   51 |             ObtenerEnteroEntreRango(&option,"\Opcion: ",1,10)
      |                                                              ^
      |                                                              ;
   52 | 
   53 |             switch(option)
      |             ~~~~~~                                            
..\main.c:35:13: warning: unused variable 'flagBinario' [-Wunused-variable]
   35 |         int flagBinario = 0;
      |             ^~~~~~~~~~~
..\main.c:34:13: warning: unused variable 'flagTexto' [-Wunused-variable]
   34 |         int flagTexto = 0;
      |             ^~~~~~~~~
..\main.c:30:21: warning: unused variable 'listaEmpleados' [-Wunused-variable]
   30 |         LinkedList* listaEmpleados = ll_newLinkedList();
      |                     ^~~~~~~~~~~~~~
16:00:53 **** Incremental Build of configuration Debug for project tp3_windows ****
Info: Internal Builder is used for build
gcc -O0 -g3 -Wall -c -fmessage-length=0 -o main.o "..\\main.c" 
..\main.c: In function 'main':
..\main.c:51:45: warning: unknown escape sequence: '\O'
   51 |             ObtenerEnteroEntreRango(&option,"\Opcion: ",1,10);
      |                                             ^~~~~~~~~~~
..\main.c:35:13: warning: unused variable 'flagBinario' [-Wunused-variable]
   35 |         int flagBinario = 0;
      |             ^~~~~~~~~~~
gcc -O0 -g3 -Wall -c -fmessage-length=0 -o Input.o "..\\Input.c" 
gcc "-LC:\\Users\\Yeller\\Desktop\\UTN\\eclipse_tp3_v3 SEGURO\\tp3_windows" -o tp3_windows.exe Controller.o Employee.o Input.o main.o parser.o -lLinkedList 
16:01:01 **** Incremental Build of configuration Debug for project tp3_windows ****
Info: Internal Builder is used for build
gcc -O0 -g3 -Wall -c -fmessage-length=0 -o main.o "..\\main.c" 
..\main.c: In function 'main':
..\main.c:35:13: warning: unused variable 'flagBinario' [-Wunused-variable]
   35 |         int flagBinario = 0;
      |             ^~~~~~~~~~~
gcc "-LC:\\Users\\Yeller\\Desktop\\UTN\\eclipse_tp3_v3 SEGURO\\tp3_windows" -o tp3_windows.exe Controller.o Employee.o Input.o main.o parser.o -lLinkedList 
16:03:30 **** Incremental Build of configuration Debug for project tp3_windows ****
Info: Internal Builder is used for build
gcc -O0 -g3 -Wall -c -fmessage-length=0 -o Controller.o "..\\Controller.c" 
..\Controller.c: In function 'controller_sortEmployee':
..\Controller.c:285:6: warning: unused variable 'opcion' [-Wunused-variable]
  285 |  int opcion;
      |      ^~~~~~
..\Controller.c:284:6: warning: unused variable 'retorno' [-Wunused-variable]
  284 |  int retorno = -1;
      |      ^~~~~~~
gcc -O0 -g3 -Wall -c -fmessage-length=0 -o main.o "..\\main.c" 
gcc "-LC:\\Users\\Yeller\\Desktop\\UTN\\eclipse_tp3_v3 SEGURO\\tp3_windows" -o tp3_windows.exe Controller.o Employee.o Input.o main.o parser.o -lLinkedList 
16:03:45 **** Incremental Build of configuration Debug for project tp3_windows ****
Info: Internal Builder is used for build
gcc -O0 -g3 -Wall -c -fmessage-length=0 -o Controller.o "..\\Controller.c" 
..\Controller.c: In function 'controller_sortEmployee':
..\Controller.c:285:6: warning: unused variable 'opcion' [-Wunused-variable]
  285 |  int opcion;
      |      ^~~~~~
gcc "-LC:\\Users\\Yeller\\Desktop\\UTN\\eclipse_tp3_v3 SEGURO\\tp3_windows" -o tp3_windows.exe Controller.o Employee.o Input.o main.o parser.o -lLinkedList 
16:07:19 **** Incremental Build of configuration Debug for project tp3_windows ****
Info: Internal Builder is used for build
gcc -O0 -g3 -Wall -c -fmessage-length=0 -o Controller.o "..\\Controller.c" 
..\Controller.c: In function 'controller_sortEmployee':
..\Controller.c:285:6: warning: unused variable 'opcion' [-Wunused-variable]
  285 |  int opcion;
      |      ^~~~~~
gcc -O0 -g3 -Wall -c -fmessage-length=0 -o main.o "..\\main.c" 
gcc "-LC:\\Users\\Yeller\\Desktop\\UTN\\eclipse_tp3_v3 SEGURO\\tp3_windows" -o tp3_windows.exe Controller.o Employee.o Input.o main.o parser.o -lLinkedList 
16:07:34 **** Incremental Build of configuration Debug for project tp3_windows ****
Info: Internal Builder is used for build
gcc -O0 -g3 -Wall -c -fmessage-length=0 -o Controller.o "..\\Controller.c" 
..\Controller.c: In function 'controller_sortEmployee':
..\Controller.c:293:1: warning: control reaches end of non-void function [-Wreturn-type]
  293 | }
      | ^
gcc "-LC:\\Users\\Yeller\\Desktop\\UTN\\eclipse_tp3_v3 SEGURO\\tp3_windows" -o tp3_windows.exe Controller.o Employee.o Input.o main.o parser.o -lLinkedList 
16:07:43 **** Incremental Build of configuration Debug for project tp3_windows ****
Info: Internal Builder is used for build
gcc -O0 -g3 -Wall -c -fmessage-length=0 -o Controller.o "..\\Controller.c" 
gcc "-LC:\\Users\\Yeller\\Desktop\\UTN\\eclipse_tp3_v3 SEGURO\\tp3_windows" -o tp3_windows.exe Controller.o Employee.o Input.o main.o parser.o -lLinkedList 
Info: Nothing to build for tp3_windows
16:13:02 **** Incremental Build of configuration Debug for project tp3_windows ****
Info: Internal Builder is used for build
gcc -O0 -g3 -Wall -c -fmessage-length=0 -o Controller.o "..\\Controller.c" 
..\Controller.c: In function 'controller_saveAsText':
..\Controller.c:329:35: warning: format '%s' expects argument of type 'char *', but argument 4 has type 'int' [-Wformat=]
  329 |              fprintf(archivo,"%d,%s,%d,%d\n",*idFree,*nombreFree,*sueldoFree,*horasFree);
      |                                  ~^                  ~~~~~~~~~~~
      |                                   |                  |
      |                                   char *             int
      |                                  %d
gcc "-LC:\\Users\\Yeller\\Desktop\\UTN\\eclipse_tp3_v3 SEGURO\\tp3_windows" -o tp3_windows.exe Controller.o Employee.o Input.o main.o parser.o -lLinkedList 
c:/mingw/bin/../lib/gcc/mingw32/9.2.0/../../../../mingw32/bin/ld.exe: cannot open output file tp3_windows.exe: Permission denied
collect2.exe: error: ld returned 1 exit status
16:13:11 **** Incremental Build of configuration Debug for project tp3_windows ****
Info: Internal Builder is used for build
gcc -O0 -g3 -Wall -c -fmessage-length=0 -o Controller.o "..\\Controller.c" 
gcc "-LC:\\Users\\Yeller\\Desktop\\UTN\\eclipse_tp3_v3 SEGURO\\tp3_windows" -o tp3_windows.exe Controller.o Employee.o Input.o main.o parser.o -lLinkedList 
c:/mingw/bin/../lib/gcc/mingw32/9.2.0/../../../../mingw32/bin/ld.exe: cannot open output file tp3_windows.exe: Permission denied
collect2.exe: error: ld returned 1 exit status
16:13:16 **** Incremental Build of configuration Debug for project tp3_windows ****
Info: Internal Builder is used for build
gcc -O0 -g3 -Wall -c -fmessage-length=0 -o Controller.o "..\\Controller.c" 
..\Controller.c: In function 'controller_saveAsText':
..\Controller.c:329:35: warning: format '%s' expects argument of type 'char *', but argument 4 has type 'int' [-Wformat=]
  329 |              fprintf(archivo,"%d,%s,%d,%d\n",*idFree,*nombreFree,*sueldoFree,*horasFree);
      |                                  ~^                  ~~~~~~~~~~~
      |                                   |                  |
      |                                   char *             int
      |                                  %d
gcc "-LC:\\Users\\Yeller\\Desktop\\UTN\\eclipse_tp3_v3 SEGURO\\tp3_windows" -o tp3_windows.exe Controller.o Employee.o Input.o main.o parser.o -lLinkedList 
c:/mingw/bin/../lib/gcc/mingw32/9.2.0/../../../../mingw32/bin/ld.exe: cannot open output file tp3_windows.exe: Permission denied
collect2.exe: error: ld returned 1 exit status
16:13:21 **** Incremental Build of configuration Debug for project tp3_windows ****
Info: Internal Builder is used for build
gcc -O0 -g3 -Wall -c -fmessage-length=0 -o Controller.o "..\\Controller.c" 
gcc "-LC:\\Users\\Yeller\\Desktop\\UTN\\eclipse_tp3_v3 SEGURO\\tp3_windows" -o tp3_windows.exe Controller.o Employee.o Input.o main.o parser.o -lLinkedList 
c:/mingw/bin/../lib/gcc/mingw32/9.2.0/../../../../mingw32/bin/ld.exe: cannot open output file tp3_windows.exe: Permission denied
collect2.exe: error: ld returned 1 exit status
16:14:14 **** Incremental Build of configuration Debug for project tp3_windows ****
Info: Internal Builder is used for build
gcc -O0 -g3 -Wall -c -fmessage-length=0 -o Employee.o "..\\Employee.c" 
..\Employee.c: In function 'employee_setNombre':
..\Employee.c:76:30: warning: passing argument 2 of 'strcpy' makes pointer from integer without a cast [-Wint-conversion]
   76 |        strcpy(this->nombre , *nombre);
      |                              ^~~~~~~
      |                              |
      |                              char
In file included from ..\Employee.c:2:
c:\mingw\include\string.h:79:40: note: expected 'const char *' but argument is of type 'char'
   79 | _CRTIMP __cdecl __MINGW_NOTHROW  char *strcpy (char *, const char *);
      |                                        ^~~~~~
gcc "-LC:\\Users\\Yeller\\Desktop\\UTN\\eclipse_tp3_v3 SEGURO\\tp3_windows" -o tp3_windows.exe Controller.o Employee.o Input.o main.o parser.o -lLinkedList 
c:/mingw/bin/../lib/gcc/mingw32/9.2.0/../../../../mingw32/bin/ld.exe: cannot open output file tp3_windows.exe: Permission denied
collect2.exe: error: ld returned 1 exit status
16:14:21 **** Incremental Build of configuration Debug for project tp3_windows ****
Info: Internal Builder is used for build
gcc -O0 -g3 -Wall -c -fmessage-length=0 -o Employee.o "..\\Employee.c" 
gcc "-LC:\\Users\\Yeller\\Desktop\\UTN\\eclipse_tp3_v3 SEGURO\\tp3_windows" -o tp3_windows.exe Controller.o Employee.o Input.o main.o parser.o -lLinkedList 
c:/mingw/bin/../lib/gcc/mingw32/9.2.0/../../../../mingw32/bin/ld.exe: cannot open output file tp3_windows.exe: Permission denied
collect2.exe: error: ld returned 1 exit status
16:18:45 **** Incremental Build of configuration Debug for project tp3_windows ****
Info: Internal Builder is used for build
gcc -O0 -g3 -Wall -c -fmessage-length=0 -o Employee.o "..\\Employee.c" 
gcc "-LC:\\Users\\Yeller\\Desktop\\UTN\\eclipse_tp3_v3 SEGURO\\tp3_windows" -o tp3_windows.exe Controller.o Employee.o Input.o main.o parser.o -lLinkedList 
c:/mingw/bin/../lib/gcc/mingw32/9.2.0/../../../../mingw32/bin/ld.exe: cannot open output file tp3_windows.exe: Permission denied
collect2.exe: error: ld returned 1 exit status
16:18:48 **** Incremental Build of configuration Debug for project tp3_windows ****
Info: Internal Builder is used for build
gcc "-LC:\\Users\\Yeller\\Desktop\\UTN\\eclipse_tp3_v3 SEGURO\\tp3_windows" -o tp3_windows.exe Controller.o Employee.o Input.o main.o parser.o -lLinkedList 
c:/mingw/bin/../lib/gcc/mingw32/9.2.0/../../../../mingw32/bin/ld.exe: cannot open output file tp3_windows.exe: Permission denied
collect2.exe: error: ld returned 1 exit status
16:22:25 **** Incremental Build of configuration Debug for project tp3_windows ****
Info: Internal Builder is used for build
gcc -O0 -g3 -Wall -c -fmessage-length=0 -o parser.o "..\\parser.c" 
gcc -O0 -g3 -Wall -c -fmessage-length=0 -o Controller.o "..\\Controller.c" 
..\Controller.c: In function 'controller_sortEmployee':
..\Controller.c:285:8: warning: unused variable 'opcion' [-Wunused-variable]
  285 |    int opcion;
      |        ^~~~~~
gcc "-LC:\\Users\\Yeller\\Desktop\\UTN\\eclipse_tp3_v3 SEGURO\\tp3_windows" -o tp3_windows.exe Controller.o Employee.o Input.o main.o parser.o -lLinkedList 
c:/mingw/bin/../lib/gcc/mingw32/9.2.0/../../../../mingw32/bin/ld.exe: cannot open output file tp3_windows.exe: Permission denied
collect2.exe: error: ld returned 1 exit status
16:25:38 **** Incremental Build of configuration Debug for project tp3_windows ****
Info: Internal Builder is used for build
gcc -O0 -g3 -Wall -c -fmessage-length=0 -o Controller.o "..\\Controller.c" 
gcc "-LC:\\Users\\Yeller\\Desktop\\UTN\\eclipse_tp3_v3 SEGURO\\tp3_windows" -o tp3_windows.exe Controller.o Employee.o Input.o main.o parser.o -lLinkedList 
c:/mingw/bin/../lib/gcc/mingw32/9.2.0/../../../../mingw32/bin/ld.exe: cannot open output file tp3_windows.exe: Permission denied
collect2.exe: error: ld returned 1 exit status
18:29:50 **** Rebuild of configuration Debug for project tp3_windows ****
Info: Internal Builder is used for build
gcc -O0 -g3 -Wall -c -fmessage-length=0 -o Employee.o "..\\Employee.c" 
..\Employee.c:133:38: error: expected ';', ',' or ')' before 'void'
  133 | int employee_orderById(void* firstId void*, secondId ){
      |                                      ^~~~
..\Employee.c: In function 'employee_orderBySalary':
..\Employee.c:157:38: warning: passing argument 2 of 'employee_getSueldo' from incompatible pointer type [-Wincompatible-pointer-types]
  157 |      employee_getSueldo(firstSalary, &secondSalary);
      |                                      ^~~~~~~~~~~~~
      |                                      |
      |                                      void **
..\Employee.c:122:44: note: expected 'int *' but argument is of type 'void **'
  122 | int employee_getSueldo(Employee* this,int* sueldo){
      |                                       ~~~~~^~~~~~
..\Employee.c:158:38: warning: passing argument 2 of 'employee_getSueldo' from incompatible pointer type [-Wincompatible-pointer-types]
  158 |      employee_getSueldo(firstSalary, &secondSalary);
      |                                      ^~~~~~~~~~~~~
      |                                      |
      |                                      void **
..\Employee.c:122:44: note: expected 'int *' but argument is of type 'void **'
  122 | int employee_getSueldo(Employee* this,int* sueldo){
      |                                       ~~~~~^~~~~~
..\Employee.c:153:9: warning: unused variable 'sueldoDos' [-Wunused-variable]
  153 |     int sueldoDos;
      |         ^~~~~~~~~
..\Employee.c:152:9: warning: unused variable 'primerSueldo' [-Wunused-variable]
  152 |     int primerSueldo;
      |         ^~~~~~~~~~~~
..\Employee.c: In function 'employee_ordenarPorHoras':
..\Employee.c:177:45: warning: passing argument 2 of 'employee_getHorasTrabajadas' from incompatible pointer type [-Wincompatible-pointer-types]
  177 |     employee_getHorasTrabajadas(firstHours, &secondHours);
      |                                             ^~~~~~~~~~~~
      |                                             |
      |                                             void **
..\Employee.c:101:53: note: expected 'int *' but argument is of type 'void **'
  101 | int employee_getHorasTrabajadas(Employee* this,int* horasTrabajadas){
      |                                                ~~~~~^~~~~~~~~~~~~~~
..\Employee.c:178:45: warning: passing argument 2 of 'employee_getHorasTrabajadas' from incompatible pointer type [-Wincompatible-pointer-types]
  178 |     employee_getHorasTrabajadas(firstHours, &secondHours);
      |                                             ^~~~~~~~~~~~
      |                                             |
      |                                             void **
..\Employee.c:101:53: note: expected 'int *' but argument is of type 'void **'
  101 | int employee_getHorasTrabajadas(Employee* this,int* horasTrabajadas){
      |                                                ~~~~~^~~~~~~~~~~~~~~
18:30:02 **** Incremental Build of configuration Debug for project tp3_windows ****
Info: Internal Builder is used for build
gcc -O0 -g3 -Wall -c -fmessage-length=0 -o Employee.o "..\\Employee.c" 
..\Employee.c: In function 'employee_orderById':
..\Employee.c:141:7: error: expected expression before ')' token
  141 |    if(){
      |       ^
..\Employee.c: In function 'employee_orderBySalary':
..\Employee.c:170:38: warning: passing argument 2 of 'employee_getSueldo' from incompatible pointer type [-Wincompatible-pointer-types]
  170 |      employee_getSueldo(firstSalary, &secondSalary);
      |                                      ^~~~~~~~~~~~~
      |                                      |
      |                                      void **
..\Employee.c:122:44: note: expected 'int *' but argument is of type 'void **'
  122 | int employee_getSueldo(Employee* this,int* sueldo){
      |                                       ~~~~~^~~~~~
..\Employee.c:171:38: warning: passing argument 2 of 'employee_getSueldo' from incompatible pointer type [-Wincompatible-pointer-types]
  171 |      employee_getSueldo(firstSalary, &secondSalary);
      |                                      ^~~~~~~~~~~~~
      |                                      |
      |                                      void **
..\Employee.c:122:44: note: expected 'int *' but argument is of type 'void **'
  122 | int employee_getSueldo(Employee* this,int* sueldo){
      |                                       ~~~~~^~~~~~
..\Employee.c:166:9: warning: unused variable 'sueldoDos' [-Wunused-variable]
  166 |     int sueldoDos;
      |         ^~~~~~~~~
..\Employee.c:165:9: warning: unused variable 'primerSueldo' [-Wunused-variable]
  165 |     int primerSueldo;
      |         ^~~~~~~~~~~~
..\Employee.c: In function 'employee_ordenarPorHoras':
..\Employee.c:190:45: warning: passing argument 2 of 'employee_getHorasTrabajadas' from incompatible pointer type [-Wincompatible-pointer-types]
  190 |     employee_getHorasTrabajadas(firstHours, &secondHours);
      |                                             ^~~~~~~~~~~~
      |                                             |
      |                                             void **
..\Employee.c:101:53: note: expected 'int *' but argument is of type 'void **'
  101 | int employee_getHorasTrabajadas(Employee* this,int* horasTrabajadas){
      |                                                ~~~~~^~~~~~~~~~~~~~~
..\Employee.c:191:45: warning: passing argument 2 of 'employee_getHorasTrabajadas' from incompatible pointer type [-Wincompatible-pointer-types]
  191 |     employee_getHorasTrabajadas(firstHours, &secondHours);
      |                                             ^~~~~~~~~~~~
      |                                             |
      |                                             void **
..\Employee.c:101:53: note: expected 'int *' but argument is of type 'void **'
  101 | int employee_getHorasTrabajadas(Employee* this,int* horasTrabajadas){
      |                                                ~~~~~^~~~~~~~~~~~~~~
18:30:45 **** Incremental Build of configuration Debug for project tp3_windows ****
Info: Internal Builder is used for build
gcc -O0 -g3 -Wall -c -fmessage-length=0 -o Employee.o "..\\Employee.c" 
..\Employee.c: In function 'employee_orderById':
..\Employee.c:141:7: error: expected expression before ')' token
  141 |    if(){
      |       ^
..\Employee.c: In function 'employee_orderBySalary':
..\Employee.c:170:38: warning: passing argument 2 of 'employee_getSueldo' from incompatible pointer type [-Wincompatible-pointer-types]
  170 |      employee_getSueldo(firstSalary, &secondSalary);
      |                                      ^~~~~~~~~~~~~
      |                                      |
      |                                      void **
..\Employee.c:122:44: note: expected 'int *' but argument is of type 'void **'
  122 | int employee_getSueldo(Employee* this,int* sueldo){
      |                                       ~~~~~^~~~~~
..\Employee.c:171:38: warning: passing argument 2 of 'employee_getSueldo' from incompatible pointer type [-Wincompatible-pointer-types]
  171 |      employee_getSueldo(firstSalary, &secondSalary);
      |                                      ^~~~~~~~~~~~~
      |                                      |
      |                                      void **
..\Employee.c:122:44: note: expected 'int *' but argument is of type 'void **'
  122 | int employee_getSueldo(Employee* this,int* sueldo){
      |                                       ~~~~~^~~~~~
..\Employee.c:166:9: warning: unused variable 'sueldoDos' [-Wunused-variable]
  166 |     int sueldoDos;
      |         ^~~~~~~~~
..\Employee.c:165:9: warning: unused variable 'primerSueldo' [-Wunused-variable]
  165 |     int primerSueldo;
      |         ^~~~~~~~~~~~
..\Employee.c: In function 'employee_ordenarPorHoras':
..\Employee.c:193:21: error: 'secundaHora' undeclared (first use in this function); did you mean 'segundaHora'?
  193 |     if(primerHora > secundaHora){
      |                     ^~~~~~~~~~~
      |                     segundaHora
..\Employee.c:193:21: note: each undeclared identifier is reported only once for each function it appears in
18:30:55 **** Incremental Build of configuration Debug for project tp3_windows ****
Info: Internal Builder is used for build
gcc -O0 -g3 -Wall -c -fmessage-length=0 -o Employee.o "..\\Employee.c" 
..\Employee.c: In function 'employee_orderById':
..\Employee.c:141:7: error: expected expression before ')' token
  141 |    if(){
      |       ^
..\Employee.c: In function 'employee_orderBySalary':
..\Employee.c:170:38: warning: passing argument 2 of 'employee_getSueldo' from incompatible pointer type [-Wincompatible-pointer-types]
  170 |      employee_getSueldo(firstSalary, &secondSalary);
      |                                      ^~~~~~~~~~~~~
      |                                      |
      |                                      void **
..\Employee.c:122:44: note: expected 'int *' but argument is of type 'void **'
  122 | int employee_getSueldo(Employee* this,int* sueldo){
      |                                       ~~~~~^~~~~~
..\Employee.c:171:38: warning: passing argument 2 of 'employee_getSueldo' from incompatible pointer type [-Wincompatible-pointer-types]
  171 |      employee_getSueldo(firstSalary, &secondSalary);
      |                                      ^~~~~~~~~~~~~
      |                                      |
      |                                      void **
..\Employee.c:122:44: note: expected 'int *' but argument is of type 'void **'
  122 | int employee_getSueldo(Employee* this,int* sueldo){
      |                                       ~~~~~^~~~~~
..\Employee.c:166:9: warning: unused variable 'sueldoDos' [-Wunused-variable]
  166 |     int sueldoDos;
      |         ^~~~~~~~~
..\Employee.c:165:9: warning: unused variable 'primerSueldo' [-Wunused-variable]
  165 |     int primerSueldo;
      |         ^~~~~~~~~~~~
18:31:27 **** Incremental Build of configuration Debug for project tp3_windows ****
Info: Internal Builder is used for build
gcc -O0 -g3 -Wall -c -fmessage-length=0 -o Employee.o "..\\Employee.c" 
..\Employee.c: In function 'employee_orderById':
..\Employee.c:141:7: error: expected expression before ')' token
  141 |    if(){
      |       ^
18:32:24 **** Incremental Build of configuration Debug for project tp3_windows ****
Info: Internal Builder is used for build
gcc -O0 -g3 -Wall -c -fmessage-length=0 -o Employee.o "..\\Employee.c" 
gcc "-LC:\\Users\\Yeller\\Desktop\\UTN\\eclipse_tp3_v3 SEGURO\\tp3_windows" -o tp3_windows.exe Controller.o Employee.o Input.o main.o parser.o -lLinkedList 
18:46:45 **** Rebuild of configuration Debug for project tp3_windows ****
Info: Internal Builder is used for build
gcc -O0 -g3 -Wall -c -fmessage-length=0 -o Employee.o "..\\Employee.c" 
gcc -O0 -g3 -Wall -c -fmessage-length=0 -o parser.o "..\\parser.c" 
gcc -O0 -g3 -Wall -c -fmessage-length=0 -o main.o "..\\main.c" 
gcc -O0 -g3 -Wall -c -fmessage-length=0 -o Controller.o "..\\Controller.c" 
..\Controller.c: In function 'controller_sortEmployee':
..\Controller.c:295:33: error: 'employee_orderById' undeclared (first use in this function); did you mean 'employee_getId'?
  295 |      ll_sort(pArrayListEmployee,employee_orderById,1);
      |                                 ^~~~~~~~~~~~~~~~~~
      |                                 employee_getId
..\Controller.c:295:33: note: each undeclared identifier is reported only once for each function it appears in
..\Controller.c:298:33: error: 'employee_orderByName' undeclared (first use in this function)
  298 |      ll_sort(pArrayListEmployee,employee_orderByName,1);
      |                                 ^~~~~~~~~~~~~~~~~~~~
..\Controller.c:301:33: error: 'employee_orderBySalary' undeclared (first use in this function)
  301 |      ll_sort(pArrayListEmployee,employee_orderBySalary,1);
      |                                 ^~~~~~~~~~~~~~~~~~~~~~
..\Controller.c:304:33: error: 'employee_orderByHours' undeclared (first use in this function)
  304 |      ll_sort(pArrayListEmployee,employee_orderByHours,1);
      |                                 ^~~~~~~~~~~~~~~~~~~~~
18:47:19 **** Incremental Build of configuration Debug for project tp3_windows ****
Info: Internal Builder is used for build
gcc -O0 -g3 -Wall -c -fmessage-length=0 -o parser.o "..\\parser.c" 
gcc -O0 -g3 -Wall -c -fmessage-length=0 -o Controller.o "..\\Controller.c" 
..\Controller.c: In function 'controller_sortEmployee':
..\Controller.c:295:33: error: 'employee_orderById' undeclared (first use in this function); did you mean 'employee_orderByHours'?
  295 |      ll_sort(pArrayListEmployee,employee_orderById,1);
      |                                 ^~~~~~~~~~~~~~~~~~
      |                                 employee_orderByHours
..\Controller.c:295:33: note: each undeclared identifier is reported only once for each function it appears in
..\Controller.c:298:33: error: 'employee_orderByName' undeclared (first use in this function); did you mean 'employee_orderByHours'?
  298 |      ll_sort(pArrayListEmployee,employee_orderByName,1);
      |                                 ^~~~~~~~~~~~~~~~~~~~
      |                                 employee_orderByHours
18:47:48 **** Incremental Build of configuration Debug for project tp3_windows ****
Info: Internal Builder is used for build
gcc -O0 -g3 -Wall -c -fmessage-length=0 -o main.o "..\\main.c" 
gcc -O0 -g3 -Wall -c -fmessage-length=0 -o Employee.o "..\\Employee.c" 
gcc -O0 -g3 -Wall -c -fmessage-length=0 -o parser.o "..\\parser.c" 
gcc -O0 -g3 -Wall -c -fmessage-length=0 -o Controller.o "..\\Controller.c" 
gcc "-LC:\\Users\\Yeller\\Desktop\\UTN\\eclipse_tp3_v3 SEGURO\\tp3_windows" -o tp3_windows.exe Controller.o Employee.o Input.o main.o parser.o -lLinkedList 
Info: Nothing to build for tp3_windows
Info: Nothing to build for tp3_windows
Info: Nothing to build for tp3_windows
19:18:29 **** Incremental Build of configuration Debug for project tp3_windows ****
Info: Internal Builder is used for build
gcc -O0 -g3 -Wall -c -fmessage-length=0 -o main.o "..\\main.c" 
gcc -O0 -g3 -Wall -c -fmessage-length=0 -o parser.o "..\\parser.c" 
..\parser.c: In function 'parser_EmployeeFromBinary':
..\parser.c:58:34: error: expected ')' before numeric constant
   58 |   fread(empleado,sizeof(Employee)1,pFile );
      |                                  ^
      |                                  )
..\parser.c:58:3: error: too few arguments to function 'fread'
   58 |   fread(empleado,sizeof(Employee)1,pFile );
      |   ^~~~~
In file included from ..\parser.c:1:
c:\mingw\include\stdio.h:767:41: note: declared here
  767 | _CRTIMP __cdecl __MINGW_NOTHROW  size_t fread (void *, size_t, size_t, FILE *);
      |                                         ^~~~~
..\parser.c:54:6: warning: unused variable 'retorno' [-Wunused-variable]
   54 |  int retorno = -1;
      |      ^~~~~~~
19:18:36 **** Incremental Build of configuration Debug for project tp3_windows ****
Info: Internal Builder is used for build
gcc -O0 -g3 -Wall -c -fmessage-length=0 -o parser.o "..\\parser.c" 
..\parser.c: In function 'parser_EmployeeFromBinary':
..\parser.c:58:34: error: expected ')' before numeric constant
   58 |   fread(empleado,sizeof(Employee)1,pFile );
      |                                  ^
      |                                  )
..\parser.c:58:3: error: too few arguments to function 'fread'
   58 |   fread(empleado,sizeof(Employee)1,pFile );
      |   ^~~~~
In file included from ..\parser.c:1:
c:\mingw\include\stdio.h:767:41: note: declared here
  767 | _CRTIMP __cdecl __MINGW_NOTHROW  size_t fread (void *, size_t, size_t, FILE *);
      |                                         ^~~~~
19:19:02 **** Incremental Build of configuration Debug for project tp3_windows ****
Info: Internal Builder is used for build
gcc -O0 -g3 -Wall -c -fmessage-length=0 -o parser.o "..\\parser.c" 
..\parser.c: In function 'parser_EmployeeFromBinary':
..\parser.c:58:3: warning: 'empleado' may be used uninitialized in this function [-Wmaybe-uninitialized]
   58 |   fread(empleado,sizeof(Employee),1,pFile);
      |   ^~~~~~~~~~~~~~~~~~~~~~~~~~~~~~~~~~~~~~~~
gcc "-LC:\\Users\\Yeller\\Desktop\\UTN\\eclipse_tp3_v3 SEGURO\\tp3_windows" -o tp3_windows.exe Controller.o Employee.o Input.o main.o parser.o -lLinkedList 
c:/mingw/bin/../lib/gcc/mingw32/9.2.0/../../../../mingw32/bin/ld.exe: cannot open output file tp3_windows.exe: Permission denied
collect2.exe: error: ld returned 1 exit status
19:19:18 **** Incremental Build of configuration Debug for project tp3_windows ****
Info: Internal Builder is used for build
gcc -O0 -g3 -Wall -c -fmessage-length=0 -o parser.o "..\\parser.c" 
..\parser.c: In function 'parser_EmployeeFromBinary':
..\parser.c:58:3: warning: 'empleado' may be used uninitialized in this function [-Wmaybe-uninitialized]
   58 |   fread(empleado,sizeof(Employee),1,pFile);
      |   ^~~~~~~~~~~~~~~~~~~~~~~~~~~~~~~~~~~~~~~~
gcc "-LC:\\Users\\Yeller\\Desktop\\UTN\\eclipse_tp3_v3 SEGURO\\tp3_windows" -o tp3_windows.exe Controller.o Employee.o Input.o main.o parser.o -lLinkedList 
c:/mingw/bin/../lib/gcc/mingw32/9.2.0/../../../../mingw32/bin/ld.exe: cannot open output file tp3_windows.exe: Permission denied
collect2.exe: error: ld returned 1 exit status
19:19:23 **** Incremental Build of configuration Debug for project tp3_windows ****
Info: Internal Builder is used for build
gcc -O0 -g3 -Wall -c -fmessage-length=0 -o parser.o "..\\parser.c" 
..\parser.c: In function 'parser_EmployeeFromBinary':
..\parser.c:58:3: warning: 'empleado' may be used uninitialized in this function [-Wmaybe-uninitialized]
   58 |   fread(empleado,sizeof(Employee*),1,pFile);
      |   ^~~~~~~~~~~~~~~~~~~~~~~~~~~~~~~~~~~~~~~~~
gcc "-LC:\\Users\\Yeller\\Desktop\\UTN\\eclipse_tp3_v3 SEGURO\\tp3_windows" -o tp3_windows.exe Controller.o Employee.o Input.o main.o parser.o -lLinkedList 
c:/mingw/bin/../lib/gcc/mingw32/9.2.0/../../../../mingw32/bin/ld.exe: cannot open output file tp3_windows.exe: Permission denied
collect2.exe: error: ld returned 1 exit status
19:20:03 **** Incremental Build of configuration Debug for project tp3_windows ****
Info: Internal Builder is used for build
gcc -O0 -g3 -Wall -c -fmessage-length=0 -o parser.o "..\\parser.c" 
gcc "-LC:\\Users\\Yeller\\Desktop\\UTN\\eclipse_tp3_v3 SEGURO\\tp3_windows" -o tp3_windows.exe Controller.o Employee.o Input.o main.o parser.o -lLinkedList 
c:/mingw/bin/../lib/gcc/mingw32/9.2.0/../../../../mingw32/bin/ld.exe: cannot open output file tp3_windows.exe: Permission denied
collect2.exe: error: ld returned 1 exit status
19:20:16 **** Incremental Build of configuration Debug for project tp3_windows ****
Info: Internal Builder is used for build
gcc -O0 -g3 -Wall -c -fmessage-length=0 -o parser.o "..\\parser.c" 
gcc "-LC:\\Users\\Yeller\\Desktop\\UTN\\eclipse_tp3_v3 SEGURO\\tp3_windows" -o tp3_windows.exe Controller.o Employee.o Input.o main.o parser.o -lLinkedList 
c:/mingw/bin/../lib/gcc/mingw32/9.2.0/../../../../mingw32/bin/ld.exe: cannot open output file tp3_windows.exe: Permission denied
collect2.exe: error: ld returned 1 exit status
19:42:38 **** Incremental Build of configuration Debug for project tp3_windows ****
Info: Internal Builder is used for build
gcc -O0 -g3 -Wall -c -fmessage-length=0 -o parser.o "..\\parser.c" 
gcc -O0 -g3 -Wall -c -fmessage-length=0 -o Controller.o "..\\Controller.c" 
..\Controller.c: In function 'controller_saveAsText':
..\Controller.c:350:42: warning: passing argument 2 of 'employee_getId' makes pointer from integer without a cast [-Wint-conversion]
  350 |              employee_getId(empleadoFree,id);
      |                                          ^~
      |                                          |
      |                                          int
In file included from ..\Controller.c:5:
..\Employee.h:16:40: note: expected 'int *' but argument is of type 'int'
   16 | int employee_getId(Employee* this,int* id);
      |                                   ~~~~~^~
..\Controller.c:352:46: warning: passing argument 2 of 'employee_getSueldo' makes pointer from integer without a cast [-Wint-conversion]
  352 |              employee_getSueldo(empleadoFree,sueldo);
      |                                              ^~~~~~
      |                                              |
      |                                              int
In file included from ..\Controller.c:5:
..\Employee.h:25:44: note: expected 'int *' but argument is of type 'int'
   25 | int employee_getSueldo(Employee* this,int* sueldo);
      |                                       ~~~~~^~~~~~
..\Controller.c:353:55: warning: passing argument 2 of 'employee_getHorasTrabajadas' makes pointer from integer without a cast [-Wint-conversion]
  353 |              employee_getHorasTrabajadas(empleadoFree,horas);
      |                                                       ^~~~~
      |                                                       |
      |                                                       int
In file included from ..\Controller.c:5:
..\Employee.h:22:53: note: expected 'int *' but argument is of type 'int'
   22 | int employee_getHorasTrabajadas(Employee* this,int* horasTrabajadas);
      |                                                ~~~~~^~~~~~~~~~~~~~~
..\Controller.c:354:46: error: invalid type argument of unary '*' (have 'int')
  354 |              fprintf(archivo,"%d,%s,%d,%d\n",*id,nombre,*sueldo,*horas);
      |                                              ^~~
..\Controller.c:354:57: error: invalid type argument of unary '*' (have 'int')
  354 |              fprintf(archivo,"%d,%s,%d,%d\n",*id,nombre,*sueldo,*horas);
      |                                                         ^~~~~~~
..\Controller.c:354:65: error: invalid type argument of unary '*' (have 'int')
  354 |              fprintf(archivo,"%d,%s,%d,%d\n",*id,nombre,*sueldo,*horas);
      |                                                                 ^~~~~~
..\Controller.c:361:43: error: 'i' undeclared (first use in this function); did you mean 'id'?
  361 |          if(ll_len(pArrayListEmployee) == i ){
      |                                           ^
      |                                           id
..\Controller.c:361:43: note: each undeclared identifier is reported only once for each function it appears in
..\Controller.c: In function 'controller_saveAsBinary':
..\Controller.c:382:10: warning: suggest parentheses around comparison in operand of '&' [-Wparentheses]
  382 |  if(path != NULL &  pArrayListEmployee != NULL){
      |          ^
..\Controller.c:381:12: warning: unused variable 'empleado' [-Wunused-variable]
  381 |  Employee* empleado;
      |            ^~~~~~~~
19:42:39 **** Incremental Build of configuration Debug for project tp3_windows ****
Info: Internal Builder is used for build
gcc -O0 -g3 -Wall -c -fmessage-length=0 -o Controller.o "..\\Controller.c" 
..\Controller.c: In function 'controller_saveAsText':
..\Controller.c:350:42: warning: passing argument 2 of 'employee_getId' makes pointer from integer without a cast [-Wint-conversion]
  350 |              employee_getId(empleadoFree,id);
      |                                          ^~
      |                                          |
      |                                          int
In file included from ..\Controller.c:5:
..\Employee.h:16:40: note: expected 'int *' but argument is of type 'int'
   16 | int employee_getId(Employee* this,int* id);
      |                                   ~~~~~^~
..\Controller.c:352:46: warning: passing argument 2 of 'employee_getSueldo' makes pointer from integer without a cast [-Wint-conversion]
  352 |              employee_getSueldo(empleadoFree,sueldo);
      |                                              ^~~~~~
      |                                              |
      |                                              int
In file included from ..\Controller.c:5:
..\Employee.h:25:44: note: expected 'int *' but argument is of type 'int'
   25 | int employee_getSueldo(Employee* this,int* sueldo);
      |                                       ~~~~~^~~~~~
..\Controller.c:353:55: warning: passing argument 2 of 'employee_getHorasTrabajadas' makes pointer from integer without a cast [-Wint-conversion]
  353 |              employee_getHorasTrabajadas(empleadoFree,horas);
      |                                                       ^~~~~
      |                                                       |
      |                                                       int
In file included from ..\Controller.c:5:
..\Employee.h:22:53: note: expected 'int *' but argument is of type 'int'
   22 | int employee_getHorasTrabajadas(Employee* this,int* horasTrabajadas);
      |                                                ~~~~~^~~~~~~~~~~~~~~
..\Controller.c:354:46: error: invalid type argument of unary '*' (have 'int')
  354 |              fprintf(archivo,"%d,%s,%d,%d\n",*id,nombre,*sueldo,*horas);
      |                                              ^~~
..\Controller.c:354:57: error: invalid type argument of unary '*' (have 'int')
  354 |              fprintf(archivo,"%d,%s,%d,%d\n",*id,nombre,*sueldo,*horas);
      |                                                         ^~~~~~~
..\Controller.c:354:65: error: invalid type argument of unary '*' (have 'int')
  354 |              fprintf(archivo,"%d,%s,%d,%d\n",*id,nombre,*sueldo,*horas);
      |                                                                 ^~~~~~
..\Controller.c:361:43: error: 'i' undeclared (first use in this function); did you mean 'id'?
  361 |          if(ll_len(pArrayListEmployee) == i ){
      |                                           ^
      |                                           id
..\Controller.c:361:43: note: each undeclared identifier is reported only once for each function it appears in
..\Controller.c: In function 'controller_saveAsBinary':
..\Controller.c:382:10: warning: suggest parentheses around comparison in operand of '&' [-Wparentheses]
  382 |  if(path != NULL &  pArrayListEmployee != NULL){
      |          ^
..\Controller.c:381:12: warning: unused variable 'empleado' [-Wunused-variable]
  381 |  Employee* empleado;
      |            ^~~~~~~~
19:42:56 **** Incremental Build of configuration Debug for project tp3_windows ****
Info: Internal Builder is used for build
gcc -O0 -g3 -Wall -c -fmessage-length=0 -o Controller.o "..\\Controller.c" 
..\Controller.c: In function 'controller_saveAsText':
..\Controller.c:352:42: warning: passing argument 2 of 'employee_getId' makes pointer from integer without a cast [-Wint-conversion]
  352 |              employee_getId(empleadoFree,id);
      |                                          ^~
      |                                          |
      |                                          int
In file included from ..\Controller.c:5:
..\Employee.h:16:40: note: expected 'int *' but argument is of type 'int'
   16 | int employee_getId(Employee* this,int* id);
      |                                   ~~~~~^~
..\Controller.c:354:46: warning: passing argument 2 of 'employee_getSueldo' makes pointer from integer without a cast [-Wint-conversion]
  354 |              employee_getSueldo(empleadoFree,sueldo);
      |                                              ^~~~~~
      |                                              |
      |                                              int
In file included from ..\Controller.c:5:
..\Employee.h:25:44: note: expected 'int *' but argument is of type 'int'
   25 | int employee_getSueldo(Employee* this,int* sueldo);
      |                                       ~~~~~^~~~~~
..\Controller.c:355:55: warning: passing argument 2 of 'employee_getHorasTrabajadas' makes pointer from integer without a cast [-Wint-conversion]
  355 |              employee_getHorasTrabajadas(empleadoFree,horas);
      |                                                       ^~~~~
      |                                                       |
      |                                                       int
In file included from ..\Controller.c:5:
..\Employee.h:22:53: note: expected 'int *' but argument is of type 'int'
   22 | int employee_getHorasTrabajadas(Employee* this,int* horasTrabajadas);
      |                                                ~~~~~^~~~~~~~~~~~~~~
..\Controller.c:356:46: error: invalid type argument of unary '*' (have 'int')
  356 |              fprintf(archivo,"%d,%s,%d,%d\n",*id,nombre,*sueldo,*horas);
      |                                              ^~~
..\Controller.c:356:57: error: invalid type argument of unary '*' (have 'int')
  356 |              fprintf(archivo,"%d,%s,%d,%d\n",*id,nombre,*sueldo,*horas);
      |                                                         ^~~~~~~
..\Controller.c:356:65: error: invalid type argument of unary '*' (have 'int')
  356 |              fprintf(archivo,"%d,%s,%d,%d\n",*id,nombre,*sueldo,*horas);
      |                                                                 ^~~~~~
..\Controller.c: In function 'controller_saveAsBinary':
..\Controller.c:384:10: warning: suggest parentheses around comparison in operand of '&' [-Wparentheses]
  384 |  if(path != NULL &  pArrayListEmployee != NULL){
      |          ^
..\Controller.c:383:12: warning: unused variable 'empleado' [-Wunused-variable]
  383 |  Employee* empleado;
      |            ^~~~~~~~
19:43:13 **** Incremental Build of configuration Debug for project tp3_windows ****
Info: Internal Builder is used for build
gcc -O0 -g3 -Wall -c -fmessage-length=0 -o Controller.o "..\\Controller.c" 
..\Controller.c: In function 'controller_saveAsText':
..\Controller.c:353:47: warning: passing argument 2 of 'employee_getNombre' from incompatible pointer type [-Wincompatible-pointer-types]
  353 |              employee_getNombre(empleadoFree, &nombre);
      |                                               ^~~~~~~
      |                                               |
      |                                               char (*)[128]
In file included from ..\Controller.c:5:
..\Employee.h:19:45: note: expected 'char *' but argument is of type 'char (*)[128]'
   19 | int employee_getNombre(Employee* this,char* nombre);
      |                                       ~~~~~~^~~~~~
..\Controller.c:356:46: error: invalid type argument of unary '*' (have 'int')
  356 |              fprintf(archivo,"%d,%s,%d,%d\n",*id,nombre,*sueldo,*horas);
      |                                              ^~~
..\Controller.c:356:57: error: invalid type argument of unary '*' (have 'int')
  356 |              fprintf(archivo,"%d,%s,%d,%d\n",*id,nombre,*sueldo,*horas);
      |                                                         ^~~~~~~
..\Controller.c:356:65: error: invalid type argument of unary '*' (have 'int')
  356 |              fprintf(archivo,"%d,%s,%d,%d\n",*id,nombre,*sueldo,*horas);
      |                                                                 ^~~~~~
..\Controller.c: In function 'controller_saveAsBinary':
..\Controller.c:384:10: warning: suggest parentheses around comparison in operand of '&' [-Wparentheses]
  384 |  if(path != NULL &  pArrayListEmployee != NULL){
      |          ^
..\Controller.c:383:12: warning: unused variable 'empleado' [-Wunused-variable]
  383 |  Employee* empleado;
      |            ^~~~~~~~
19:43:18 **** Incremental Build of configuration Debug for project tp3_windows ****
Info: Internal Builder is used for build
gcc -O0 -g3 -Wall -c -fmessage-length=0 -o Controller.o "..\\Controller.c" 
..\Controller.c: In function 'controller_saveAsText':
..\Controller.c:356:46: error: invalid type argument of unary '*' (have 'int')
  356 |              fprintf(archivo,"%d,%s,%d,%d\n",*id,nombre,*sueldo,*horas);
      |                                              ^~~
..\Controller.c:356:57: error: invalid type argument of unary '*' (have 'int')
  356 |              fprintf(archivo,"%d,%s,%d,%d\n",*id,nombre,*sueldo,*horas);
      |                                                         ^~~~~~~
..\Controller.c:356:65: error: invalid type argument of unary '*' (have 'int')
  356 |              fprintf(archivo,"%d,%s,%d,%d\n",*id,nombre,*sueldo,*horas);
      |                                                                 ^~~~~~
..\Controller.c: In function 'controller_saveAsBinary':
..\Controller.c:384:10: warning: suggest parentheses around comparison in operand of '&' [-Wparentheses]
  384 |  if(path != NULL &  pArrayListEmployee != NULL){
      |          ^
..\Controller.c:383:12: warning: unused variable 'empleado' [-Wunused-variable]
  383 |  Employee* empleado;
      |            ^~~~~~~~
19:43:33 **** Incremental Build of configuration Debug for project tp3_windows ****
Info: Internal Builder is used for build
gcc -O0 -g3 -Wall -c -fmessage-length=0 -o Controller.o "..\\Controller.c" 
..\Controller.c: In function 'controller_saveAsBinary':
..\Controller.c:384:10: warning: suggest parentheses around comparison in operand of '&' [-Wparentheses]
  384 |  if(path != NULL &  pArrayListEmployee != NULL){
      |          ^
..\Controller.c:383:12: warning: unused variable 'empleado' [-Wunused-variable]
  383 |  Employee* empleado;
      |            ^~~~~~~~
gcc "-LC:\\Users\\Yeller\\Desktop\\UTN\\eclipse_tp3_v3 SEGURO\\tp3_windows" -o tp3_windows.exe Controller.o Employee.o Input.o main.o parser.o -lLinkedList 
19:46:22 **** Incremental Build of configuration Debug for project tp3_windows ****
Info: Internal Builder is used for build
gcc -O0 -g3 -Wall -c -fmessage-length=0 -o Controller.o "..\\Controller.c" 
..\Controller.c: In function 'controller_saveAsText':
..\Controller.c:351:14: error: 'employee' undeclared (first use in this function); did you mean 'Employee'?
  351 |           if(employee == NULL){
      |              ^~~~~~~~
      |              Employee
..\Controller.c:351:14: note: each undeclared identifier is reported only once for each function it appears in
..\Controller.c: In function 'controller_saveAsBinary':
..\Controller.c:386:10: warning: suggest parentheses around comparison in operand of '&' [-Wparentheses]
  386 |  if(path != NULL &  pArrayListEmployee != NULL){
      |          ^
..\Controller.c:385:12: warning: unused variable 'empleado' [-Wunused-variable]
  385 |  Employee* empleado;
      |            ^~~~~~~~
19:46:28 **** Incremental Build of configuration Debug for project tp3_windows ****
Info: Internal Builder is used for build
gcc -O0 -g3 -Wall -c -fmessage-length=0 -o Controller.o "..\\Controller.c" 
..\Controller.c: In function 'controller_saveAsText':
..\Controller.c:351:14: error: 'empleado' undeclared (first use in this function); did you mean 'empleadoFree'?
  351 |           if(empleado == NULL){
      |              ^~~~~~~~
      |              empleadoFree
..\Controller.c:351:14: note: each undeclared identifier is reported only once for each function it appears in
..\Controller.c: In function 'controller_saveAsBinary':
..\Controller.c:386:10: warning: suggest parentheses around comparison in operand of '&' [-Wparentheses]
  386 |  if(path != NULL &  pArrayListEmployee != NULL){
      |          ^
..\Controller.c:385:12: warning: unused variable 'empleado' [-Wunused-variable]
  385 |  Employee* empleado;
      |            ^~~~~~~~
19:46:44 **** Incremental Build of configuration Debug for project tp3_windows ****
Info: Internal Builder is used for build
gcc -O0 -g3 -Wall -c -fmessage-length=0 -o Controller.o "..\\Controller.c" 
..\Controller.c: In function 'controller_saveAsBinary':
..\Controller.c:386:10: warning: suggest parentheses around comparison in operand of '&' [-Wparentheses]
  386 |  if(path != NULL &  pArrayListEmployee != NULL){
      |          ^
..\Controller.c:385:12: warning: unused variable 'empleado' [-Wunused-variable]
  385 |  Employee* empleado;
      |            ^~~~~~~~
gcc "-LC:\\Users\\Yeller\\Desktop\\UTN\\eclipse_tp3_v3 SEGURO\\tp3_windows" -o tp3_windows.exe Controller.o Employee.o Input.o main.o parser.o -lLinkedList 
18:41:57 **** Incremental Build of configuration Debug for project tp3_windows ****
Info: Internal Builder is used for build
gcc -O0 -g3 -Wall -c -fmessage-length=0 -o parser.o "..\\parser.c" 
gcc "-LC:\\Users\\Yeller\\Desktop\\UTN\\eclipse_tp3_v3 SEGURO\\tp3_windows" -o tp3_windows.exe Controller.o Employee.o Input.o main.o parser.o -lLinkedList 
20:14:18 **** Rebuild of configuration Debug for project tp3_windows ****
Info: Internal Builder is used for build
gcc -O0 -g3 -Wall -c -fmessage-length=0 -o main.o "..\\main.c" 
gcc -O0 -g3 -Wall -c -fmessage-length=0 -o parser.o "..\\parser.c" 
gcc -O0 -g3 -Wall -c -fmessage-length=0 -o Input.o "..\\Input.c" 
gcc -O0 -g3 -Wall -c -fmessage-length=0 -o Controller.o "..\\Controller.c" 
..\Controller.c: In function 'controller_saveAsBinary':
..\Controller.c:385:18: error: too few arguments to function 'fopen'
  385 |        archivo = fopen(path);
      |                  ^~~~~
In file included from ..\Controller.c:1:
c:\mingw\include\stdio.h:260:41: note: declared here
  260 | _CRTIMP __cdecl __MINGW_NOTHROW  FILE * fopen (const char *, const char *);
      |                                         ^~~~~
20:14:41 **** Incremental Build of configuration Debug for project tp3_windows ****
Info: Internal Builder is used for build
gcc -O0 -g3 -Wall -c -fmessage-length=0 -o Controller.o "..\\Controller.c" 
gcc "-LC:\\Users\\Yeller\\Desktop\\UTN\\eclipse_tp3_v3 SEGURO\\tp3_windows" -o tp3_windows.exe Controller.o Employee.o Input.o main.o parser.o -lLinkedList 
Info: Nothing to build for tp3_windows
Info: Nothing to build for tp3_windows
20:18:22 **** Incremental Build of configuration Debug for project tp3_windows ****
Info: Internal Builder is used for build
gcc -O0 -g3 -Wall -c -fmessage-length=0 -o Employee.o "..\\Employee.c" 
gcc "-LC:\\Users\\Yeller\\Desktop\\UTN\\eclipse_tp3_v3 SEGURO\\tp3_windows" -o tp3_windows.exe Controller.o Employee.o Input.o main.o parser.o -lLinkedList 
c:/mingw/bin/../lib/gcc/mingw32/9.2.0/../../../../mingw32/bin/ld.exe: cannot open output file tp3_windows.exe: Permission denied
collect2.exe: error: ld returned 1 exit status
20:18:23 **** Incremental Build of configuration Debug for project tp3_windows ****
Info: Internal Builder is used for build
gcc "-LC:\\Users\\Yeller\\Desktop\\UTN\\eclipse_tp3_v3 SEGURO\\tp3_windows" -o tp3_windows.exe Controller.o Employee.o Input.o main.o parser.o -lLinkedList 
20:23:50 **** Incremental Build of configuration Debug for project tp3_windows ****
Info: Internal Builder is used for build
gcc -O0 -g3 -Wall -c -fmessage-length=0 -o Employee.o "..\\Employee.c" 
gcc -O0 -g3 -Wall -c -fmessage-length=0 -o Controller.o "..\\Controller.c" 
gcc "-LC:\\Users\\Yeller\\Desktop\\UTN\\eclipse_tp3_v3 SEGURO\\tp3_windows" -o tp3_windows.exe Controller.o Employee.o Input.o main.o parser.o -lLinkedList 
c:/mingw/bin/../lib/gcc/mingw32/9.2.0/../../../../mingw32/bin/ld.exe: cannot open output file tp3_windows.exe: Permission denied
collect2.exe: error: ld returned 1 exit status
20:23:52 **** Incremental Build of configuration Debug for project tp3_windows ****
Info: Internal Builder is used for build
gcc "-LC:\\Users\\Yeller\\Desktop\\UTN\\eclipse_tp3_v3 SEGURO\\tp3_windows" -o tp3_windows.exe Controller.o Employee.o Input.o main.o parser.o -lLinkedList 
20:34:52 **** Incremental Build of configuration Debug for project tp3_windows ****
Info: Internal Builder is used for build
gcc -O0 -g3 -Wall -c -fmessage-length=0 -o Controller.o "..\\Controller.c" 
gcc -O0 -g3 -Wall -c -fmessage-length=0 -o parser.o "..\\parser.c" 
gcc "-LC:\\Users\\Yeller\\Desktop\\UTN\\eclipse_tp3_v3 SEGURO\\tp3_windows" -o tp3_windows.exe Controller.o Employee.o Input.o main.o parser.o -lLinkedList 
c:/mingw/bin/../lib/gcc/mingw32/9.2.0/../../../../mingw32/bin/ld.exe: cannot open output file tp3_windows.exe: Permission denied
collect2.exe: error: ld returned 1 exit status
20:34:54 **** Incremental Build of configuration Debug for project tp3_windows ****
Info: Internal Builder is used for build
gcc "-LC:\\Users\\Yeller\\Desktop\\UTN\\eclipse_tp3_v3 SEGURO\\tp3_windows" -o tp3_windows.exe Controller.o Employee.o Input.o main.o parser.o -lLinkedList 
20:36:36 **** Incremental Build of configuration Debug for project tp3_windows ****
Info: Internal Builder is used for build
gcc -O0 -g3 -Wall -c -fmessage-length=0 -o Controller.o "..\\Controller.c" 
..\Controller.c: In function 'controller_nextID':
..\Controller.c:63:9: warning: variable 'idAnterior' set but not used [-Wunused-but-set-variable]
   63 |     int idAnterior;
      |         ^~~~~~~~~~
gcc "-LC:\\Users\\Yeller\\Desktop\\UTN\\eclipse_tp3_v3 SEGURO\\tp3_windows" -o tp3_windows.exe Controller.o Employee.o Input.o main.o parser.o -lLinkedList 
c:/mingw/bin/../lib/gcc/mingw32/9.2.0/../../../../mingw32/bin/ld.exe: cannot open output file tp3_windows.exe: Permission denied
collect2.exe: error: ld returned 1 exit status
20:37:22 **** Incremental Build of configuration Debug for project tp3_windows ****
Info: Internal Builder is used for build
gcc -O0 -g3 -Wall -c -fmessage-length=0 -o Controller.o "..\\Controller.c" 
gcc "-LC:\\Users\\Yeller\\Desktop\\UTN\\eclipse_tp3_v3 SEGURO\\tp3_windows" -o tp3_windows.exe Controller.o Employee.o Input.o main.o parser.o -lLinkedList 
c:/mingw/bin/../lib/gcc/mingw32/9.2.0/../../../../mingw32/bin/ld.exe: cannot open output file tp3_windows.exe: Permission denied
collect2.exe: error: ld returned 1 exit status
20:37:25 **** Incremental Build of configuration Debug for project tp3_windows ****
Info: Internal Builder is used for build
gcc "-LC:\\Users\\Yeller\\Desktop\\UTN\\eclipse_tp3_v3 SEGURO\\tp3_windows" -o tp3_windows.exe Controller.o Employee.o Input.o main.o parser.o -lLinkedList 
20:54:30 **** Incremental Build of configuration Debug for project tp3_windows ****
Info: Internal Builder is used for build
gcc -O0 -g3 -Wall -c -fmessage-length=0 -o Controller.o "..\\Controller.c" 
..\Controller.c: In function 'controller_addEmployee':
..\Controller.c:109:7: warning: implicit declaration of function 'controller_nextID'; did you mean 'controller_LoadNextId'? [-Wimplicit-function-declaration]
  109 |  id = controller_nextID(pArrayListEmployee) ;
      |       ^~~~~~~~~~~~~~~~~
      |       controller_LoadNextId
gcc -O0 -g3 -Wall -c -fmessage-length=0 -o main.o "..\\main.c" 
gcc "-LC:\\Users\\Yeller\\Desktop\\UTN\\eclipse_tp3_v3 SEGURO\\tp3_windows" -o tp3_windows.exe Controller.o Employee.o Input.o main.o parser.o -lLinkedList 
c:/mingw/bin/../lib/gcc/mingw32/9.2.0/../../../../mingw32/bin/ld.exe: cannot open output file tp3_windows.exe: Permission denied
collect2.exe: error: ld returned 1 exit status
20:54:48 **** Incremental Build of configuration Debug for project tp3_windows ****
Info: Internal Builder is used for build
gcc -O0 -g3 -Wall -c -fmessage-length=0 -o Controller.o "..\\Controller.c" 
gcc "-LC:\\Users\\Yeller\\Desktop\\UTN\\eclipse_tp3_v3 SEGURO\\tp3_windows" -o tp3_windows.exe Controller.o Employee.o Input.o main.o parser.o -lLinkedList 
c:/mingw/bin/../lib/gcc/mingw32/9.2.0/../../../../mingw32/bin/ld.exe: cannot open output file tp3_windows.exe: Permission denied
collect2.exe: error: ld returned 1 exit status
20:54:50 **** Incremental Build of configuration Debug for project tp3_windows ****
Info: Internal Builder is used for build
gcc "-LC:\\Users\\Yeller\\Desktop\\UTN\\eclipse_tp3_v3 SEGURO\\tp3_windows" -o tp3_windows.exe Controller.o Employee.o Input.o main.o parser.o -lLinkedList 
20:56:44 **** Incremental Build of configuration Debug for project tp3_windows ****
Info: Internal Builder is used for build
gcc -O0 -g3 -Wall -c -fmessage-length=0 -o Controller.o "..\\Controller.c" 
gcc "-LC:\\Users\\Yeller\\Desktop\\UTN\\eclipse_tp3_v3 SEGURO\\tp3_windows" -o tp3_windows.exe Controller.o Employee.o Input.o main.o parser.o -lLinkedList 
c:/mingw/bin/../lib/gcc/mingw32/9.2.0/../../../../mingw32/bin/ld.exe: cannot open output file tp3_windows.exe: Permission denied
collect2.exe: error: ld returned 1 exit status
20:56:45 **** Incremental Build of configuration Debug for project tp3_windows ****
Info: Internal Builder is used for build
gcc "-LC:\\Users\\Yeller\\Desktop\\UTN\\eclipse_tp3_v3 SEGURO\\tp3_windows" -o tp3_windows.exe Controller.o Employee.o Input.o main.o parser.o -lLinkedList 
20:57:57 **** Incremental Build of configuration Debug for project tp3_windows ****
Info: Internal Builder is used for build
gcc -O0 -g3 -Wall -c -fmessage-length=0 -o Controller.o "..\\Controller.c" 
gcc "-LC:\\Users\\Yeller\\Desktop\\UTN\\eclipse_tp3_v3 SEGURO\\tp3_windows" -o tp3_windows.exe Controller.o Employee.o Input.o main.o parser.o -lLinkedList 
c:/mingw/bin/../lib/gcc/mingw32/9.2.0/../../../../mingw32/bin/ld.exe: cannot open output file tp3_windows.exe: Permission denied
collect2.exe: error: ld returned 1 exit status
20:58:25 **** Incremental Build of configuration Debug for project tp3_windows ****
Info: Internal Builder is used for build
gcc -O0 -g3 -Wall -c -fmessage-length=0 -o Controller.o "..\\Controller.c" 
gcc "-LC:\\Users\\Yeller\\Desktop\\UTN\\eclipse_tp3_v3 SEGURO\\tp3_windows" -o tp3_windows.exe Controller.o Employee.o Input.o main.o parser.o -lLinkedList 
c:/mingw/bin/../lib/gcc/mingw32/9.2.0/../../../../mingw32/bin/ld.exe: cannot open output file tp3_windows.exe: Permission denied
collect2.exe: error: ld returned 1 exit status
20:58:27 **** Incremental Build of configuration Debug for project tp3_windows ****
Info: Internal Builder is used for build
gcc "-LC:\\Users\\Yeller\\Desktop\\UTN\\eclipse_tp3_v3 SEGURO\\tp3_windows" -o tp3_windows.exe Controller.o Employee.o Input.o main.o parser.o -lLinkedList 
21:02:08 **** Incremental Build of configuration Debug for project tp3_windows ****
Info: Internal Builder is used for build
gcc -O0 -g3 -Wall -c -fmessage-length=0 -o Controller.o "..\\Controller.c" 
gcc "-LC:\\Users\\Yeller\\Desktop\\UTN\\eclipse_tp3_v3 SEGURO\\tp3_windows" -o tp3_windows.exe Controller.o Employee.o Input.o main.o parser.o -lLinkedList 
c:/mingw/bin/../lib/gcc/mingw32/9.2.0/../../../../mingw32/bin/ld.exe: cannot open output file tp3_windows.exe: Permission denied
collect2.exe: error: ld returned 1 exit status
21:02:10 **** Incremental Build of configuration Debug for project tp3_windows ****
Info: Internal Builder is used for build
gcc "-LC:\\Users\\Yeller\\Desktop\\UTN\\eclipse_tp3_v3 SEGURO\\tp3_windows" -o tp3_windows.exe Controller.o Employee.o Input.o main.o parser.o -lLinkedList 
21:15:47 **** Incremental Build of configuration Debug for project tp3_windows ****
Info: Internal Builder is used for build
gcc -O0 -g3 -Wall -c -fmessage-length=0 -o Controller.o "..\\Controller.c" 
..\Controller.c: In function 'controller_LoadNextId':
..\Controller.c:63:9: warning: unused variable 'idAnterior' [-Wunused-variable]
   63 |     int idAnterior;
      |         ^~~~~~~~~~
gcc "-LC:\\Users\\Yeller\\Desktop\\UTN\\eclipse_tp3_v3 SEGURO\\tp3_windows" -o tp3_windows.exe Controller.o Employee.o Input.o main.o parser.o -lLinkedList 
c:/mingw/bin/../lib/gcc/mingw32/9.2.0/../../../../mingw32/bin/ld.exe: cannot open output file tp3_windows.exe: Permission denied
collect2.exe: error: ld returned 1 exit status
21:15:50 **** Incremental Build of configuration Debug for project tp3_windows ****
Info: Internal Builder is used for build
gcc -O0 -g3 -Wall -c -fmessage-length=0 -o Controller.o "..\\Controller.c" 
gcc "-LC:\\Users\\Yeller\\Desktop\\UTN\\eclipse_tp3_v3 SEGURO\\tp3_windows" -o tp3_windows.exe Controller.o Employee.o Input.o main.o parser.o -lLinkedList 
c:/mingw/bin/../lib/gcc/mingw32/9.2.0/../../../../mingw32/bin/ld.exe: cannot open output file tp3_windows.exe: Permission denied
collect2.exe: error: ld returned 1 exit status
21:15:55 **** Incremental Build of configuration Debug for project tp3_windows ****
Info: Internal Builder is used for build
gcc -O0 -g3 -Wall -c -fmessage-length=0 -o Controller.o "..\\Controller.c" 
gcc "-LC:\\Users\\Yeller\\Desktop\\UTN\\eclipse_tp3_v3 SEGURO\\tp3_windows" -o tp3_windows.exe Controller.o Employee.o Input.o main.o parser.o -lLinkedList 
Info: Nothing to build for tp3_windows
Info: Nothing to build for tp3_windows
16:34:08 **** Rebuild of configuration Debug for project tp3_windows ****
Info: Internal Builder is used for build
gcc -O0 -g3 -Wall -c -fmessage-length=0 -o main.o "..\\main.c" 
gcc -O0 -g3 -Wall -c -fmessage-length=0 -o parser.o "..\\parser.c" 
gcc -O0 -g3 -Wall -c -fmessage-length=0 -o Employee.o "..\\Employee.c" 
gcc -O0 -g3 -Wall -c -fmessage-length=0 -o Input.o "..\\Input.c" 
gcc -O0 -g3 -Wall -c -fmessage-length=0 -o Controller.o "..\\Controller.c" 
gcc "-LC:\\Users\\Yeller\\Desktop\\UTN\\eclipse_tp3_v3 SEGURO\\tp3_windows" -o tp3_windows.exe Controller.o Employee.o Input.o main.o parser.o -lLinkedList 
Info: Nothing to build for tp3_windows
Info: Nothing to build for tp3_windows
Info: Nothing to build for tp3_windows
Info: Nothing to build for tp3_windows
Info: Nothing to build for tp3_windows
Info: Nothing to build for tp3_windows
19:14:23 **** Incremental Build of configuration Debug for project tp3_windows ****
Info: Internal Builder is used for build
gcc -O0 -g3 -Wall -c -fmessage-length=0 -o parser.o "..\\parser.c" 
gcc -O0 -g3 -Wall -c -fmessage-length=0 -o Controller.o "..\\Controller.c" 
gcc "-LC:\\Users\\Yeller\\Desktop\\UTN\\eclipse_tp3_v3 SEGURO\\tp3_windows" -o tp3_windows.exe Controller.o Employee.o Input.o main.o parser.o -lLinkedList 
Info: Nothing to build for tp3_windows
Info: Nothing to build for tp3_windows
Info: Nothing to build for tp3_windows
19:52:17 **** Incremental Build of configuration Debug for project tp3_windows ****
Info: Internal Builder is used for build
gcc -O0 -g3 -Wall -c -fmessage-length=0 -o Controller.o "..\\Controller.c" 
gcc -O0 -g3 -Wall -c -fmessage-length=0 -o main.o "..\\main.c" 
gcc "-LC:\\Users\\Yeller\\Desktop\\UTN\\eclipse_tp3_v3 SEGURO\\tp3_windows" -o tp3_windows.exe Controller.o Employee.o Input.o main.o parser.o -lLinkedList 
c:/mingw/bin/../lib/gcc/mingw32/9.2.0/../../../../mingw32/bin/ld.exe: cannot open output file tp3_windows.exe: Permission denied
collect2.exe: error: ld returned 1 exit status
19:52:19 **** Incremental Build of configuration Debug for project tp3_windows ****
Info: Internal Builder is used for build
gcc "-LC:\\Users\\Yeller\\Desktop\\UTN\\eclipse_tp3_v3 SEGURO\\tp3_windows" -o tp3_windows.exe Controller.o Employee.o Input.o main.o parser.o -lLinkedList 
20:02:18 **** Incremental Build of configuration Debug for project tp3_windows ****
Info: Internal Builder is used for build
gcc -O0 -g3 -Wall -c -fmessage-length=0 -o Input.o "..\\Input.c" 
..\Input.c:78:5: error: conflicting types for 'ObtenerEnteroEntreRango'
   78 | int ObtenerEnteroEntreRango(int* pResultado, char mensaje[], int min, int max, int reintentos){
      |     ^~~~~~~~~~~~~~~~~~~~~~~
In file included from ..\Input.c:5:
..\Input.h:24:5: note: previous declaration of 'ObtenerEnteroEntreRango' was here
   24 | int ObtenerEnteroEntreRango(int* pResultado, char mensaje[], int min, int max);
      |     ^~~~~~~~~~~~~~~~~~~~~~~
20:02:30 **** Incremental Build of configuration Debug for project tp3_windows ****
Info: Internal Builder is used for build
gcc -O0 -g3 -Wall -c -fmessage-length=0 -o main.o "..\\main.c" 
gcc -O0 -g3 -Wall -c -fmessage-length=0 -o Input.o "..\\Input.c" 
gcc -O0 -g3 -Wall -c -fmessage-length=0 -o Controller.o "..\\Controller.c" 
..\Controller.c: In function 'controller_sortEmployee':
..\Controller.c:303:5: error: too few arguments to function 'ObtenerEnteroEntreRango'
  303 |     ObtenerEnteroEntreRango(&opcion,"Opcion: ",1,4);
      |     ^~~~~~~~~~~~~~~~~~~~~~~
In file included from ..\Controller.c:7:
..\Input.h:24:5: note: declared here
   24 | int ObtenerEnteroEntreRango(int* pResultado, char mensaje[], int min, int max, int reintentos);
      |     ^~~~~~~~~~~~~~~~~~~~~~~
20:02:37 **** Incremental Build of configuration Debug for project tp3_windows ****
Info: Internal Builder is used for build
gcc -O0 -g3 -Wall -c -fmessage-length=0 -o Controller.o "..\\Controller.c" 
gcc "-LC:\\Users\\Yeller\\Desktop\\UTN\\eclipse_tp3_v3 SEGURO\\tp3_windows" -o tp3_windows.exe Controller.o Employee.o Input.o main.o parser.o -lLinkedList 
c:/mingw/bin/../lib/gcc/mingw32/9.2.0/../../../../mingw32/bin/ld.exe: cannot open output file tp3_windows.exe: Permission denied
collect2.exe: error: ld returned 1 exit status
20:07:33 **** Incremental Build of configuration Debug for project tp3_windows ****
Info: Internal Builder is used for build
gcc -O0 -g3 -Wall -c -fmessage-length=0 -o Input.o "..\\Input.c" 
..\Input.c:59:5: error: conflicting types for 'ObtenerEntero'
   59 | int ObtenerEntero(int* pResultado, char mensaje[], int reintentos){
      |     ^~~~~~~~~~~~~
In file included from ..\Input.c:5:
..\Input.h:44:5: note: previous declaration of 'ObtenerEntero' was here
   44 | int ObtenerEntero(int* pResultado, char mensaje[]);
      |     ^~~~~~~~~~~~~
..\Input.c: In function 'ObtenerEntero':
..\Input.c:73:24: warning: format '%d' expects a matching 'int' argument [-Wformat=]
   73 |     printf("Le quedan %d intentos restantes");
      |                       ~^
      |                        |
      |                        int
..\Input.c: In function 'ObtenerEnteroEntreRango':
..\Input.c:99:24: warning: format '%d' expects a matching 'int' argument [-Wformat=]
   99 |     printf("Le quedan %d intentos restantes");
      |                       ~^
      |                        |
      |                        int
20:07:47 **** Incremental Build of configuration Debug for project tp3_windows ****
Info: Internal Builder is used for build
gcc -O0 -g3 -Wall -c -fmessage-length=0 -o Input.o "..\\Input.c" 
..\Input.c:59:5: error: conflicting types for 'ObtenerEntero'
   59 | int ObtenerEntero(int* pResultado, char mensaje[], int reintentos){
      |     ^~~~~~~~~~~~~
In file included from ..\Input.c:5:
..\Input.h:44:5: note: previous declaration of 'ObtenerEntero' was here
   44 | int ObtenerEntero(int* pResultado, char mensaje[]);
      |     ^~~~~~~~~~~~~
20:08:01 **** Incremental Build of configuration Debug for project tp3_windows ****
Info: Internal Builder is used for build
gcc -O0 -g3 -Wall -c -fmessage-length=0 -o Input.o "..\\Input.c" 
gcc -O0 -g3 -Wall -c -fmessage-length=0 -o main.o "..\\main.c" 
gcc -O0 -g3 -Wall -c -fmessage-length=0 -o Controller.o "..\\Controller.c" 
..\Controller.c: In function 'controller_addEmployee':
..\Controller.c:108:2: error: too many arguments to function 'ObtenerString'
  108 |  ObtenerString("Ingrese el nombre","Error", nombre, sizeof(nombre),3);
      |  ^~~~~~~~~~~~~
In file included from ..\Controller.c:7:
..\Input.h:32:5: note: declared here
   32 | int ObtenerString(char mensaje[],char mensajeError[], char cadena[], int tam);
      |     ^~~~~~~~~~~~~
..\Controller.c: In function 'controller_editEmployee':
..\Controller.c:143:3: error: too few arguments to function 'ObtenerEntero'
  143 |   ObtenerEntero(&id, "Que empleado desea modificar? Ingresar ID: ");
      |   ^~~~~~~~~~~~~
In file included from ..\Controller.c:7:
..\Input.h:44:5: note: declared here
   44 | int ObtenerEntero(int* pResultado, char mensaje[], int reintentos);
      |     ^~~~~~~~~~~~~
..\Controller.c:165:8: error: too few arguments to function 'ObtenerEntero'
  165 |        ObtenerEntero(&sueldo,"Ingrese el nuevo sueldo: ");
      |        ^~~~~~~~~~~~~
In file included from ..\Controller.c:7:
..\Input.h:44:5: note: declared here
   44 | int ObtenerEntero(int* pResultado, char mensaje[], int reintentos);
      |     ^~~~~~~~~~~~~
..\Controller.c:170:8: error: too few arguments to function 'ObtenerEntero'
  170 |        ObtenerEntero(&horasTrabajadas,"Ingrese las nuevas horas trabajadas");
      |        ^~~~~~~~~~~~~
In file included from ..\Controller.c:7:
..\Input.h:44:5: note: declared here
   44 | int ObtenerEntero(int* pResultado, char mensaje[], int reintentos);
      |     ^~~~~~~~~~~~~
..\Controller.c: In function 'controller_removeEmployee':
..\Controller.c:207:3: error: too few arguments to function 'ObtenerEntero'
  207 |   ObtenerEntero(&id, "Que empleado desea eliminar? Ingresar ID: ");
      |   ^~~~~~~~~~~~~
In file included from ..\Controller.c:7:
..\Input.h:44:5: note: declared here
   44 | int ObtenerEntero(int* pResultado, char mensaje[], int reintentos);
      |     ^~~~~~~~~~~~~
20:09:20 **** Incremental Build of configuration Debug for project tp3_windows ****
Info: Internal Builder is used for build
gcc -O0 -g3 -Wall -c -fmessage-length=0 -o Input.o "..\\Input.c" 
..\Input.c:21:5: error: conflicting types for 'ObtenerString'
   21 | int ObtenerString(char mensaje[],char mensajeError[], char cadena[], int tam, int reintentos) {
      |     ^~~~~~~~~~~~~
In file included from ..\Input.c:5:
..\Input.h:32:5: note: previous declaration of 'ObtenerString' was here
   32 | int ObtenerString(char mensaje[],char mensajeError[], char cadena[], int tam);
      |     ^~~~~~~~~~~~~
20:09:39 **** Incremental Build of configuration Debug for project tp3_windows ****
Info: Internal Builder is used for build
gcc -O0 -g3 -Wall -c -fmessage-length=0 -o Input.o "..\\Input.c" 
gcc -O0 -g3 -Wall -c -fmessage-length=0 -o main.o "..\\main.c" 
gcc -O0 -g3 -Wall -c -fmessage-length=0 -o Controller.o "..\\Controller.c" 
..\Controller.c: In function 'controller_editEmployee':
..\Controller.c:143:3: error: too few arguments to function 'ObtenerEntero'
  143 |   ObtenerEntero(&id, "Que empleado desea modificar? Ingresar ID: ");
      |   ^~~~~~~~~~~~~
In file included from ..\Controller.c:7:
..\Input.h:44:5: note: declared here
   44 | int ObtenerEntero(int* pResultado, char mensaje[], int reintentos);
      |     ^~~~~~~~~~~~~
..\Controller.c:160:8: error: too few arguments to function 'ObtenerString'
  160 |        ObtenerString("Ingrese un nuevo nombre: ","Error",nombre,sizeof(nombre));
      |        ^~~~~~~~~~~~~
In file included from ..\Controller.c:7:
..\Input.h:32:5: note: declared here
   32 | int ObtenerString(char mensaje[],char mensajeError[], char cadena[], int tam, int reintentos);
      |     ^~~~~~~~~~~~~
..\Controller.c:165:8: error: too few arguments to function 'ObtenerEntero'
  165 |        ObtenerEntero(&sueldo,"Ingrese el nuevo sueldo: ");
      |        ^~~~~~~~~~~~~
In file included from ..\Controller.c:7:
..\Input.h:44:5: note: declared here
   44 | int ObtenerEntero(int* pResultado, char mensaje[], int reintentos);
      |     ^~~~~~~~~~~~~
..\Controller.c:170:8: error: too few arguments to function 'ObtenerEntero'
  170 |        ObtenerEntero(&horasTrabajadas,"Ingrese las nuevas horas trabajadas");
      |        ^~~~~~~~~~~~~
In file included from ..\Controller.c:7:
..\Input.h:44:5: note: declared here
   44 | int ObtenerEntero(int* pResultado, char mensaje[], int reintentos);
      |     ^~~~~~~~~~~~~
..\Controller.c: In function 'controller_removeEmployee':
..\Controller.c:207:3: error: too few arguments to function 'ObtenerEntero'
  207 |   ObtenerEntero(&id, "Que empleado desea eliminar? Ingresar ID: ");
      |   ^~~~~~~~~~~~~
In file included from ..\Controller.c:7:
..\Input.h:44:5: note: declared here
   44 | int ObtenerEntero(int* pResultado, char mensaje[], int reintentos);
      |     ^~~~~~~~~~~~~
20:09:48 **** Incremental Build of configuration Debug for project tp3_windows ****
Info: Internal Builder is used for build
gcc -O0 -g3 -Wall -c -fmessage-length=0 -o Controller.o "..\\Controller.c" 
..\Controller.c: In function 'controller_editEmployee':
..\Controller.c:160:8: error: too few arguments to function 'ObtenerString'
  160 |        ObtenerString("Ingrese un nuevo nombre: ","Error",nombre,sizeof(nombre));
      |        ^~~~~~~~~~~~~
In file included from ..\Controller.c:7:
..\Input.h:32:5: note: declared here
   32 | int ObtenerString(char mensaje[],char mensajeError[], char cadena[], int tam, int reintentos);
      |     ^~~~~~~~~~~~~
..\Controller.c:165:8: error: too few arguments to function 'ObtenerEntero'
  165 |        ObtenerEntero(&sueldo,"Ingrese el nuevo sueldo: ");
      |        ^~~~~~~~~~~~~
In file included from ..\Controller.c:7:
..\Input.h:44:5: note: declared here
   44 | int ObtenerEntero(int* pResultado, char mensaje[], int reintentos);
      |     ^~~~~~~~~~~~~
..\Controller.c:170:8: error: too few arguments to function 'ObtenerEntero'
  170 |        ObtenerEntero(&horasTrabajadas,"Ingrese las nuevas horas trabajadas");
      |        ^~~~~~~~~~~~~
In file included from ..\Controller.c:7:
..\Input.h:44:5: note: declared here
   44 | int ObtenerEntero(int* pResultado, char mensaje[], int reintentos);
      |     ^~~~~~~~~~~~~
..\Controller.c: In function 'controller_removeEmployee':
..\Controller.c:207:3: error: too few arguments to function 'ObtenerEntero'
  207 |   ObtenerEntero(&id, "Que empleado desea eliminar? Ingresar ID: ");
      |   ^~~~~~~~~~~~~
In file included from ..\Controller.c:7:
..\Input.h:44:5: note: declared here
   44 | int ObtenerEntero(int* pResultado, char mensaje[], int reintentos);
      |     ^~~~~~~~~~~~~
20:10:01 **** Incremental Build of configuration Debug for project tp3_windows ****
Info: Internal Builder is used for build
gcc -O0 -g3 -Wall -c -fmessage-length=0 -o Controller.o "..\\Controller.c" 
..\Controller.c: In function 'controller_removeEmployee':
..\Controller.c:207:3: error: too few arguments to function 'ObtenerEntero'
  207 |   ObtenerEntero(&id, "Que empleado desea eliminar? Ingresar ID: ");
      |   ^~~~~~~~~~~~~
In file included from ..\Controller.c:7:
..\Input.h:44:5: note: declared here
   44 | int ObtenerEntero(int* pResultado, char mensaje[], int reintentos);
      |     ^~~~~~~~~~~~~
20:10:08 **** Incremental Build of configuration Debug for project tp3_windows ****
Info: Internal Builder is used for build
gcc -O0 -g3 -Wall -c -fmessage-length=0 -o Controller.o "..\\Controller.c" 
gcc "-LC:\\Users\\Yeller\\Desktop\\UTN\\eclipse_tp3_v3 SEGURO\\tp3_windows" -o tp3_windows.exe Controller.o Employee.o Input.o main.o parser.o -lLinkedList 
c:/mingw/bin/../lib/gcc/mingw32/9.2.0/../../../../mingw32/bin/ld.exe: cannot open output file tp3_windows.exe: Permission denied
collect2.exe: error: ld returned 1 exit status
20:10:11 **** Incremental Build of configuration Debug for project tp3_windows ****
Info: Internal Builder is used for build
gcc "-LC:\\Users\\Yeller\\Desktop\\UTN\\eclipse_tp3_v3 SEGURO\\tp3_windows" -o tp3_windows.exe Controller.o Employee.o Input.o main.o parser.o -lLinkedList 
20:11:25 **** Incremental Build of configuration Debug for project tp3_windows ****
Info: Internal Builder is used for build
gcc -O0 -g3 -Wall -c -fmessage-length=0 -o Controller.o "..\\Controller.c" 
gcc "-LC:\\Users\\Yeller\\Desktop\\UTN\\eclipse_tp3_v3 SEGURO\\tp3_windows" -o tp3_windows.exe Controller.o Employee.o Input.o main.o parser.o -lLinkedList 
c:/mingw/bin/../lib/gcc/mingw32/9.2.0/../../../../mingw32/bin/ld.exe: cannot open output file tp3_windows.exe: Permission denied
collect2.exe: error: ld returned 1 exit status
20:11:26 **** Incremental Build of configuration Debug for project tp3_windows ****
Info: Internal Builder is used for build
gcc "-LC:\\Users\\Yeller\\Desktop\\UTN\\eclipse_tp3_v3 SEGURO\\tp3_windows" -o tp3_windows.exe Controller.o Employee.o Input.o main.o parser.o -lLinkedList 
20:13:23 **** Incremental Build of configuration Debug for project tp3_windows ****
Info: Internal Builder is used for build
gcc -O0 -g3 -Wall -c -fmessage-length=0 -o Controller.o "..\\Controller.c" 
gcc "-LC:\\Users\\Yeller\\Desktop\\UTN\\eclipse_tp3_v3 SEGURO\\tp3_windows" -o tp3_windows.exe Controller.o Employee.o Input.o main.o parser.o -lLinkedList 
c:/mingw/bin/../lib/gcc/mingw32/9.2.0/../../../../mingw32/bin/ld.exe: cannot open output file tp3_windows.exe: Permission denied
collect2.exe: error: ld returned 1 exit status
20:13:25 **** Incremental Build of configuration Debug for project tp3_windows ****
Info: Internal Builder is used for build
gcc "-LC:\\Users\\Yeller\\Desktop\\UTN\\eclipse_tp3_v3 SEGURO\\tp3_windows" -o tp3_windows.exe Controller.o Employee.o Input.o main.o parser.o -lLinkedList 
Info: Nothing to build for tp3_windows
Info: Nothing to build for tp3_windows
20:14:51 **** Incremental Build of configuration Debug for project tp3_windows ****
Info: Internal Builder is used for build
gcc -O0 -g3 -Wall -c -fmessage-length=0 -o Controller.o "..\\Controller.c" 
gcc "-LC:\\Users\\Yeller\\Desktop\\UTN\\eclipse_tp3_v3 SEGURO\\tp3_windows" -o tp3_windows.exe Controller.o Employee.o Input.o main.o parser.o -lLinkedList 
c:/mingw/bin/../lib/gcc/mingw32/9.2.0/../../../../mingw32/bin/ld.exe: cannot open output file tp3_windows.exe: Permission denied
collect2.exe: error: ld returned 1 exit status
20:14:52 **** Incremental Build of configuration Debug for project tp3_windows ****
Info: Internal Builder is used for build
gcc "-LC:\\Users\\Yeller\\Desktop\\UTN\\eclipse_tp3_v3 SEGURO\\tp3_windows" -o tp3_windows.exe Controller.o Employee.o Input.o main.o parser.o -lLinkedList 
20:15:40 **** Incremental Build of configuration Debug for project tp3_windows ****
Info: Internal Builder is used for build
gcc -O0 -g3 -Wall -c -fmessage-length=0 -o Controller.o "..\\Controller.c" 
gcc "-LC:\\Users\\Yeller\\Desktop\\UTN\\eclipse_tp3_v3 SEGURO\\tp3_windows" -o tp3_windows.exe Controller.o Employee.o Input.o main.o parser.o -lLinkedList 
c:/mingw/bin/../lib/gcc/mingw32/9.2.0/../../../../mingw32/bin/ld.exe: cannot open output file tp3_windows.exe: Permission denied
collect2.exe: error: ld returned 1 exit status
20:15:41 **** Incremental Build of configuration Debug for project tp3_windows ****
Info: Internal Builder is used for build
gcc "-LC:\\Users\\Yeller\\Desktop\\UTN\\eclipse_tp3_v3 SEGURO\\tp3_windows" -o tp3_windows.exe Controller.o Employee.o Input.o main.o parser.o -lLinkedList 
c:/mingw/bin/../lib/gcc/mingw32/9.2.0/../../../../mingw32/bin/ld.exe: cannot open output file tp3_windows.exe: Permission denied
collect2.exe: error: ld returned 1 exit status
20:15:41 **** Incremental Build of configuration Debug for project tp3_windows ****
Info: Internal Builder is used for build
gcc "-LC:\\Users\\Yeller\\Desktop\\UTN\\eclipse_tp3_v3 SEGURO\\tp3_windows" -o tp3_windows.exe Controller.o Employee.o Input.o main.o parser.o -lLinkedList 
20:19:02 **** Incremental Build of configuration Debug for project tp3_windows ****
Info: Internal Builder is used for build
gcc -O0 -g3 -Wall -c -fmessage-length=0 -o Input.o "..\\Input.c" 
gcc "-LC:\\Users\\Yeller\\Desktop\\UTN\\eclipse_tp3_v3 SEGURO\\tp3_windows" -o tp3_windows.exe Controller.o Employee.o Input.o main.o parser.o -lLinkedList 
c:/mingw/bin/../lib/gcc/mingw32/9.2.0/../../../../mingw32/bin/ld.exe: cannot open output file tp3_windows.exe: Permission denied
collect2.exe: error: ld returned 1 exit status
20:19:03 **** Incremental Build of configuration Debug for project tp3_windows ****
Info: Internal Builder is used for build
gcc "-LC:\\Users\\Yeller\\Desktop\\UTN\\eclipse_tp3_v3 SEGURO\\tp3_windows" -o tp3_windows.exe Controller.o Employee.o Input.o main.o parser.o -lLinkedList 
20:19:52 **** Incremental Build of configuration Debug for project tp3_windows ****
Info: Internal Builder is used for build
gcc -O0 -g3 -Wall -c -fmessage-length=0 -o Input.o "..\\Input.c" 
..\Input.c: In function 'ObtenerString':
..\Input.c:40:25: warning: format '%d' expects a matching 'int' argument [-Wformat=]
   40 |      printf("Le quedan %d intentos restantes");
      |                        ~^
      |                         |
      |                         int
gcc "-LC:\\Users\\Yeller\\Desktop\\UTN\\eclipse_tp3_v3 SEGURO\\tp3_windows" -o tp3_windows.exe Controller.o Employee.o Input.o main.o parser.o -lLinkedList 
c:/mingw/bin/../lib/gcc/mingw32/9.2.0/../../../../mingw32/bin/ld.exe: cannot open output file tp3_windows.exe: Permission denied
collect2.exe: error: ld returned 1 exit status
20:20:00 **** Incremental Build of configuration Debug for project tp3_windows ****
Info: Internal Builder is used for build
gcc -O0 -g3 -Wall -c -fmessage-length=0 -o Input.o "..\\Input.c" 
gcc "-LC:\\Users\\Yeller\\Desktop\\UTN\\eclipse_tp3_v3 SEGURO\\tp3_windows" -o tp3_windows.exe Controller.o Employee.o Input.o main.o parser.o -lLinkedList 
c:/mingw/bin/../lib/gcc/mingw32/9.2.0/../../../../mingw32/bin/ld.exe: cannot open output file tp3_windows.exe: Permission denied
collect2.exe: error: ld returned 1 exit status
20:20:02 **** Incremental Build of configuration Debug for project tp3_windows ****
Info: Internal Builder is used for build
gcc "-LC:\\Users\\Yeller\\Desktop\\UTN\\eclipse_tp3_v3 SEGURO\\tp3_windows" -o tp3_windows.exe Controller.o Employee.o Input.o main.o parser.o -lLinkedList 
20:20:33 **** Incremental Build of configuration Debug for project tp3_windows ****
Info: Internal Builder is used for build
gcc -O0 -g3 -Wall -c -fmessage-length=0 -o Input.o "..\\Input.c" 
gcc "-LC:\\Users\\Yeller\\Desktop\\UTN\\eclipse_tp3_v3 SEGURO\\tp3_windows" -o tp3_windows.exe Controller.o Employee.o Input.o main.o parser.o -lLinkedList 
c:/mingw/bin/../lib/gcc/mingw32/9.2.0/../../../../mingw32/bin/ld.exe: cannot open output file tp3_windows.exe: Permission denied
collect2.exe: error: ld returned 1 exit status
20:20:34 **** Incremental Build of configuration Debug for project tp3_windows ****
Info: Internal Builder is used for build
gcc "-LC:\\Users\\Yeller\\Desktop\\UTN\\eclipse_tp3_v3 SEGURO\\tp3_windows" -o tp3_windows.exe Controller.o Employee.o Input.o main.o parser.o -lLinkedList 
20:21:59 **** Incremental Build of configuration Debug for project tp3_windows ****
Info: Internal Builder is used for build
gcc -O0 -g3 -Wall -c -fmessage-length=0 -o Input.o "..\\Input.c" 
gcc "-LC:\\Users\\Yeller\\Desktop\\UTN\\eclipse_tp3_v3 SEGURO\\tp3_windows" -o tp3_windows.exe Controller.o Employee.o Input.o main.o parser.o -lLinkedList 
c:/mingw/bin/../lib/gcc/mingw32/9.2.0/../../../../mingw32/bin/ld.exe: cannot open output file tp3_windows.exe: Permission denied
collect2.exe: error: ld returned 1 exit status
20:22:00 **** Incremental Build of configuration Debug for project tp3_windows ****
Info: Internal Builder is used for build
gcc "-LC:\\Users\\Yeller\\Desktop\\UTN\\eclipse_tp3_v3 SEGURO\\tp3_windows" -o tp3_windows.exe Controller.o Employee.o Input.o main.o parser.o -lLinkedList 
20:31:31 **** Incremental Build of configuration Debug for project tp3_windows ****
Info: Internal Builder is used for build
gcc -O0 -g3 -Wall -c -fmessage-length=0 -o Input.o "..\\Input.c" 
..\Input.c:21:5: error: conflicting types for 'ObtenerString'
   21 | int ObtenerString(char mensaje[], char cadena[], int tam, int reintentos) {
      |     ^~~~~~~~~~~~~
In file included from ..\Input.c:5:
..\Input.h:32:5: note: previous declaration of 'ObtenerString' was here
   32 | int ObtenerString(char mensaje[],char mensajeError[], char cadena[], int tam, int reintentos);
      |     ^~~~~~~~~~~~~
20:31:48 **** Incremental Build of configuration Debug for project tp3_windows ****
Info: Internal Builder is used for build
gcc -O0 -g3 -Wall -c -fmessage-length=0 -o Input.o "..\\Input.c" 
gcc -O0 -g3 -Wall -c -fmessage-length=0 -o main.o "..\\main.c" 
gcc -O0 -g3 -Wall -c -fmessage-length=0 -o Controller.o "..\\Controller.c" 
..\Controller.c: In function 'controller_addEmployee':
..\Controller.c:108:45: warning: passing argument 3 of 'ObtenerString' makes integer from pointer without a cast [-Wint-conversion]
  108 |  ObtenerString("Ingrese el nombre","Error", nombre, sizeof(nombre),3);
      |                                             ^~~~~~
      |                                             |
      |                                             char *
In file included from ..\Controller.c:7:
..\Input.h:32:54: note: expected 'int' but argument is of type 'char *'
   32 | int ObtenerString(char mensaje[], char cadena[], int tam, int reintentos);
      |                                                  ~~~~^~~
..\Controller.c:108:2: error: too many arguments to function 'ObtenerString'
  108 |  ObtenerString("Ingrese el nombre","Error", nombre, sizeof(nombre),3);
      |  ^~~~~~~~~~~~~
In file included from ..\Controller.c:7:
..\Input.h:32:5: note: declared here
   32 | int ObtenerString(char mensaje[], char cadena[], int tam, int reintentos);
      |     ^~~~~~~~~~~~~
..\Controller.c: In function 'controller_editEmployee':
..\Controller.c:160:84: warning: passing argument 3 of 'ObtenerString' makes integer from pointer without a cast [-Wint-conversion]
  160 |         if(ObtenerString("Ingrese un nuevo nombre: ","\nError al cargar el nombre",nombre,sizeof(nombre),3) == 0){
      |                                                                                    ^~~~~~
      |                                                                                    |
      |                                                                                    char *
In file included from ..\Controller.c:7:
..\Input.h:32:54: note: expected 'int' but argument is of type 'char *'
   32 | int ObtenerString(char mensaje[], char cadena[], int tam, int reintentos);
      |                                                  ~~~~^~~
..\Controller.c:160:12: error: too many arguments to function 'ObtenerString'
  160 |         if(ObtenerString("Ingrese un nuevo nombre: ","\nError al cargar el nombre",nombre,sizeof(nombre),3) == 0){
      |            ^~~~~~~~~~~~~
In file included from ..\Controller.c:7:
..\Input.h:32:5: note: declared here
   32 | int ObtenerString(char mensaje[], char cadena[], int tam, int reintentos);
      |     ^~~~~~~~~~~~~
20:31:56 **** Incremental Build of configuration Debug for project tp3_windows ****
Info: Internal Builder is used for build
gcc -O0 -g3 -Wall -c -fmessage-length=0 -o Controller.o "..\\Controller.c" 
..\Controller.c: In function 'controller_editEmployee':
..\Controller.c:160:84: warning: passing argument 3 of 'ObtenerString' makes integer from pointer without a cast [-Wint-conversion]
  160 |         if(ObtenerString("Ingrese un nuevo nombre: ","\nError al cargar el nombre",nombre,sizeof(nombre),3) == 0){
      |                                                                                    ^~~~~~
      |                                                                                    |
      |                                                                                    char *
In file included from ..\Controller.c:7:
..\Input.h:32:54: note: expected 'int' but argument is of type 'char *'
   32 | int ObtenerString(char mensaje[], char cadena[], int tam, int reintentos);
      |                                                  ~~~~^~~
..\Controller.c:160:12: error: too many arguments to function 'ObtenerString'
  160 |         if(ObtenerString("Ingrese un nuevo nombre: ","\nError al cargar el nombre",nombre,sizeof(nombre),3) == 0){
      |            ^~~~~~~~~~~~~
In file included from ..\Controller.c:7:
..\Input.h:32:5: note: declared here
   32 | int ObtenerString(char mensaje[], char cadena[], int tam, int reintentos);
      |     ^~~~~~~~~~~~~
20:32:03 **** Incremental Build of configuration Debug for project tp3_windows ****
Info: Internal Builder is used for build
gcc -O0 -g3 -Wall -c -fmessage-length=0 -o Controller.o "..\\Controller.c" 
gcc "-LC:\\Users\\Yeller\\Desktop\\UTN\\eclipse_tp3_v3 SEGURO\\tp3_windows" -o tp3_windows.exe Controller.o Employee.o Input.o main.o parser.o -lLinkedList 
c:/mingw/bin/../lib/gcc/mingw32/9.2.0/../../../../mingw32/bin/ld.exe: cannot open output file tp3_windows.exe: Permission denied
collect2.exe: error: ld returned 1 exit status
20:32:06 **** Incremental Build of configuration Debug for project tp3_windows ****
Info: Internal Builder is used for build
gcc "-LC:\\Users\\Yeller\\Desktop\\UTN\\eclipse_tp3_v3 SEGURO\\tp3_windows" -o tp3_windows.exe Controller.o Employee.o Input.o main.o parser.o -lLinkedList 
c:/mingw/bin/../lib/gcc/mingw32/9.2.0/../../../../mingw32/bin/ld.exe: cannot open output file tp3_windows.exe: Permission denied
collect2.exe: error: ld returned 1 exit status
20:32:07 **** Incremental Build of configuration Debug for project tp3_windows ****
Info: Internal Builder is used for build
gcc "-LC:\\Users\\Yeller\\Desktop\\UTN\\eclipse_tp3_v3 SEGURO\\tp3_windows" -o tp3_windows.exe Controller.o Employee.o Input.o main.o parser.o -lLinkedList 
c:/mingw/bin/../lib/gcc/mingw32/9.2.0/../../../../mingw32/bin/ld.exe: cannot open output file tp3_windows.exe: Permission denied
collect2.exe: error: ld returned 1 exit status
20:32:07 **** Incremental Build of configuration Debug for project tp3_windows ****
Info: Internal Builder is used for build
gcc "-LC:\\Users\\Yeller\\Desktop\\UTN\\eclipse_tp3_v3 SEGURO\\tp3_windows" -o tp3_windows.exe Controller.o Employee.o Input.o main.o parser.o -lLinkedList 
c:/mingw/bin/../lib/gcc/mingw32/9.2.0/../../../../mingw32/bin/ld.exe: cannot open output file tp3_windows.exe: Permission denied
collect2.exe: error: ld returned 1 exit status
20:32:10 **** Incremental Build of configuration Debug for project tp3_windows ****
Info: Internal Builder is used for build
gcc "-LC:\\Users\\Yeller\\Desktop\\UTN\\eclipse_tp3_v3 SEGURO\\tp3_windows" -o tp3_windows.exe Controller.o Employee.o Input.o main.o parser.o -lLinkedList 
c:/mingw/bin/../lib/gcc/mingw32/9.2.0/../../../../mingw32/bin/ld.exe: cannot open output file tp3_windows.exe: Permission denied
collect2.exe: error: ld returned 1 exit status
20:32:44 **** Incremental Build of configuration Debug for project tp3_windows ****
Info: Internal Builder is used for build
gcc -O0 -g3 -Wall -c -fmessage-length=0 -o Input.o "..\\Input.c" 
gcc "-LC:\\Users\\Yeller\\Desktop\\UTN\\eclipse_tp3_v3 SEGURO\\tp3_windows" -o tp3_windows.exe Controller.o Employee.o Input.o main.o parser.o -lLinkedList 
c:/mingw/bin/../lib/gcc/mingw32/9.2.0/../../../../mingw32/bin/ld.exe: cannot open output file tp3_windows.exe: Permission denied
collect2.exe: error: ld returned 1 exit status
20:32:46 **** Incremental Build of configuration Debug for project tp3_windows ****
Info: Internal Builder is used for build
gcc "-LC:\\Users\\Yeller\\Desktop\\UTN\\eclipse_tp3_v3 SEGURO\\tp3_windows" -o tp3_windows.exe Controller.o Employee.o Input.o main.o parser.o -lLinkedList 
20:36:27 **** Incremental Build of configuration Debug for project tp3_windows ****
Info: Internal Builder is used for build
gcc -O0 -g3 -Wall -c -fmessage-length=0 -o Controller.o "..\\Controller.c" 
gcc "-LC:\\Users\\Yeller\\Desktop\\UTN\\eclipse_tp3_v3 SEGURO\\tp3_windows" -o tp3_windows.exe Controller.o Employee.o Input.o main.o parser.o -lLinkedList 
c:/mingw/bin/../lib/gcc/mingw32/9.2.0/../../../../mingw32/bin/ld.exe: cannot open output file tp3_windows.exe: Permission denied
collect2.exe: error: ld returned 1 exit status
20:36:29 **** Incremental Build of configuration Debug for project tp3_windows ****
Info: Internal Builder is used for build
gcc "-LC:\\Users\\Yeller\\Desktop\\UTN\\eclipse_tp3_v3 SEGURO\\tp3_windows" -o tp3_windows.exe Controller.o Employee.o Input.o main.o parser.o -lLinkedList 
Info: Nothing to build for tp3_windows
20:38:19 **** Incremental Build of configuration Debug for project tp3_windows ****
Info: Internal Builder is used for build
gcc -O0 -g3 -Wall -c -fmessage-length=0 -o parser.o "..\\parser.c" 
gcc "-LC:\\Users\\Yeller\\Desktop\\UTN\\eclipse_tp3_v3 SEGURO\\tp3_windows" -o tp3_windows.exe Controller.o Employee.o Input.o main.o parser.o -lLinkedList 
c:/mingw/bin/../lib/gcc/mingw32/9.2.0/../../../../mingw32/bin/ld.exe: cannot open output file tp3_windows.exe: Permission denied
collect2.exe: error: ld returned 1 exit status
20:38:20 **** Incremental Build of configuration Debug for project tp3_windows ****
Info: Internal Builder is used for build
gcc "-LC:\\Users\\Yeller\\Desktop\\UTN\\eclipse_tp3_v3 SEGURO\\tp3_windows" -o tp3_windows.exe Controller.o Employee.o Input.o main.o parser.o -lLinkedList 
20:38:32 **** Incremental Build of configuration Debug for project tp3_windows ****
Info: Internal Builder is used for build
gcc -O0 -g3 -Wall -c -fmessage-length=0 -o parser.o "..\\parser.c" 
gcc "-LC:\\Users\\Yeller\\Desktop\\UTN\\eclipse_tp3_v3 SEGURO\\tp3_windows" -o tp3_windows.exe Controller.o Employee.o Input.o main.o parser.o -lLinkedList 
c:/mingw/bin/../lib/gcc/mingw32/9.2.0/../../../../mingw32/bin/ld.exe: cannot open output file tp3_windows.exe: Permission denied
collect2.exe: error: ld returned 1 exit status
20:38:33 **** Incremental Build of configuration Debug for project tp3_windows ****
Info: Internal Builder is used for build
gcc "-LC:\\Users\\Yeller\\Desktop\\UTN\\eclipse_tp3_v3 SEGURO\\tp3_windows" -o tp3_windows.exe Controller.o Employee.o Input.o main.o parser.o -lLinkedList 
20:39:51 **** Incremental Build of configuration Debug for project tp3_windows ****
Info: Internal Builder is used for build
gcc -O0 -g3 -Wall -c -fmessage-length=0 -o parser.o "..\\parser.c" 
gcc "-LC:\\Users\\Yeller\\Desktop\\UTN\\eclipse_tp3_v3 SEGURO\\tp3_windows" -o tp3_windows.exe Controller.o Employee.o Input.o main.o parser.o -lLinkedList 
c:/mingw/bin/../lib/gcc/mingw32/9.2.0/../../../../mingw32/bin/ld.exe: cannot open output file tp3_windows.exe: Permission denied
collect2.exe: error: ld returned 1 exit status
20:39:52 **** Incremental Build of configuration Debug for project tp3_windows ****
Info: Internal Builder is used for build
gcc "-LC:\\Users\\Yeller\\Desktop\\UTN\\eclipse_tp3_v3 SEGURO\\tp3_windows" -o tp3_windows.exe Controller.o Employee.o Input.o main.o parser.o -lLinkedList 
20:40:41 **** Incremental Build of configuration Debug for project tp3_windows ****
Info: Internal Builder is used for build
gcc -O0 -g3 -Wall -c -fmessage-length=0 -o parser.o "..\\parser.c" 
gcc "-LC:\\Users\\Yeller\\Desktop\\UTN\\eclipse_tp3_v3 SEGURO\\tp3_windows" -o tp3_windows.exe Controller.o Employee.o Input.o main.o parser.o -lLinkedList 
c:/mingw/bin/../lib/gcc/mingw32/9.2.0/../../../../mingw32/bin/ld.exe: cannot open output file tp3_windows.exe: Permission denied
collect2.exe: error: ld returned 1 exit status
20:40:42 **** Incremental Build of configuration Debug for project tp3_windows ****
Info: Internal Builder is used for build
gcc "-LC:\\Users\\Yeller\\Desktop\\UTN\\eclipse_tp3_v3 SEGURO\\tp3_windows" -o tp3_windows.exe Controller.o Employee.o Input.o main.o parser.o -lLinkedList 
20:42:13 **** Incremental Build of configuration Debug for project tp3_windows ****
Info: Internal Builder is used for build
gcc -O0 -g3 -Wall -c -fmessage-length=0 -o Controller.o "..\\Controller.c" 
gcc "-LC:\\Users\\Yeller\\Desktop\\UTN\\eclipse_tp3_v3 SEGURO\\tp3_windows" -o tp3_windows.exe Controller.o Employee.o Input.o main.o parser.o -lLinkedList 
c:/mingw/bin/../lib/gcc/mingw32/9.2.0/../../../../mingw32/bin/ld.exe: cannot open output file tp3_windows.exe: Permission denied
collect2.exe: error: ld returned 1 exit status
20:42:15 **** Incremental Build of configuration Debug for project tp3_windows ****
Info: Internal Builder is used for build
gcc "-LC:\\Users\\Yeller\\Desktop\\UTN\\eclipse_tp3_v3 SEGURO\\tp3_windows" -o tp3_windows.exe Controller.o Employee.o Input.o main.o parser.o -lLinkedList 
20:43:38 **** Incremental Build of configuration Debug for project tp3_windows ****
Info: Internal Builder is used for build
gcc -O0 -g3 -Wall -c -fmessage-length=0 -o Controller.o "..\\Controller.c" 
..\Controller.c: In function 'controller_removeEmployee':
..\Controller.c:208:6: warning: unused variable 'opcion' [-Wunused-variable]
  208 |  int opcion;
      |      ^~~~~~
gcc "-LC:\\Users\\Yeller\\Desktop\\UTN\\eclipse_tp3_v3 SEGURO\\tp3_windows" -o tp3_windows.exe Controller.o Employee.o Input.o main.o parser.o -lLinkedList 
c:/mingw/bin/../lib/gcc/mingw32/9.2.0/../../../../mingw32/bin/ld.exe: cannot open output file tp3_windows.exe: Permission denied
collect2.exe: error: ld returned 1 exit status
20:43:43 **** Incremental Build of configuration Debug for project tp3_windows ****
Info: Internal Builder is used for build
gcc -O0 -g3 -Wall -c -fmessage-length=0 -o Controller.o "..\\Controller.c" 
gcc "-LC:\\Users\\Yeller\\Desktop\\UTN\\eclipse_tp3_v3 SEGURO\\tp3_windows" -o tp3_windows.exe Controller.o Employee.o Input.o main.o parser.o -lLinkedList 
c:/mingw/bin/../lib/gcc/mingw32/9.2.0/../../../../mingw32/bin/ld.exe: cannot open output file tp3_windows.exe: Permission denied
collect2.exe: error: ld returned 1 exit status
20:43:44 **** Incremental Build of configuration Debug for project tp3_windows ****
Info: Internal Builder is used for build
gcc "-LC:\\Users\\Yeller\\Desktop\\UTN\\eclipse_tp3_v3 SEGURO\\tp3_windows" -o tp3_windows.exe Controller.o Employee.o Input.o main.o parser.o -lLinkedList 
20:44:37 **** Incremental Build of configuration Debug for project tp3_windows ****
Info: Internal Builder is used for build
gcc -O0 -g3 -Wall -c -fmessage-length=0 -o Controller.o "..\\Controller.c" 
gcc "-LC:\\Users\\Yeller\\Desktop\\UTN\\eclipse_tp3_v3 SEGURO\\tp3_windows" -o tp3_windows.exe Controller.o Employee.o Input.o main.o parser.o -lLinkedList 
c:/mingw/bin/../lib/gcc/mingw32/9.2.0/../../../../mingw32/bin/ld.exe: cannot open output file tp3_windows.exe: Permission denied
collect2.exe: error: ld returned 1 exit status
20:44:40 **** Incremental Build of configuration Debug for project tp3_windows ****
Info: Internal Builder is used for build
gcc "-LC:\\Users\\Yeller\\Desktop\\UTN\\eclipse_tp3_v3 SEGURO\\tp3_windows" -o tp3_windows.exe Controller.o Employee.o Input.o main.o parser.o -lLinkedList 
Info: Nothing to build for tp3_windows
Info: Nothing to build for tp3_windows
Info: Nothing to build for tp3_windows
Info: Nothing to build for tp3_windows
20:54:20 **** Incremental Build of configuration Debug for project tp3_windows ****
Info: Internal Builder is used for build
gcc -O0 -g3 -Wall -c -fmessage-length=0 -o Controller.o "..\\Controller.c" 
gcc "-LC:\\Users\\Yeller\\Desktop\\UTN\\eclipse_tp3_v3 SEGURO\\tp3_windows" -o tp3_windows.exe Controller.o Employee.o Input.o main.o parser.o -lLinkedList 
c:/mingw/bin/../lib/gcc/mingw32/9.2.0/../../../../mingw32/bin/ld.exe: cannot open output file tp3_windows.exe: Permission denied
collect2.exe: error: ld returned 1 exit status
20:54:22 **** Incremental Build of configuration Debug for project tp3_windows ****
Info: Internal Builder is used for build
gcc "-LC:\\Users\\Yeller\\Desktop\\UTN\\eclipse_tp3_v3 SEGURO\\tp3_windows" -o tp3_windows.exe Controller.o Employee.o Input.o main.o parser.o -lLinkedList 
20:54:53 **** Incremental Build of configuration Debug for project tp3_windows ****
Info: Internal Builder is used for build
gcc -O0 -g3 -Wall -c -fmessage-length=0 -o Controller.o "..\\Controller.c" 
gcc "-LC:\\Users\\Yeller\\Desktop\\UTN\\eclipse_tp3_v3 SEGURO\\tp3_windows" -o tp3_windows.exe Controller.o Employee.o Input.o main.o parser.o -lLinkedList 
c:/mingw/bin/../lib/gcc/mingw32/9.2.0/../../../../mingw32/bin/ld.exe: cannot open output file tp3_windows.exe: Permission denied
collect2.exe: error: ld returned 1 exit status
20:54:54 **** Incremental Build of configuration Debug for project tp3_windows ****
Info: Internal Builder is used for build
gcc "-LC:\\Users\\Yeller\\Desktop\\UTN\\eclipse_tp3_v3 SEGURO\\tp3_windows" -o tp3_windows.exe Controller.o Employee.o Input.o main.o parser.o -lLinkedList 
20:58:03 **** Incremental Build of configuration Debug for project tp3_windows ****
Info: Internal Builder is used for build
gcc -O0 -g3 -Wall -c -fmessage-length=0 -o Controller.o "..\\Controller.c" 
gcc "-LC:\\Users\\Yeller\\Desktop\\UTN\\eclipse_tp3_v3 SEGURO\\tp3_windows" -o tp3_windows.exe Controller.o Employee.o Input.o main.o parser.o -lLinkedList 
c:/mingw/bin/../lib/gcc/mingw32/9.2.0/../../../../mingw32/bin/ld.exe: cannot open output file tp3_windows.exe: Permission denied
collect2.exe: error: ld returned 1 exit status
20:58:03 **** Incremental Build of configuration Debug for project tp3_windows ****
Info: Internal Builder is used for build
gcc "-LC:\\Users\\Yeller\\Desktop\\UTN\\eclipse_tp3_v3 SEGURO\\tp3_windows" -o tp3_windows.exe Controller.o Employee.o Input.o main.o parser.o -lLinkedList 
c:/mingw/bin/../lib/gcc/mingw32/9.2.0/../../../../mingw32/bin/ld.exe: cannot open output file tp3_windows.exe: Permission denied
collect2.exe: error: ld returned 1 exit status
20:58:04 **** Incremental Build of configuration Debug for project tp3_windows ****
Info: Internal Builder is used for build
gcc "-LC:\\Users\\Yeller\\Desktop\\UTN\\eclipse_tp3_v3 SEGURO\\tp3_windows" -o tp3_windows.exe Controller.o Employee.o Input.o main.o parser.o -lLinkedList 
21:06:26 **** Incremental Build of configuration Debug for project tp3_windows ****
Info: Internal Builder is used for build
gcc -O0 -g3 -Wall -c -fmessage-length=0 -o Controller.o "..\\Controller.c" 
gcc -O0 -g3 -Wall -c -fmessage-length=0 -o main.o "..\\main.c" 
gcc "-LC:\\Users\\Yeller\\Desktop\\UTN\\eclipse_tp3_v3 SEGURO\\tp3_windows" -o tp3_windows.exe Controller.o Employee.o Input.o main.o parser.o -lLinkedList 
c:/mingw/bin/../lib/gcc/mingw32/9.2.0/../../../../mingw32/bin/ld.exe: cannot open output file tp3_windows.exe: Permission denied
collect2.exe: error: ld returned 1 exit status
21:06:28 **** Incremental Build of configuration Debug for project tp3_windows ****
Info: Internal Builder is used for build
gcc "-LC:\\Users\\Yeller\\Desktop\\UTN\\eclipse_tp3_v3 SEGURO\\tp3_windows" -o tp3_windows.exe Controller.o Employee.o Input.o main.o parser.o -lLinkedList 
21:06:41 **** Incremental Build of configuration Debug for project tp3_windows ****
Info: Internal Builder is used for build
gcc -O0 -g3 -Wall -c -fmessage-length=0 -o main.o "..\\main.c" 
gcc "-LC:\\Users\\Yeller\\Desktop\\UTN\\eclipse_tp3_v3 SEGURO\\tp3_windows" -o tp3_windows.exe Controller.o Employee.o Input.o main.o parser.o -lLinkedList 
c:/mingw/bin/../lib/gcc/mingw32/9.2.0/../../../../mingw32/bin/ld.exe: cannot open output file tp3_windows.exe: Permission denied
collect2.exe: error: ld returned 1 exit status
21:06:42 **** Incremental Build of configuration Debug for project tp3_windows ****
Info: Internal Builder is used for build
gcc "-LC:\\Users\\Yeller\\Desktop\\UTN\\eclipse_tp3_v3 SEGURO\\tp3_windows" -o tp3_windows.exe Controller.o Employee.o Input.o main.o parser.o -lLinkedList 
21:06:51 **** Incremental Build of configuration Debug for project tp3_windows ****
Info: Internal Builder is used for build
gcc -O0 -g3 -Wall -c -fmessage-length=0 -o main.o "..\\main.c" 
gcc "-LC:\\Users\\Yeller\\Desktop\\UTN\\eclipse_tp3_v3 SEGURO\\tp3_windows" -o tp3_windows.exe Controller.o Employee.o Input.o main.o parser.o -lLinkedList 
c:/mingw/bin/../lib/gcc/mingw32/9.2.0/../../../../mingw32/bin/ld.exe: cannot open output file tp3_windows.exe: Permission denied
collect2.exe: error: ld returned 1 exit status
21:06:52 **** Incremental Build of configuration Debug for project tp3_windows ****
Info: Internal Builder is used for build
gcc "-LC:\\Users\\Yeller\\Desktop\\UTN\\eclipse_tp3_v3 SEGURO\\tp3_windows" -o tp3_windows.exe Controller.o Employee.o Input.o main.o parser.o -lLinkedList 
21:08:51 **** Incremental Build of configuration Debug for project tp3_windows ****
Info: Internal Builder is used for build
gcc -O0 -g3 -Wall -c -fmessage-length=0 -o main.o "..\\main.c" 
gcc "-LC:\\Users\\Yeller\\Desktop\\UTN\\eclipse_tp3_v3 SEGURO\\tp3_windows" -o tp3_windows.exe Controller.o Employee.o Input.o main.o parser.o -lLinkedList 
c:/mingw/bin/../lib/gcc/mingw32/9.2.0/../../../../mingw32/bin/ld.exe: cannot open output file tp3_windows.exe: Permission denied
collect2.exe: error: ld returned 1 exit status
21:08:54 **** Incremental Build of configuration Debug for project tp3_windows ****
Info: Internal Builder is used for build
gcc "-LC:\\Users\\Yeller\\Desktop\\UTN\\eclipse_tp3_v3 SEGURO\\tp3_windows" -o tp3_windows.exe Controller.o Employee.o Input.o main.o parser.o -lLinkedList 
21:09:12 **** Incremental Build of configuration Debug for project tp3_windows ****
Info: Internal Builder is used for build
gcc -O0 -g3 -Wall -c -fmessage-length=0 -o main.o "..\\main.c" 
gcc "-LC:\\Users\\Yeller\\Desktop\\UTN\\eclipse_tp3_v3 SEGURO\\tp3_windows" -o tp3_windows.exe Controller.o Employee.o Input.o main.o parser.o -lLinkedList 
c:/mingw/bin/../lib/gcc/mingw32/9.2.0/../../../../mingw32/bin/ld.exe: cannot open output file tp3_windows.exe: Permission denied
collect2.exe: error: ld returned 1 exit status
21:09:12 **** Incremental Build of configuration Debug for project tp3_windows ****
Info: Internal Builder is used for build
gcc "-LC:\\Users\\Yeller\\Desktop\\UTN\\eclipse_tp3_v3 SEGURO\\tp3_windows" -o tp3_windows.exe Controller.o Employee.o Input.o main.o parser.o -lLinkedList 
c:/mingw/bin/../lib/gcc/mingw32/9.2.0/../../../../mingw32/bin/ld.exe: cannot open output file tp3_windows.exe: Permission denied
collect2.exe: error: ld returned 1 exit status
21:10:15 **** Incremental Build of configuration Debug for project tp3_windows ****
Info: Internal Builder is used for build
gcc -O0 -g3 -Wall -c -fmessage-length=0 -o main.o "..\\main.c" 
..\main.c: In function 'main':
..\main.c:67:24: warning: comparison between pointer and integer
   67 |      if(&opcionArchivo == 1){
      |                        ^~
gcc "-LC:\\Users\\Yeller\\Desktop\\UTN\\eclipse_tp3_v3 SEGURO\\tp3_windows" -o tp3_windows.exe Controller.o Employee.o Input.o main.o parser.o -lLinkedList 
c:/mingw/bin/../lib/gcc/mingw32/9.2.0/../../../../mingw32/bin/ld.exe: cannot open output file tp3_windows.exe: Permission denied
collect2.exe: error: ld returned 1 exit status
21:10:21 **** Incremental Build of configuration Debug for project tp3_windows ****
Info: Internal Builder is used for build
gcc -O0 -g3 -Wall -c -fmessage-length=0 -o main.o "..\\main.c" 
gcc "-LC:\\Users\\Yeller\\Desktop\\UTN\\eclipse_tp3_v3 SEGURO\\tp3_windows" -o tp3_windows.exe Controller.o Employee.o Input.o main.o parser.o -lLinkedList 
c:/mingw/bin/../lib/gcc/mingw32/9.2.0/../../../../mingw32/bin/ld.exe: cannot open output file tp3_windows.exe: Permission denied
collect2.exe: error: ld returned 1 exit status
21:10:22 **** Incremental Build of configuration Debug for project tp3_windows ****
Info: Internal Builder is used for build
gcc "-LC:\\Users\\Yeller\\Desktop\\UTN\\eclipse_tp3_v3 SEGURO\\tp3_windows" -o tp3_windows.exe Controller.o Employee.o Input.o main.o parser.o -lLinkedList 
21:11:14 **** Incremental Build of configuration Debug for project tp3_windows ****
Info: Internal Builder is used for build
gcc -O0 -g3 -Wall -c -fmessage-length=0 -o main.o "..\\main.c" 
gcc "-LC:\\Users\\Yeller\\Desktop\\UTN\\eclipse_tp3_v3 SEGURO\\tp3_windows" -o tp3_windows.exe Controller.o Employee.o Input.o main.o parser.o -lLinkedList 
c:/mingw/bin/../lib/gcc/mingw32/9.2.0/../../../../mingw32/bin/ld.exe: cannot open output file tp3_windows.exe: Permission denied
collect2.exe: error: ld returned 1 exit status
21:11:15 **** Incremental Build of configuration Debug for project tp3_windows ****
Info: Internal Builder is used for build
gcc "-LC:\\Users\\Yeller\\Desktop\\UTN\\eclipse_tp3_v3 SEGURO\\tp3_windows" -o tp3_windows.exe Controller.o Employee.o Input.o main.o parser.o -lLinkedList 
21:12:07 **** Incremental Build of configuration Debug for project tp3_windows ****
Info: Internal Builder is used for build
gcc -O0 -g3 -Wall -c -fmessage-length=0 -o main.o "..\\main.c" 
gcc "-LC:\\Users\\Yeller\\Desktop\\UTN\\eclipse_tp3_v3 SEGURO\\tp3_windows" -o tp3_windows.exe Controller.o Employee.o Input.o main.o parser.o -lLinkedList 
c:/mingw/bin/../lib/gcc/mingw32/9.2.0/../../../../mingw32/bin/ld.exe: cannot open output file tp3_windows.exe: Permission denied
collect2.exe: error: ld returned 1 exit status
21:12:08 **** Incremental Build of configuration Debug for project tp3_windows ****
Info: Internal Builder is used for build
gcc "-LC:\\Users\\Yeller\\Desktop\\UTN\\eclipse_tp3_v3 SEGURO\\tp3_windows" -o tp3_windows.exe Controller.o Employee.o Input.o main.o parser.o -lLinkedList 
Info: Nothing to build for tp3_windows
22:36:13 **** Incremental Build of configuration Debug for project tp3_windows ****
Info: Internal Builder is used for build
gcc -O0 -g3 -Wall -c -fmessage-length=0 -o parser.o "..\\parser.c" 
gcc "-LC:\\Users\\Yeller\\Desktop\\UTN\\eclipse_tp3_v3 SEGURO\\tp3_windows" -o tp3_windows.exe Controller.o Employee.o Input.o main.o parser.o -lLinkedList 
c:/mingw/bin/../lib/gcc/mingw32/9.2.0/../../../../mingw32/bin/ld.exe: cannot open output file tp3_windows.exe: Permission denied
collect2.exe: error: ld returned 1 exit status
22:36:13 **** Incremental Build of configuration Debug for project tp3_windows ****
Info: Internal Builder is used for build
gcc "-LC:\\Users\\Yeller\\Desktop\\UTN\\eclipse_tp3_v3 SEGURO\\tp3_windows" -o tp3_windows.exe Controller.o Employee.o Input.o main.o parser.o -lLinkedList 
22:36:39 **** Incremental Build of configuration Debug for project tp3_windows ****
Info: Internal Builder is used for build
gcc -O0 -g3 -Wall -c -fmessage-length=0 -o parser.o "..\\parser.c" 
..\parser.c: In function 'parser_EmployeeFromBinary':
..\parser.c:67:4: error: 'else' without a previous 'if'
   67 |    else{
      |    ^~~~
22:36:39 **** Incremental Build of configuration Debug for project tp3_windows ****
Info: Internal Builder is used for build
gcc -O0 -g3 -Wall -c -fmessage-length=0 -o parser.o "..\\parser.c" 
..\parser.c: In function 'parser_EmployeeFromBinary':
..\parser.c:67:4: error: 'else' without a previous 'if'
   67 |    else{
      |    ^~~~
22:36:43 **** Incremental Build of configuration Debug for project tp3_windows ****
Info: Internal Builder is used for build
gcc -O0 -g3 -Wall -c -fmessage-length=0 -o parser.o "..\\parser.c" 
gcc "-LC:\\Users\\Yeller\\Desktop\\UTN\\eclipse_tp3_v3 SEGURO\\tp3_windows" -o tp3_windows.exe Controller.o Employee.o Input.o main.o parser.o -lLinkedList 
Info: Nothing to build for tp3_windows
22:47:11 **** Incremental Build of configuration Debug for project tp3_windows ****
Info: Internal Builder is used for build
gcc -O0 -g3 -Wall -c -fmessage-length=0 -o parser.o "..\\parser.c" 
gcc "-LC:\\Users\\Yeller\\Desktop\\UTN\\eclipse_tp3_v3 SEGURO\\tp3_windows" -o tp3_windows.exe Controller.o Employee.o Input.o main.o parser.o -lLinkedList 
c:/mingw/bin/../lib/gcc/mingw32/9.2.0/../../../../mingw32/bin/ld.exe: cannot open output file tp3_windows.exe: Permission denied
collect2.exe: error: ld returned 1 exit status
22:48:16 **** Incremental Build of configuration Debug for project tp3_windows ****
Info: Internal Builder is used for build
gcc -O0 -g3 -Wall -c -fmessage-length=0 -o parser.o "..\\parser.c" 
gcc "-LC:\\Users\\Yeller\\Desktop\\UTN\\eclipse_tp3_v3 SEGURO\\tp3_windows" -o tp3_windows.exe Controller.o Employee.o Input.o main.o parser.o -lLinkedList 
c:/mingw/bin/../lib/gcc/mingw32/9.2.0/../../../../mingw32/bin/ld.exe: cannot open output file tp3_windows.exe: Permission denied
collect2.exe: error: ld returned 1 exit status
22:49:41 **** Incremental Build of configuration Debug for project tp3_windows ****
Info: Internal Builder is used for build
gcc -O0 -g3 -Wall -c -fmessage-length=0 -o parser.o "..\\parser.c" 
gcc "-LC:\\Users\\Yeller\\Desktop\\UTN\\eclipse_tp3_v3 SEGURO\\tp3_windows" -o tp3_windows.exe Controller.o Employee.o Input.o main.o parser.o -lLinkedList 
c:/mingw/bin/../lib/gcc/mingw32/9.2.0/../../../../mingw32/bin/ld.exe: cannot open output file tp3_windows.exe: Permission denied
collect2.exe: error: ld returned 1 exit status
22:49:42 **** Incremental Build of configuration Debug for project tp3_windows ****
Info: Internal Builder is used for build
gcc "-LC:\\Users\\Yeller\\Desktop\\UTN\\eclipse_tp3_v3 SEGURO\\tp3_windows" -o tp3_windows.exe Controller.o Employee.o Input.o main.o parser.o -lLinkedList 
Info: Nothing to build for tp3_windows
Info: Nothing to build for tp3_windows
17:27:59 **** Incremental Build of configuration Debug for project tp3_windows ****
Info: Internal Builder is used for build
gcc -O0 -g3 -Wall -c -fmessage-length=0 -o main.o "..\\main.c" 
gcc "-LC:\\Users\\Yeller\\Desktop\\UTN\\eclipse_tp3_v3 SEGURO\\tp3_windows" -o tp3_windows.exe Controller.o Employee.o Input.o main.o parser.o -lLinkedList 
Info: Nothing to build for tp3_windows
17:30:07 **** Incremental Build of configuration Debug for project tp3_windows ****
Info: Internal Builder is used for build
gcc -O0 -g3 -Wall -c -fmessage-length=0 -o Input.o "..\\Input.c" 
gcc "-LC:\\Users\\Yeller\\Desktop\\UTN\\eclipse_tp3_v3 SEGURO\\tp3_windows" -o tp3_windows.exe Controller.o Employee.o Input.o main.o parser.o -lLinkedList 
c:/mingw/bin/../lib/gcc/mingw32/9.2.0/../../../../mingw32/bin/ld.exe: cannot open output file tp3_windows.exe: Permission denied
collect2.exe: error: ld returned 1 exit status
17:30:08 **** Incremental Build of configuration Debug for project tp3_windows ****
Info: Internal Builder is used for build
gcc "-LC:\\Users\\Yeller\\Desktop\\UTN\\eclipse_tp3_v3 SEGURO\\tp3_windows" -o tp3_windows.exe Controller.o Employee.o Input.o main.o parser.o -lLinkedList 
17:31:54 **** Incremental Build of configuration Debug for project tp3_windows ****
Info: Internal Builder is used for build
gcc -O0 -g3 -Wall -c -fmessage-length=0 -o Input.o "..\\Input.c" 
gcc "-LC:\\Users\\Yeller\\Desktop\\UTN\\eclipse_tp3_v3 SEGURO\\tp3_windows" -o tp3_windows.exe Controller.o Employee.o Input.o main.o parser.o -lLinkedList 
c:/mingw/bin/../lib/gcc/mingw32/9.2.0/../../../../mingw32/bin/ld.exe: cannot open output file tp3_windows.exe: Permission denied
collect2.exe: error: ld returned 1 exit status
17:31:55 **** Incremental Build of configuration Debug for project tp3_windows ****
Info: Internal Builder is used for build
gcc "-LC:\\Users\\Yeller\\Desktop\\UTN\\eclipse_tp3_v3 SEGURO\\tp3_windows" -o tp3_windows.exe Controller.o Employee.o Input.o main.o parser.o -lLinkedList 
18:28:08 **** Incremental Build of configuration Debug for project tp3_windows ****
Info: Internal Builder is used for build
gcc -O0 -g3 -Wall -c -fmessage-length=0 -o Controller.o "..\\Controller.c" 
..\Controller.c: In function 'controllerLastIdSaved':
..\Controller.c:63:14: warning: implicit declaration of function 'parserLastIdFromText' [-Wimplicit-function-declaration]
   63 |    retorno = parserLastIdFromText(path);
      |              ^~~~~~~~~~~~~~~~~~~~
gcc -O0 -g3 -Wall -c -fmessage-length=0 -o parser.o "..\\parser.c" 
gcc "-LC:\\Users\\Yeller\\Desktop\\UTN\\eclipse_tp3_v3 SEGURO\\tp3_windows" -o tp3_windows.exe Controller.o Employee.o Input.o main.o parser.o -lLinkedList 
c:/mingw/bin/../lib/gcc/mingw32/9.2.0/../../../../mingw32/bin/ld.exe: cannot open output file tp3_windows.exe: Permission denied
collect2.exe: error: ld returned 1 exit status
18:28:54 **** Incremental Build of configuration Debug for project tp3_windows ****
Info: Internal Builder is used for build
gcc -O0 -g3 -Wall -c -fmessage-length=0 -o Controller.o "..\\Controller.c" 
..\Controller.c: In function 'controllerLastIdSaved':
..\Controller.c:63:35: warning: passing argument 1 of 'parserLastIdFromText' from incompatible pointer type [-Wincompatible-pointer-types]
   63 |    retorno = parserLastIdFromText(path);
      |                                   ^~~~
      |                                   |
      |                                   char *
In file included from ..\Controller.c:6:
..\parser.h:13:32: note: expected 'FILE *' {aka 'struct _iobuf *'} but argument is of type 'char *'
   13 | int parserLastIdFromText(FILE* pFile);
      |                          ~~~~~~^~~~~
gcc "-LC:\\Users\\Yeller\\Desktop\\UTN\\eclipse_tp3_v3 SEGURO\\tp3_windows" -o tp3_windows.exe Controller.o Employee.o Input.o main.o parser.o -lLinkedList 
c:/mingw/bin/../lib/gcc/mingw32/9.2.0/../../../../mingw32/bin/ld.exe: cannot open output file tp3_windows.exe: Permission denied
collect2.exe: error: ld returned 1 exit status
18:30:57 **** Incremental Build of configuration Debug for project tp3_windows ****
Info: Internal Builder is used for build
gcc -O0 -g3 -Wall -c -fmessage-length=0 -o Controller.o "..\\Controller.c" 
gcc "-LC:\\Users\\Yeller\\Desktop\\UTN\\eclipse_tp3_v3 SEGURO\\tp3_windows" -o tp3_windows.exe Controller.o Employee.o Input.o main.o parser.o -lLinkedList 
c:/mingw/bin/../lib/gcc/mingw32/9.2.0/../../../../mingw32/bin/ld.exe: cannot open output file tp3_windows.exe: Permission denied
collect2.exe: error: ld returned 1 exit status
18:31:04 **** Incremental Build of configuration Debug for project tp3_windows ****
Info: Internal Builder is used for build
gcc "-LC:\\Users\\Yeller\\Desktop\\UTN\\eclipse_tp3_v3 SEGURO\\tp3_windows" -o tp3_windows.exe Controller.o Employee.o Input.o main.o parser.o -lLinkedList 
Info: Nothing to build for tp3_windows
Info: Nothing to build for tp3_windows
18:34:45 **** Incremental Build of configuration Debug for project tp3_windows ****
Info: Internal Builder is used for build
gcc -O0 -g3 -Wall -c -fmessage-length=0 -o Controller.o "..\\Controller.c" 
gcc -O0 -g3 -Wall -c -fmessage-length=0 -o main.o "..\\main.c" 
gcc "-LC:\\Users\\Yeller\\Desktop\\UTN\\eclipse_tp3_v3 SEGURO\\tp3_windows" -o tp3_windows.exe Controller.o Employee.o Input.o main.o parser.o -lLinkedList 
18:35:07 **** Incremental Build of configuration Debug for project tp3_windows ****
Info: Internal Builder is used for build
gcc -O0 -g3 -Wall -c -fmessage-length=0 -o main.o "..\\main.c" 
gcc "-LC:\\Users\\Yeller\\Desktop\\UTN\\eclipse_tp3_v3 SEGURO\\tp3_windows" -o tp3_windows.exe Controller.o Employee.o Input.o main.o parser.o -lLinkedList 
Info: Nothing to build for tp3_windows
18:36:54 **** Incremental Build of configuration Debug for project tp3_windows ****
Info: Internal Builder is used for build
gcc -O0 -g3 -Wall -c -fmessage-length=0 -o Controller.o "..\\Controller.c" 
gcc "-LC:\\Users\\Yeller\\Desktop\\UTN\\eclipse_tp3_v3 SEGURO\\tp3_windows" -o tp3_windows.exe Controller.o Employee.o Input.o main.o parser.o -lLinkedList 
c:/mingw/bin/../lib/gcc/mingw32/9.2.0/../../../../mingw32/bin/ld.exe: cannot open output file tp3_windows.exe: Permission denied
collect2.exe: error: ld returned 1 exit status
18:36:56 **** Incremental Build of configuration Debug for project tp3_windows ****
Info: Internal Builder is used for build
gcc "-LC:\\Users\\Yeller\\Desktop\\UTN\\eclipse_tp3_v3 SEGURO\\tp3_windows" -o tp3_windows.exe Controller.o Employee.o Input.o main.o parser.o -lLinkedList 
Info: Nothing to build for tp3_windows
Info: Nothing to build for tp3_windows
Info: Nothing to build for tp3_windows
18:40:47 **** Incremental Build of configuration Debug for project tp3_windows ****
Info: Internal Builder is used for build
gcc -O0 -g3 -Wall -c -fmessage-length=0 -o Controller.o "..\\Controller.c" 
gcc "-LC:\\Users\\Yeller\\Desktop\\UTN\\eclipse_tp3_v3 SEGURO\\tp3_windows" -o tp3_windows.exe Controller.o Employee.o Input.o main.o parser.o -lLinkedList 
c:/mingw/bin/../lib/gcc/mingw32/9.2.0/../../../../mingw32/bin/ld.exe: cannot open output file tp3_windows.exe: Permission denied
collect2.exe: error: ld returned 1 exit status
18:40:55 **** Incremental Build of configuration Debug for project tp3_windows ****
Info: Internal Builder is used for build
gcc "-LC:\\Users\\Yeller\\Desktop\\UTN\\eclipse_tp3_v3 SEGURO\\tp3_windows" -o tp3_windows.exe Controller.o Employee.o Input.o main.o parser.o -lLinkedList 
Info: Nothing to build for tp3_windows
Info: Nothing to build for tp3_windows
Info: Nothing to build for tp3_windows
18:46:48 **** Incremental Build of configuration Debug for project tp3_windows ****
Info: Internal Builder is used for build
gcc -O0 -g3 -Wall -c -fmessage-length=0 -o Controller.o "..\\Controller.c" 
gcc "-LC:\\Users\\Yeller\\Desktop\\UTN\\eclipse_tp3_v3 SEGURO\\tp3_windows" -o tp3_windows.exe Controller.o Employee.o Input.o main.o parser.o -lLinkedList 
c:/mingw/bin/../lib/gcc/mingw32/9.2.0/../../../../mingw32/bin/ld.exe: cannot open output file tp3_windows.exe: Permission denied
collect2.exe: error: ld returned 1 exit status
18:46:49 **** Incremental Build of configuration Debug for project tp3_windows ****
Info: Internal Builder is used for build
gcc "-LC:\\Users\\Yeller\\Desktop\\UTN\\eclipse_tp3_v3 SEGURO\\tp3_windows" -o tp3_windows.exe Controller.o Employee.o Input.o main.o parser.o -lLinkedList 
Info: Nothing to build for tp3_windows
Info: Nothing to build for tp3_windows
Info: Nothing to build for tp3_windows
Info: Nothing to build for tp3_windows
Info: Nothing to build for tp3_windows
Info: Nothing to build for tp3_windows
Info: Nothing to build for tp3_windows
Info: Nothing to build for tp3_windows
Info: Nothing to build for tp3_windows
Info: Nothing to build for tp3_windows
20:25:33 **** Incremental Build of configuration Debug for project tp3_windows ****
Info: Internal Builder is used for build
gcc -O0 -g3 -Wall -c -fmessage-length=0 -o Controller.o "..\\Controller.c" 
gcc -O0 -g3 -Wall -c -fmessage-length=0 -o parser.o "..\\parser.c" 
gcc -O0 -g3 -Wall -c -fmessage-length=0 -o Input.o "..\\Input.c" 
gcc -O0 -g3 -Wall -c -fmessage-length=0 -o main.o "..\\main.c" 
gcc "-LC:\\Users\\Yeller\\Desktop\\UTN\\eclipse_tp3_v3 SEGURO\\tp3_windows" -o tp3_windows.exe Controller.o Employee.o Input.o main.o parser.o -lLinkedList 
Info: Nothing to build for tp3_windows
20:26:39 **** Incremental Build of configuration Debug for project tp3_windows ****
Info: Internal Builder is used for build
gcc -O0 -g3 -Wall -c -fmessage-length=0 -o Controller.o "..\\Controller.c" 
gcc "-LC:\\Users\\Yeller\\Desktop\\UTN\\eclipse_tp3_v3 SEGURO\\tp3_windows" -o tp3_windows.exe Controller.o Employee.o Input.o main.o parser.o -lLinkedList 
c:/mingw/bin/../lib/gcc/mingw32/9.2.0/../../../../mingw32/bin/ld.exe: cannot open output file tp3_windows.exe: Permission denied
collect2.exe: error: ld returned 1 exit status
20:26:40 **** Incremental Build of configuration Debug for project tp3_windows ****
Info: Internal Builder is used for build
gcc "-LC:\\Users\\Yeller\\Desktop\\UTN\\eclipse_tp3_v3 SEGURO\\tp3_windows" -o tp3_windows.exe Controller.o Employee.o Input.o main.o parser.o -lLinkedList 
20:27:48 **** Incremental Build of configuration Debug for project tp3_windows ****
Info: Internal Builder is used for build
gcc -O0 -g3 -Wall -c -fmessage-length=0 -o main.o "..\\main.c" 
gcc -O0 -g3 -Wall -c -fmessage-length=0 -o Input.o "..\\Input.c" 
gcc -O0 -g3 -Wall -c -fmessage-length=0 -o Controller.o "..\\Controller.c" 
gcc "-LC:\\Users\\Yeller\\Desktop\\UTN\\eclipse_tp3_v3 SEGURO\\tp3_windows" -o tp3_windows.exe Controller.o Employee.o Input.o main.o parser.o -lLinkedList 
c:/mingw/bin/../lib/gcc/mingw32/9.2.0/../../../../mingw32/bin/ld.exe: cannot open output file tp3_windows.exe: Permission denied
collect2.exe: error: ld returned 1 exit status
20:28:54 **** Incremental Build of configuration Debug for project tp3_windows ****
Info: Internal Builder is used for build
gcc -O0 -g3 -Wall -c -fmessage-length=0 -o Controller.o "..\\Controller.c" 
gcc "-LC:\\Users\\Yeller\\Desktop\\UTN\\eclipse_tp3_v3 SEGURO\\tp3_windows" -o tp3_windows.exe Controller.o Employee.o Input.o main.o parser.o -lLinkedList 
c:/mingw/bin/../lib/gcc/mingw32/9.2.0/../../../../mingw32/bin/ld.exe: cannot open output file tp3_windows.exe: Permission denied
collect2.exe: error: ld returned 1 exit status
20:28:55 **** Incremental Build of configuration Debug for project tp3_windows ****
Info: Internal Builder is used for build
gcc "-LC:\\Users\\Yeller\\Desktop\\UTN\\eclipse_tp3_v3 SEGURO\\tp3_windows" -o tp3_windows.exe Controller.o Employee.o Input.o main.o parser.o -lLinkedList 
20:31:37 **** Incremental Build of configuration Debug for project tp3_windows ****
Info: Internal Builder is used for build
gcc -O0 -g3 -Wall -c -fmessage-length=0 -o Input.o "..\\Input.c" 
gcc "-LC:\\Users\\Yeller\\Desktop\\UTN\\eclipse_tp3_v3 SEGURO\\tp3_windows" -o tp3_windows.exe Controller.o Employee.o Input.o main.o parser.o -lLinkedList 
c:/mingw/bin/../lib/gcc/mingw32/9.2.0/../../../../mingw32/bin/ld.exe: cannot open output file tp3_windows.exe: Permission denied
collect2.exe: error: ld returned 1 exit status
20:31:38 **** Incremental Build of configuration Debug for project tp3_windows ****
Info: Internal Builder is used for build
gcc "-LC:\\Users\\Yeller\\Desktop\\UTN\\eclipse_tp3_v3 SEGURO\\tp3_windows" -o tp3_windows.exe Controller.o Employee.o Input.o main.o parser.o -lLinkedList 
20:31:56 **** Incremental Build of configuration Debug for project tp3_windows ****
Info: Internal Builder is used for build
gcc -O0 -g3 -Wall -c -fmessage-length=0 -o Input.o "..\\Input.c" 
gcc "-LC:\\Users\\Yeller\\Desktop\\UTN\\eclipse_tp3_v3 SEGURO\\tp3_windows" -o tp3_windows.exe Controller.o Employee.o Input.o main.o parser.o -lLinkedList 
c:/mingw/bin/../lib/gcc/mingw32/9.2.0/../../../../mingw32/bin/ld.exe: cannot open output file tp3_windows.exe: Permission denied
collect2.exe: error: ld returned 1 exit status
20:31:57 **** Incremental Build of configuration Debug for project tp3_windows ****
Info: Internal Builder is used for build
gcc "-LC:\\Users\\Yeller\\Desktop\\UTN\\eclipse_tp3_v3 SEGURO\\tp3_windows" -o tp3_windows.exe Controller.o Employee.o Input.o main.o parser.o -lLinkedList 
20:32:59 **** Incremental Build of configuration Debug for project tp3_windows ****
Info: Internal Builder is used for build
gcc -O0 -g3 -Wall -c -fmessage-length=0 -o Input.o "..\\Input.c" 
gcc "-LC:\\Users\\Yeller\\Desktop\\UTN\\eclipse_tp3_v3 SEGURO\\tp3_windows" -o tp3_windows.exe Controller.o Employee.o Input.o main.o parser.o -lLinkedList 
c:/mingw/bin/../lib/gcc/mingw32/9.2.0/../../../../mingw32/bin/ld.exe: cannot open output file tp3_windows.exe: Permission denied
collect2.exe: error: ld returned 1 exit status
20:33:00 **** Incremental Build of configuration Debug for project tp3_windows ****
Info: Internal Builder is used for build
gcc "-LC:\\Users\\Yeller\\Desktop\\UTN\\eclipse_tp3_v3 SEGURO\\tp3_windows" -o tp3_windows.exe Controller.o Employee.o Input.o main.o parser.o -lLinkedList 
21:35:12 **** Incremental Build of configuration Debug for project tp3_windows ****
Info: Internal Builder is used for build
gcc -O0 -g3 -Wall -c -fmessage-length=0 -o Input.o "..\\Input.c" 
..\Input.c:104:5: error: redefinition of 'ObtenerEnteroMayorACero'
  104 | int ObtenerEnteroMayorACero(int* pResultado, char mensaje[], int reintentos){
      |     ^~~~~~~~~~~~~~~~~~~~~~~
..\Input.c:71:5: note: previous definition of 'ObtenerEnteroMayorACero' was here
   71 | int ObtenerEnteroMayorACero(int* pResultado, char mensaje[], int reintentos){
      |     ^~~~~~~~~~~~~~~~~~~~~~~
21:35:33 **** Incremental Build of configuration Debug for project tp3_windows ****
Info: Internal Builder is used for build
gcc -O0 -g3 -Wall -c -fmessage-length=0 -o Input.o "..\\Input.c" 
gcc -O0 -g3 -Wall -c -fmessage-length=0 -o Controller.o "..\\Controller.c" 
gcc "-LC:\\Users\\Yeller\\Desktop\\UTN\\eclipse_tp3_v3 SEGURO\\tp3_windows" -o tp3_windows.exe Controller.o Employee.o Input.o main.o parser.o -lLinkedList 
c:/mingw/bin/../lib/gcc/mingw32/9.2.0/../../../../mingw32/bin/ld.exe: cannot open output file tp3_windows.exe: Permission denied
collect2.exe: error: ld returned 1 exit status
21:35:35 **** Incremental Build of configuration Debug for project tp3_windows ****
Info: Internal Builder is used for build
gcc "-LC:\\Users\\Yeller\\Desktop\\UTN\\eclipse_tp3_v3 SEGURO\\tp3_windows" -o tp3_windows.exe Controller.o Employee.o Input.o main.o parser.o -lLinkedList 
c:/mingw/bin/../lib/gcc/mingw32/9.2.0/../../../../mingw32/bin/ld.exe: Controller.o: in function `controller_editEmployee':
C:\Users\Yeller\Desktop\UTN\eclipse_tp3_v3 SEGURO\tp3_windows\Debug/../Controller.c:179: undefined reference to `ObtenerEntero'
c:/mingw/bin/../lib/gcc/mingw32/9.2.0/../../../../mingw32/bin/ld.exe: Controller.o: in function `controller_removeEmployee':
C:\Users\Yeller\Desktop\UTN\eclipse_tp3_v3 SEGURO\tp3_windows\Debug/../Controller.c:248: undefined reference to `ObtenerEntero'
collect2.exe: error: ld returned 1 exit status
21:35:50 **** Incremental Build of configuration Debug for project tp3_windows ****
Info: Internal Builder is used for build
gcc "-LC:\\Users\\Yeller\\Desktop\\UTN\\eclipse_tp3_v3 SEGURO\\tp3_windows" -o tp3_windows.exe Controller.o Employee.o Input.o main.o parser.o -lLinkedList 
c:/mingw/bin/../lib/gcc/mingw32/9.2.0/../../../../mingw32/bin/ld.exe: Controller.o: in function `controller_editEmployee':
C:\Users\Yeller\Desktop\UTN\eclipse_tp3_v3 SEGURO\tp3_windows\Debug/../Controller.c:179: undefined reference to `ObtenerEntero'
c:/mingw/bin/../lib/gcc/mingw32/9.2.0/../../../../mingw32/bin/ld.exe: Controller.o: in function `controller_removeEmployee':
C:\Users\Yeller\Desktop\UTN\eclipse_tp3_v3 SEGURO\tp3_windows\Debug/../Controller.c:248: undefined reference to `ObtenerEntero'
collect2.exe: error: ld returned 1 exit status
21:35:51 **** Incremental Build of configuration Debug for project tp3_windows ****
Info: Internal Builder is used for build
gcc "-LC:\\Users\\Yeller\\Desktop\\UTN\\eclipse_tp3_v3 SEGURO\\tp3_windows" -o tp3_windows.exe Controller.o Employee.o Input.o main.o parser.o -lLinkedList 
c:/mingw/bin/../lib/gcc/mingw32/9.2.0/../../../../mingw32/bin/ld.exe: Controller.o: in function `controller_editEmployee':
C:\Users\Yeller\Desktop\UTN\eclipse_tp3_v3 SEGURO\tp3_windows\Debug/../Controller.c:179: undefined reference to `ObtenerEntero'
c:/mingw/bin/../lib/gcc/mingw32/9.2.0/../../../../mingw32/bin/ld.exe: Controller.o: in function `controller_removeEmployee':
C:\Users\Yeller\Desktop\UTN\eclipse_tp3_v3 SEGURO\tp3_windows\Debug/../Controller.c:248: undefined reference to `ObtenerEntero'
collect2.exe: error: ld returned 1 exit status
21:35:52 **** Incremental Build of configuration Debug for project tp3_windows ****
Info: Internal Builder is used for build
gcc "-LC:\\Users\\Yeller\\Desktop\\UTN\\eclipse_tp3_v3 SEGURO\\tp3_windows" -o tp3_windows.exe Controller.o Employee.o Input.o main.o parser.o -lLinkedList 
c:/mingw/bin/../lib/gcc/mingw32/9.2.0/../../../../mingw32/bin/ld.exe: Controller.o: in function `controller_editEmployee':
C:\Users\Yeller\Desktop\UTN\eclipse_tp3_v3 SEGURO\tp3_windows\Debug/../Controller.c:179: undefined reference to `ObtenerEntero'
c:/mingw/bin/../lib/gcc/mingw32/9.2.0/../../../../mingw32/bin/ld.exe: Controller.o: in function `controller_removeEmployee':
C:\Users\Yeller\Desktop\UTN\eclipse_tp3_v3 SEGURO\tp3_windows\Debug/../Controller.c:248: undefined reference to `ObtenerEntero'
collect2.exe: error: ld returned 1 exit status
21:36:29 **** Incremental Build of configuration Debug for project tp3_windows ****
Info: Internal Builder is used for build
gcc -O0 -g3 -Wall -c -fmessage-length=0 -o Input.o "..\\Input.c" 
gcc "-LC:\\Users\\Yeller\\Desktop\\UTN\\eclipse_tp3_v3 SEGURO\\tp3_windows" -o tp3_windows.exe Controller.o Employee.o Input.o main.o parser.o -lLinkedList 
Info: Nothing to build for tp3_windows
Info: Nothing to build for tp3_windows
Info: Nothing to build for tp3_windows
Info: Nothing to build for tp3_windows
Info: Nothing to build for tp3_windows
21:39:19 **** Incremental Build of configuration Debug for project tp3_windows ****
Info: Internal Builder is used for build
gcc -O0 -g3 -Wall -c -fmessage-length=0 -o Controller.o "..\\Controller.c" 
gcc "-LC:\\Users\\Yeller\\Desktop\\UTN\\eclipse_tp3_v3 SEGURO\\tp3_windows" -o tp3_windows.exe Controller.o Employee.o Input.o main.o parser.o -lLinkedList 
c:/mingw/bin/../lib/gcc/mingw32/9.2.0/../../../../mingw32/bin/ld.exe: cannot open output file tp3_windows.exe: Permission denied
collect2.exe: error: ld returned 1 exit status
19:20:20 **** Incremental Build of configuration Debug for project tp3_windows ****
Info: Internal Builder is used for build
gcc -O0 -g3 -Wall -c -fmessage-length=0 -o Controller.o "..\\Controller.c" 
gcc "-LC:\\Users\\Yeller\\Desktop\\UTN\\eclipse_tp3_v3 SEGURO\\tp3_windows" -o tp3_windows.exe Controller.o Employee.o Input.o main.o parser.o -lLinkedList 
Info: Nothing to build for tp3_windows
20:37:03 **** Incremental Build of configuration Debug for project tp3_windows ****
Info: Internal Builder is used for build
gcc -O0 -g3 -Wall -c -fmessage-length=0 -o Controller.o "..\\Controller.c" 
gcc "-LC:\\Users\\Yeller\\Desktop\\UTN\\eclipse_tp3_v3 SEGURO\\tp3_windows" -o tp3_windows.exe Controller.o Employee.o Input.o main.o parser.o -lLinkedList 
Info: Nothing to build for tp3_windows
Info: Nothing to build for tp3_windows
15:07:35 **** Incremental Build of configuration Debug for project tp3_windows ****
Info: Internal Builder is used for build
gcc -O0 -g3 -Wall -c -fmessage-length=0 -o Controller.o "..\\Controller.c" 
gcc "-LC:\\Users\\Yeller\\Desktop\\UTN\\eclipse_tp3_v3 SEGURO\\tp3_windows" -o tp3_windows.exe Controller.o Employee.o Input.o main.o parser.o -lLinkedList 
15:08:33 **** Incremental Build of configuration Debug for project tp3_windows ****
Info: Internal Builder is used for build
gcc -O0 -g3 -Wall -c -fmessage-length=0 -o Input.o "..\\Input.c" 
..\Input.c: In function 'ObtenerString':
..\Input.c:32:4: error: too few arguments to function 'fgets'
   32 |    fgets(auxiliarString);
      |    ^~~~~
In file included from ..\Input.c:1:
c:\mingw\include\stdio.h:706:41: note: declared here
  706 | _CRTIMP __cdecl __MINGW_NOTHROW  char * fgets (char *, int, FILE *);
      |                                         ^~~~~
15:08:55 **** Incremental Build of configuration Debug for project tp3_windows ****
Info: Internal Builder is used for build
gcc -O0 -g3 -Wall -c -fmessage-length=0 -o Input.o "..\\Input.c" 
..\Input.c: In function 'ObtenerString':
..\Input.c:32:4: error: too few arguments to function 'fgets'
   32 |    fgets();
      |    ^~~~~
In file included from ..\Input.c:1:
c:\mingw\include\stdio.h:706:41: note: declared here
  706 | _CRTIMP __cdecl __MINGW_NOTHROW  char * fgets (char *, int, FILE *);
      |                                         ^~~~~
15:09:58 **** Incremental Build of configuration Debug for project tp3_windows ****
Info: Internal Builder is used for build
gcc -O0 -g3 -Wall -c -fmessage-length=0 -o Input.o "..\\Input.c" 
..\Input.c: In function 'ObtenerString':
..\Input.c:32:23: warning: 'sizeof' on array function parameter 'cadena' will return size of 'char *' [-Wsizeof-array-argument]
   32 |    fgets(cadena,sizeof(cadena),stdin);
      |                       ^
..\Input.c:21:40: note: declared here
   21 | int ObtenerString(char mensaje[], char cadena[], int tam, int reintentos) {
      |                                   ~~~~~^~~~~~~~
gcc "-LC:\\Users\\Yeller\\Desktop\\UTN\\eclipse_tp3_v3 SEGURO\\tp3_windows" -o tp3_windows.exe Controller.o Employee.o Input.o main.o parser.o -lLinkedList 
Info: Nothing to build for tp3_windows
Info: Nothing to build for tp3_windows
Info: Nothing to build for tp3_windows
Info: Nothing to build for tp3_windows
15:12:50 **** Incremental Build of configuration Debug for project tp3_windows ****
Info: Internal Builder is used for build
gcc -O0 -g3 -Wall -c -fmessage-length=0 -o Input.o "..\\Input.c" 
..\Input.c: In function 'ObtenerString':
..\Input.c:32:31: error: expected expression before ']' token
   32 |    fgets(cadena,sizeof(cadena[]),stdin);
      |                               ^
15:13:03 **** Incremental Build of configuration Debug for project tp3_windows ****
Info: Internal Builder is used for build
gcc -O0 -g3 -Wall -c -fmessage-length=0 -o Input.o "..\\Input.c" 
..\Input.c: In function 'ObtenerString':
..\Input.c:32:23: warning: 'sizeof' on array function parameter 'cadena' will return size of 'char *' [-Wsizeof-array-argument]
   32 |    fgets(cadena,sizeof(cadena),stdin);
      |                       ^
..\Input.c:21:40: note: declared here
   21 | int ObtenerString(char mensaje[], char cadena[], int tam, int reintentos) {
      |                                   ~~~~~^~~~~~~~
gcc "-LC:\\Users\\Yeller\\Desktop\\UTN\\eclipse_tp3_v3 SEGURO\\tp3_windows" -o tp3_windows.exe Controller.o Employee.o Input.o main.o parser.o -lLinkedList 
15:13:31 **** Incremental Build of configuration Debug for project tp3_windows ****
Info: Internal Builder is used for build
gcc -O0 -g3 -Wall -c -fmessage-length=0 -o Input.o "..\\Input.c" 
..\Input.c: In function 'ObtenerString':
..\Input.c:32:31: error: expected expression before ')' token
   32 |    fgets(cadena,sizeof(cadena*),stdin);
      |                               ^
15:13:36 **** Incremental Build of configuration Debug for project tp3_windows ****
Info: Internal Builder is used for build
gcc -O0 -g3 -Wall -c -fmessage-length=0 -o Input.o "..\\Input.c" 
..\Input.c: In function 'ObtenerString':
..\Input.c:32:23: warning: 'sizeof' on array function parameter 'cadena' will return size of 'char *' [-Wsizeof-array-argument]
   32 |    fgets(cadena,sizeof(cadena),stdin);
      |                       ^
..\Input.c:21:40: note: declared here
   21 | int ObtenerString(char mensaje[], char cadena[], int tam, int reintentos) {
      |                                   ~~~~~^~~~~~~~
gcc "-LC:\\Users\\Yeller\\Desktop\\UTN\\eclipse_tp3_v3 SEGURO\\tp3_windows" -o tp3_windows.exe Controller.o Employee.o Input.o main.o parser.o -lLinkedList 
15:14:12 **** Incremental Build of configuration Debug for project tp3_windows ****
Info: Internal Builder is used for build
gcc -O0 -g3 -Wall -c -fmessage-length=0 -o Input.o "..\\Input.c" 
gcc "-LC:\\Users\\Yeller\\Desktop\\UTN\\eclipse_tp3_v3 SEGURO\\tp3_windows" -o tp3_windows.exe Controller.o Employee.o Input.o main.o parser.o -lLinkedList 
15:14:15 **** Incremental Build of configuration Debug for project tp3_windows ****
Info: Internal Builder is used for build
gcc -O0 -g3 -Wall -c -fmessage-length=0 -o Input.o "..\\Input.c" 
..\Input.c: In function 'ObtenerString':
..\Input.c:32:12: warning: format '%s' expects argument of type 'char *', but argument 2 has type 'char **' [-Wformat=]
   32 |    scanf("%s",&cadena);
      |           ~^  ~~~~~~~
      |            |  |
      |            |  char **
      |            char *
gcc "-LC:\\Users\\Yeller\\Desktop\\UTN\\eclipse_tp3_v3 SEGURO\\tp3_windows" -o tp3_windows.exe Controller.o Employee.o Input.o main.o parser.o -lLinkedList 
Info: Nothing to build for tp3_windows
Info: Nothing to build for tp3_windows
15:14:23 **** Incremental Build of configuration Debug for project tp3_windows ****
Info: Internal Builder is used for build
gcc -O0 -g3 -Wall -c -fmessage-length=0 -o Input.o "..\\Input.c" 
gcc "-LC:\\Users\\Yeller\\Desktop\\UTN\\eclipse_tp3_v3 SEGURO\\tp3_windows" -o tp3_windows.exe Controller.o Employee.o Input.o main.o parser.o -lLinkedList 
15:15:13 **** Incremental Build of configuration Debug for project tp3_windows ****
Info: Internal Builder is used for build
gcc -O0 -g3 -Wall -c -fmessage-length=0 -o Input.o "..\\Input.c" 
gcc "-LC:\\Users\\Yeller\\Desktop\\UTN\\eclipse_tp3_v3 SEGURO\\tp3_windows" -o tp3_windows.exe Controller.o Employee.o Input.o main.o parser.o -lLinkedList 
Info: Nothing to build for tp3_windows
15:16:29 **** Incremental Build of configuration Debug for project tp3_windows ****
Info: Internal Builder is used for build
gcc -O0 -g3 -Wall -c -fmessage-length=0 -o Input.o "..\\Input.c" 
gcc "-LC:\\Users\\Yeller\\Desktop\\UTN\\eclipse_tp3_v3 SEGURO\\tp3_windows" -o tp3_windows.exe Controller.o Employee.o Input.o main.o parser.o -lLinkedList 
c:/mingw/bin/../lib/gcc/mingw32/9.2.0/../../../../mingw32/bin/ld.exe: cannot open output file tp3_windows.exe: Permission denied
collect2.exe: error: ld returned 1 exit status
15:16:30 **** Incremental Build of configuration Debug for project tp3_windows ****
Info: Internal Builder is used for build
gcc "-LC:\\Users\\Yeller\\Desktop\\UTN\\eclipse_tp3_v3 SEGURO\\tp3_windows" -o tp3_windows.exe Controller.o Employee.o Input.o main.o parser.o -lLinkedList 
15:19:47 **** Incremental Build of configuration Debug for project tp3_windows ****
Info: Internal Builder is used for build
gcc -O0 -g3 -Wall -c -fmessage-length=0 -o Controller.o "..\\Controller.c" 
gcc "-LC:\\Users\\Yeller\\Desktop\\UTN\\eclipse_tp3_v3 SEGURO\\tp3_windows" -o tp3_windows.exe Controller.o Employee.o Input.o main.o parser.o -lLinkedList 
c:/mingw/bin/../lib/gcc/mingw32/9.2.0/../../../../mingw32/bin/ld.exe: cannot open output file tp3_windows.exe: Permission denied
collect2.exe: error: ld returned 1 exit status
15:19:54 **** Incremental Build of configuration Debug for project tp3_windows ****
Info: Internal Builder is used for build
gcc -O0 -g3 -Wall -c -fmessage-length=0 -o Controller.o "..\\Controller.c" 
gcc "-LC:\\Users\\Yeller\\Desktop\\UTN\\eclipse_tp3_v3 SEGURO\\tp3_windows" -o tp3_windows.exe Controller.o Employee.o Input.o main.o parser.o -lLinkedList 
c:/mingw/bin/../lib/gcc/mingw32/9.2.0/../../../../mingw32/bin/ld.exe: cannot open output file tp3_windows.exe: Permission denied
collect2.exe: error: ld returned 1 exit status
15:19:56 **** Incremental Build of configuration Debug for project tp3_windows ****
Info: Internal Builder is used for build
gcc "-LC:\\Users\\Yeller\\Desktop\\UTN\\eclipse_tp3_v3 SEGURO\\tp3_windows" -o tp3_windows.exe Controller.o Employee.o Input.o main.o parser.o -lLinkedList 
15:22:00 **** Incremental Build of configuration Debug for project tp3_windows ****
Info: Internal Builder is used for build
gcc -O0 -g3 -Wall -c -fmessage-length=0 -o Controller.o "..\\Controller.c" 
..\Controller.c: In function 'controller_addEmployee':
..\Controller.c:153:17: error: expected expression before '%' token
  153 |    fscanf(stdin,%[^\n],nombre);
      |                 ^
..\Controller.c:153:20: error: stray '\' in program
  153 |    fscanf(stdin,%[^\n],nombre);
      |                    ^
15:22:22 **** Incremental Build of configuration Debug for project tp3_windows ****
Info: Internal Builder is used for build
gcc -O0 -g3 -Wall -c -fmessage-length=0 -o Controller.o "..\\Controller.c" 
..\Controller.c: In function 'controller_addEmployee':
..\Controller.c:139:7: warning: unused variable 'nombrenuevo' [-Wunused-variable]
  139 |  char nombrenuevo[128];
      |       ^~~~~~~~~~~
gcc "-LC:\\Users\\Yeller\\Desktop\\UTN\\eclipse_tp3_v3 SEGURO\\tp3_windows" -o tp3_windows.exe Controller.o Employee.o Input.o main.o parser.o -lLinkedList 
c:/mingw/bin/../lib/gcc/mingw32/9.2.0/../../../../mingw32/bin/ld.exe: cannot open output file tp3_windows.exe: Permission denied
collect2.exe: error: ld returned 1 exit status
15:22:25 **** Incremental Build of configuration Debug for project tp3_windows ****
Info: Internal Builder is used for build
gcc -O0 -g3 -Wall -c -fmessage-length=0 -o Controller.o "..\\Controller.c" 
gcc "-LC:\\Users\\Yeller\\Desktop\\UTN\\eclipse_tp3_v3 SEGURO\\tp3_windows" -o tp3_windows.exe Controller.o Employee.o Input.o main.o parser.o -lLinkedList 
c:/mingw/bin/../lib/gcc/mingw32/9.2.0/../../../../mingw32/bin/ld.exe: cannot open output file tp3_windows.exe: Permission denied
collect2.exe: error: ld returned 1 exit status
15:22:27 **** Incremental Build of configuration Debug for project tp3_windows ****
Info: Internal Builder is used for build
gcc "-LC:\\Users\\Yeller\\Desktop\\UTN\\eclipse_tp3_v3 SEGURO\\tp3_windows" -o tp3_windows.exe Controller.o Employee.o Input.o main.o parser.o -lLinkedList 
15:23:06 **** Incremental Build of configuration Debug for project tp3_windows ****
Info: Internal Builder is used for build
gcc -O0 -g3 -Wall -c -fmessage-length=0 -o Controller.o "..\\Controller.c" 
gcc "-LC:\\Users\\Yeller\\Desktop\\UTN\\eclipse_tp3_v3 SEGURO\\tp3_windows" -o tp3_windows.exe Controller.o Employee.o Input.o main.o parser.o -lLinkedList 
c:/mingw/bin/../lib/gcc/mingw32/9.2.0/../../../../mingw32/bin/ld.exe: cannot open output file tp3_windows.exe: Permission denied
collect2.exe: error: ld returned 1 exit status
15:23:07 **** Incremental Build of configuration Debug for project tp3_windows ****
Info: Internal Builder is used for build
gcc "-LC:\\Users\\Yeller\\Desktop\\UTN\\eclipse_tp3_v3 SEGURO\\tp3_windows" -o tp3_windows.exe Controller.o Employee.o Input.o main.o parser.o -lLinkedList 
15:23:39 **** Incremental Build of configuration Debug for project tp3_windows ****
Info: Internal Builder is used for build
gcc -O0 -g3 -Wall -c -fmessage-length=0 -o Controller.o "..\\Controller.c" 
gcc "-LC:\\Users\\Yeller\\Desktop\\UTN\\eclipse_tp3_v3 SEGURO\\tp3_windows" -o tp3_windows.exe Controller.o Employee.o Input.o main.o parser.o -lLinkedList 
c:/mingw/bin/../lib/gcc/mingw32/9.2.0/../../../../mingw32/bin/ld.exe: cannot open output file tp3_windows.exe: Permission denied
collect2.exe: error: ld returned 1 exit status
15:23:40 **** Incremental Build of configuration Debug for project tp3_windows ****
Info: Internal Builder is used for build
gcc "-LC:\\Users\\Yeller\\Desktop\\UTN\\eclipse_tp3_v3 SEGURO\\tp3_windows" -o tp3_windows.exe Controller.o Employee.o Input.o main.o parser.o -lLinkedList 
15:25:27 **** Incremental Build of configuration Debug for project tp3_windows ****
Info: Internal Builder is used for build
gcc -O0 -g3 -Wall -c -fmessage-length=0 -o Employee.o "..\\Employee.c" 
..\Employee.c: In function 'employee_setNombre':
..\Employee.c:76:20: error: lvalue required as left operand of assignment
   76 |     sizeof(nombre) = sizeof(nombre-1);
      |                    ^
15:26:08 **** Incremental Build of configuration Debug for project tp3_windows ****
Info: Internal Builder is used for build
gcc -O0 -g3 -Wall -c -fmessage-length=0 -o Controller.o "..\\Controller.c" 
gcc -O0 -g3 -Wall -c -fmessage-length=0 -o Employee.o "..\\Employee.c" 
..\Employee.c: In function 'employee_setNombre':
..\Employee.c:76:11: warning: passing argument 1 of 'strcpy' makes pointer from integer without a cast [-Wint-conversion]
   76 |   strcpy (sizeof(nombre) , sizeof(nombre-1));
      |           ^~~~~~~~~~~~~~
      |           |
      |           unsigned int
In file included from ..\Employee.c:2:
c:\mingw\include\string.h:79:40: note: expected 'char *' but argument is of type 'unsigned int'
   79 | _CRTIMP __cdecl __MINGW_NOTHROW  char *strcpy (char *, const char *);
      |                                        ^~~~~~
..\Employee.c:76:28: warning: passing argument 2 of 'strcpy' makes pointer from integer without a cast [-Wint-conversion]
   76 |   strcpy (sizeof(nombre) , sizeof(nombre-1));
      |                            ^~~~~~~~~~~~~~~~
      |                            |
      |                            unsigned int
In file included from ..\Employee.c:2:
c:\mingw\include\string.h:79:40: note: expected 'const char *' but argument is of type 'unsigned int'
   79 | _CRTIMP __cdecl __MINGW_NOTHROW  char *strcpy (char *, const char *);
      |                                        ^~~~~~
..\Employee.c:76:3: warning: 'strcpy' source argument is the same as destination [-Wrestrict]
   76 |   strcpy (sizeof(nombre) , sizeof(nombre-1));
      |   ^~~~~~~~~~~~~~~~~~~~~~~~~~~~~~~~~~~~~~~~~~
gcc "-LC:\\Users\\Yeller\\Desktop\\UTN\\eclipse_tp3_v3 SEGURO\\tp3_windows" -o tp3_windows.exe Controller.o Employee.o Input.o main.o parser.o -lLinkedList 
c:/mingw/bin/../lib/gcc/mingw32/9.2.0/../../../../mingw32/bin/ld.exe: cannot open output file tp3_windows.exe: Permission denied
collect2.exe: error: ld returned 1 exit status
15:26:23 **** Incremental Build of configuration Debug for project tp3_windows ****
Info: Internal Builder is used for build
gcc -O0 -g3 -Wall -c -fmessage-length=0 -o Employee.o "..\\Employee.c" 
gcc "-LC:\\Users\\Yeller\\Desktop\\UTN\\eclipse_tp3_v3 SEGURO\\tp3_windows" -o tp3_windows.exe Controller.o Employee.o Input.o main.o parser.o -lLinkedList 
c:/mingw/bin/../lib/gcc/mingw32/9.2.0/../../../../mingw32/bin/ld.exe: cannot open output file tp3_windows.exe: Permission denied
collect2.exe: error: ld returned 1 exit status
15:26:24 **** Incremental Build of configuration Debug for project tp3_windows ****
Info: Internal Builder is used for build
gcc "-LC:\\Users\\Yeller\\Desktop\\UTN\\eclipse_tp3_v3 SEGURO\\tp3_windows" -o tp3_windows.exe Controller.o Employee.o Input.o main.o parser.o -lLinkedList 
15:27:45 **** Incremental Build of configuration Debug for project tp3_windows ****
Info: Internal Builder is used for build
gcc -O0 -g3 -Wall -c -fmessage-length=0 -o Employee.o "..\\Employee.c" 
..\Employee.c: In function 'employee_setNombre':
..\Employee.c:80:23: error: 'this' is a pointer; did you mean to use '->'?
   80 |            strcpy(this.nombre[i] , nombre);
      |                       ^
      |                       ->
15:27:53 **** Incremental Build of configuration Debug for project tp3_windows ****
Info: Internal Builder is used for build
gcc -O0 -g3 -Wall -c -fmessage-length=0 -o Employee.o "..\\Employee.c" 
..\Employee.c: In function 'employee_setNombre':
..\Employee.c:80:31: warning: passing argument 1 of 'strcpy' makes pointer from integer without a cast [-Wint-conversion]
   80 |            strcpy(this->nombre[i] , nombre);
      |                   ~~~~~~~~~~~~^~~
      |                               |
      |                               char
In file included from ..\Employee.c:2:
c:\mingw\include\string.h:79:40: note: expected 'char *' but argument is of type 'char'
   79 | _CRTIMP __cdecl __MINGW_NOTHROW  char *strcpy (char *, const char *);
      |                                        ^~~~~~
gcc "-LC:\\Users\\Yeller\\Desktop\\UTN\\eclipse_tp3_v3 SEGURO\\tp3_windows" -o tp3_windows.exe Controller.o Employee.o Input.o main.o parser.o -lLinkedList 
c:/mingw/bin/../lib/gcc/mingw32/9.2.0/../../../../mingw32/bin/ld.exe: cannot open output file tp3_windows.exe: Permission denied
collect2.exe: error: ld returned 1 exit status
15:28:06 **** Incremental Build of configuration Debug for project tp3_windows ****
Info: Internal Builder is used for build
gcc -O0 -g3 -Wall -c -fmessage-length=0 -o Employee.o "..\\Employee.c" 
gcc "-LC:\\Users\\Yeller\\Desktop\\UTN\\eclipse_tp3_v3 SEGURO\\tp3_windows" -o tp3_windows.exe Controller.o Employee.o Input.o main.o parser.o -lLinkedList 
c:/mingw/bin/../lib/gcc/mingw32/9.2.0/../../../../mingw32/bin/ld.exe: cannot open output file tp3_windows.exe: Permission denied
collect2.exe: error: ld returned 1 exit status
15:28:35 **** Incremental Build of configuration Debug for project tp3_windows ****
Info: Internal Builder is used for build
gcc -O0 -g3 -Wall -c -fmessage-length=0 -o Controller.o "..\\Controller.c" 
..\Controller.c: In function 'controller_addEmployee':
..\Controller.c:153:25: error: lvalue required as left operand of assignment
  153 |          sizeof(nombre) = sizeof(nombre-1);
      |                         ^
15:28:51 **** Incremental Build of configuration Debug for project tp3_windows ****
Info: Internal Builder is used for build
gcc -O0 -g3 -Wall -c -fmessage-length=0 -o Controller.o "..\\Controller.c" 
..\Controller.c: In function 'controller_addEmployee':
..\Controller.c:153:15: warning: unused variable 'tamanio' [-Wunused-variable]
  153 |          char tamanio = sizeof(nombre-1);
      |               ^~~~~~~
gcc "-LC:\\Users\\Yeller\\Desktop\\UTN\\eclipse_tp3_v3 SEGURO\\tp3_windows" -o tp3_windows.exe Controller.o Employee.o Input.o main.o parser.o -lLinkedList 
c:/mingw/bin/../lib/gcc/mingw32/9.2.0/../../../../mingw32/bin/ld.exe: cannot open output file tp3_windows.exe: Permission denied
collect2.exe: error: ld returned 1 exit status
15:28:55 **** Incremental Build of configuration Debug for project tp3_windows ****
Info: Internal Builder is used for build
gcc -O0 -g3 -Wall -c -fmessage-length=0 -o Controller.o "..\\Controller.c" 
..\Controller.c: In function 'controller_addEmployee':
..\Controller.c:153:14: warning: unused variable 'tamanio' [-Wunused-variable]
  153 |          int tamanio = sizeof(nombre-1);
      |              ^~~~~~~
gcc "-LC:\\Users\\Yeller\\Desktop\\UTN\\eclipse_tp3_v3 SEGURO\\tp3_windows" -o tp3_windows.exe Controller.o Employee.o Input.o main.o parser.o -lLinkedList 
c:/mingw/bin/../lib/gcc/mingw32/9.2.0/../../../../mingw32/bin/ld.exe: cannot open output file tp3_windows.exe: Permission denied
collect2.exe: error: ld returned 1 exit status
15:29:06 **** Incremental Build of configuration Debug for project tp3_windows ****
Info: Internal Builder is used for build
gcc -O0 -g3 -Wall -c -fmessage-length=0 -o Controller.o "..\\Controller.c" 
..\Controller.c: In function 'controller_addEmployee':
..\Controller.c:154:39: warning: passing argument 2 of 'employee_setNombre' makes pointer from integer without a cast [-Wint-conversion]
  154 |    employee_setNombre(pEmpleado,nombre[tamanio]);
      |                                 ~~~~~~^~~~~~~~~
      |                                       |
      |                                       char
In file included from ..\Controller.c:5:
..\Employee.h:18:45: note: expected 'char *' but argument is of type 'char'
   18 | int employee_setNombre(Employee* this,char* nombre);
      |                                       ~~~~~~^~~~~~
gcc "-LC:\\Users\\Yeller\\Desktop\\UTN\\eclipse_tp3_v3 SEGURO\\tp3_windows" -o tp3_windows.exe Controller.o Employee.o Input.o main.o parser.o -lLinkedList 
c:/mingw/bin/../lib/gcc/mingw32/9.2.0/../../../../mingw32/bin/ld.exe: cannot open output file tp3_windows.exe: Permission denied
collect2.exe: error: ld returned 1 exit status
15:29:49 **** Incremental Build of configuration Debug for project tp3_windows ****
Info: Internal Builder is used for build
gcc -O0 -g3 -Wall -c -fmessage-length=0 -o Controller.o "..\\Controller.c" 
gcc -O0 -g3 -Wall -c -fmessage-length=0 -o Input.o "..\\Input.c" 
gcc "-LC:\\Users\\Yeller\\Desktop\\UTN\\eclipse_tp3_v3 SEGURO\\tp3_windows" -o tp3_windows.exe Controller.o Employee.o Input.o main.o parser.o -lLinkedList 
c:/mingw/bin/../lib/gcc/mingw32/9.2.0/../../../../mingw32/bin/ld.exe: cannot open output file tp3_windows.exe: Permission denied
collect2.exe: error: ld returned 1 exit status
15:29:50 **** Incremental Build of configuration Debug for project tp3_windows ****
Info: Internal Builder is used for build
gcc "-LC:\\Users\\Yeller\\Desktop\\UTN\\eclipse_tp3_v3 SEGURO\\tp3_windows" -o tp3_windows.exe Controller.o Employee.o Input.o main.o parser.o -lLinkedList 
15:35:09 **** Incremental Build of configuration Debug for project tp3_windows ****
Info: Internal Builder is used for build
gcc -O0 -g3 -Wall -c -fmessage-length=0 -o Menu.o "..\\Menu.c" 
..\Menu.c:2:8: error: expected declaration specifiers or '...' before string constant
    2 | printf("MENU:\n");
      |        ^~~~~~~~~
..\Menu.c:3:20: error: expected declaration specifiers or '...' before string constant
    3 |             printf("1- Cargar los datos de los empleados desde el archivo data.csv (modo texto).\n");
      |                    ^~~~~~~~~~~~~~~~~~~~~~~~~~~~~~~~~~~~~~~~~~~~~~~~~~~~~~~~~~~~~~~~~~~~~~~~~~~~~~~~
..\Menu.c:4:20: error: expected declaration specifiers or '...' before string constant
    4 |             printf("2- Cargar los datos de los empleados desde el archivo data.bin (modo binario).\n");
      |                    ^~~~~~~~~~~~~~~~~~~~~~~~~~~~~~~~~~~~~~~~~~~~~~~~~~~~~~~~~~~~~~~~~~~~~~~~~~~~~~~~~~
..\Menu.c:5:20: error: expected declaration specifiers or '...' before string constant
    5 |             printf("3- Alta de empleado.\n");
      |                    ^~~~~~~~~~~~~~~~~~~~~~~~
..\Menu.c:6:20: error: expected declaration specifiers or '...' before string constant
    6 |             printf("4- Modificar datos de empleado.\n");
      |                    ^~~~~~~~~~~~~~~~~~~~~~~~~~~~~~~~~~~
..\Menu.c:7:20: error: expected declaration specifiers or '...' before string constant
    7 |             printf("5- Baja de empleado.\n");
      |                    ^~~~~~~~~~~~~~~~~~~~~~~~
..\Menu.c:8:20: error: expected declaration specifiers or '...' before string constant
    8 |             printf("6- Listar empleados.\n");
      |                    ^~~~~~~~~~~~~~~~~~~~~~~~
..\Menu.c:9:20: error: expected declaration specifiers or '...' before string constant
    9 |             printf("7- Ordenar empleados.\n");
      |                    ^~~~~~~~~~~~~~~~~~~~~~~~~
..\Menu.c:10:20: error: expected declaration specifiers or '...' before string constant
   10 |             printf("8- Guardar los datos de los empleados en el archivo data.csv (modo texto).\n");
      |                    ^~~~~~~~~~~~~~~~~~~~~~~~~~~~~~~~~~~~~~~~~~~~~~~~~~~~~~~~~~~~~~~~~~~~~~~~~~~~~~
..\Menu.c:11:20: error: expected declaration specifiers or '...' before string constant
   11 |             printf("9- Guardar los datos de los empleados en el archivo data.bin (modo binario).\n");
      |                    ^~~~~~~~~~~~~~~~~~~~~~~~~~~~~~~~~~~~~~~~~~~~~~~~~~~~~~~~~~~~~~~~~~~~~~~~~~~~~~~~
..\Menu.c:12:20: error: expected declaration specifiers or '...' before string constant
   12 |             printf("10- Salir.\n");
      |                    ^~~~~~~~~~~~~~
15:35:15 **** Incremental Build of configuration Debug for project tp3_windows ****
Info: Internal Builder is used for build
gcc -O0 -g3 -Wall -c -fmessage-length=0 -o main.o "..\\main.c" 
..\main.c: In function 'main':
..\main.c:36:13: warning: implicit declaration of function 'Menu' [-Wimplicit-function-declaration]
   36 |             Menu();
      |             ^~~~
gcc -O0 -g3 -Wall -c -fmessage-length=0 -o Menu.o "..\\Menu.c" 
..\Menu.c:3:8: error: expected declaration specifiers or '...' before string constant
    3 | printf("MENU:\n");
      |        ^~~~~~~~~
..\Menu.c:4:20: error: expected declaration specifiers or '...' before string constant
    4 |             printf("1- Cargar los datos de los empleados desde el archivo data.csv (modo texto).\n");
      |                    ^~~~~~~~~~~~~~~~~~~~~~~~~~~~~~~~~~~~~~~~~~~~~~~~~~~~~~~~~~~~~~~~~~~~~~~~~~~~~~~~
..\Menu.c:5:20: error: expected declaration specifiers or '...' before string constant
    5 |             printf("2- Cargar los datos de los empleados desde el archivo data.bin (modo binario).\n");
      |                    ^~~~~~~~~~~~~~~~~~~~~~~~~~~~~~~~~~~~~~~~~~~~~~~~~~~~~~~~~~~~~~~~~~~~~~~~~~~~~~~~~~
..\Menu.c:6:20: error: expected declaration specifiers or '...' before string constant
    6 |             printf("3- Alta de empleado.\n");
      |                    ^~~~~~~~~~~~~~~~~~~~~~~~
..\Menu.c:7:20: error: expected declaration specifiers or '...' before string constant
    7 |             printf("4- Modificar datos de empleado.\n");
      |                    ^~~~~~~~~~~~~~~~~~~~~~~~~~~~~~~~~~~
..\Menu.c:8:20: error: expected declaration specifiers or '...' before string constant
    8 |             printf("5- Baja de empleado.\n");
      |                    ^~~~~~~~~~~~~~~~~~~~~~~~
..\Menu.c:9:20: error: expected declaration specifiers or '...' before string constant
    9 |             printf("6- Listar empleados.\n");
      |                    ^~~~~~~~~~~~~~~~~~~~~~~~
..\Menu.c:10:20: error: expected declaration specifiers or '...' before string constant
   10 |             printf("7- Ordenar empleados.\n");
      |                    ^~~~~~~~~~~~~~~~~~~~~~~~~
..\Menu.c:11:20: error: expected declaration specifiers or '...' before string constant
   11 |             printf("8- Guardar los datos de los empleados en el archivo data.csv (modo texto).\n");
      |                    ^~~~~~~~~~~~~~~~~~~~~~~~~~~~~~~~~~~~~~~~~~~~~~~~~~~~~~~~~~~~~~~~~~~~~~~~~~~~~~
..\Menu.c:12:20: error: expected declaration specifiers or '...' before string constant
   12 |             printf("9- Guardar los datos de los empleados en el archivo data.bin (modo binario).\n");
      |                    ^~~~~~~~~~~~~~~~~~~~~~~~~~~~~~~~~~~~~~~~~~~~~~~~~~~~~~~~~~~~~~~~~~~~~~~~~~~~~~~~
..\Menu.c:13:20: error: expected declaration specifiers or '...' before string constant
   13 |             printf("10- Salir.\n");
      |                    ^~~~~~~~~~~~~~
15:35:50 **** Incremental Build of configuration Debug for project tp3_windows ****
Info: Internal Builder is used for build
gcc -O0 -g3 -Wall -c -fmessage-length=0 -o Menu.o "..\\Menu.c" 
gcc "-LC:\\Users\\Yeller\\Desktop\\UTN\\eclipse_tp3_v3 SEGURO\\tp3_windows" -o tp3_windows.exe Controller.o Employee.o Input.o Menu.o main.o parser.o -lLinkedList 
c:/mingw/bin/../lib/gcc/mingw32/9.2.0/../../../../mingw32/bin/ld.exe: cannot open output file tp3_windows.exe: Permission denied
collect2.exe: error: ld returned 1 exit status
15:36:07 **** Incremental Build of configuration Debug for project tp3_windows ****
Info: Internal Builder is used for build
gcc -O0 -g3 -Wall -c -fmessage-length=0 -o main.o "..\\main.c" 
gcc -O0 -g3 -Wall -c -fmessage-length=0 -o Menu.o "..\\Menu.c" 
gcc "-LC:\\Users\\Yeller\\Desktop\\UTN\\eclipse_tp3_v3 SEGURO\\tp3_windows" -o tp3_windows.exe Controller.o Employee.o Input.o Menu.o main.o parser.o -lLinkedList 
c:/mingw/bin/../lib/gcc/mingw32/9.2.0/../../../../mingw32/bin/ld.exe: cannot open output file tp3_windows.exe: Permission denied
collect2.exe: error: ld returned 1 exit status
15:36:08 **** Incremental Build of configuration Debug for project tp3_windows ****
Info: Internal Builder is used for build
gcc "-LC:\\Users\\Yeller\\Desktop\\UTN\\eclipse_tp3_v3 SEGURO\\tp3_windows" -o tp3_windows.exe Controller.o Employee.o Input.o Menu.o main.o parser.o -lLinkedList 
Info: Nothing to build for tp3_windows
Info: Nothing to build for tp3_windows
Info: Nothing to build for tp3_windows
